Downloading https://www.cs.toronto.edu/~kriz/cifar-10-python.tar.gz to ./data/cifar-10-python.tar.gz
100%|██████████| 170M/170M [00:03<00:00, 45.6MB/s] 
Extracting ./data/cifar-10-python.tar.gz to ./data
Files already downloaded and verified
Num of train 50000
Num of test 10000

Epoch: 1
Training: 100%|██████████| 391/391 [00:25<00:00, 15.33it/s]
Testing: 100%|██████████| 79/79 [00:02<00:00, 37.07it/s]
Train Loss: 1.594 | Train Acc: 0.42
Test Loss: 1.240 | Test Acc: 0.56
Best Acc: 0.56

Epoch: 2
Training: 100%|██████████| 391/391 [00:24<00:00, 16.00it/s]
Testing: 100%|██████████| 79/79 [00:02<00:00, 39.41it/s]
Train Loss: 1.179 | Train Acc: 0.57
Test Loss: 1.064 | Test Acc: 0.61
Best Acc: 0.61

Epoch: 3
Training: 100%|██████████| 391/391 [00:25<00:00, 15.59it/s]
Testing: 100%|██████████| 79/79 [00:02<00:00, 37.71it/s]
Train Loss: 0.999 | Train Acc: 0.63
Test Loss: 0.824 | Test Acc: 0.71
Best Acc: 0.71

Epoch: 4
Training: 100%|██████████| 391/391 [00:24<00:00, 16.02it/s]
Testing: 100%|██████████| 79/79 [00:01<00:00, 39.76it/s]
Train Loss: 0.880 | Train Acc: 0.68
Test Loss: 0.802 | Test Acc: 0.72
Best Acc: 0.72

Epoch: 5
Training: 100%|██████████| 391/391 [00:24<00:00, 15.86it/s]
Testing: 100%|██████████| 79/79 [00:02<00:00, 37.17it/s]
Train Loss: 0.809 | Train Acc: 0.70
Test Loss: 0.866 | Test Acc: 0.71
Best Acc: 0.72

Epoch: 6
Training: 100%|██████████| 391/391 [00:24<00:00, 16.03it/s]
Testing: 100%|██████████| 79/79 [00:02<00:00, 36.94it/s]
Train Loss: 0.748 | Train Acc: 0.72
Test Loss: 0.804 | Test Acc: 0.72
Best Acc: 0.72

Epoch: 7
Training: 100%|██████████| 391/391 [00:24<00:00, 15.88it/s]
Testing: 100%|██████████| 79/79 [00:02<00:00, 39.20it/s]
Train Loss: 0.698 | Train Acc: 0.74
Test Loss: 0.709 | Test Acc: 0.77
Best Acc: 0.77

Epoch: 8
Training: 100%|██████████| 391/391 [00:24<00:00, 16.03it/s]
Testing: 100%|██████████| 79/79 [00:02<00:00, 34.82it/s]
Train Loss: 0.661 | Train Acc: 0.75
Test Loss: 0.661 | Test Acc: 0.78
Best Acc: 0.78

Epoch: 9
Training: 100%|██████████| 391/391 [00:24<00:00, 15.86it/s]
Testing: 100%|██████████| 79/79 [00:02<00:00, 35.70it/s]
Train Loss: 0.630 | Train Acc: 0.76
Test Loss: 0.701 | Test Acc: 0.76
Best Acc: 0.78

Epoch: 10
Training: 100%|██████████| 391/391 [00:24<00:00, 16.09it/s]
Testing: 100%|██████████| 79/79 [00:02<00:00, 37.54it/s]
Train Loss: 0.602 | Train Acc: 0.77
Test Loss: 0.677 | Test Acc: 0.78
Best Acc: 0.78

Epoch: 11
Training: 100%|██████████| 391/391 [00:24<00:00, 15.85it/s]
Testing: 100%|██████████| 79/79 [00:01<00:00, 40.05it/s]
Train Loss: 0.577 | Train Acc: 0.78
Test Loss: 0.648 | Test Acc: 0.77
Best Acc: 0.78

Epoch: 12
Training: 100%|██████████| 391/391 [00:24<00:00, 16.06it/s]
Testing: 100%|██████████| 79/79 [00:02<00:00, 37.51it/s]
Train Loss: 0.551 | Train Acc: 0.79
Test Loss: 0.558 | Test Acc: 0.83
Best Acc: 0.83

Epoch: 13
Training: 100%|██████████| 391/391 [00:24<00:00, 15.82it/s]
Testing: 100%|██████████| 79/79 [00:01<00:00, 42.73it/s]
Train Loss: 0.527 | Train Acc: 0.80
Test Loss: 0.602 | Test Acc: 0.81
Best Acc: 0.83

Epoch: 14
Training: 100%|██████████| 391/391 [00:24<00:00, 16.07it/s]
Testing: 100%|██████████| 79/79 [00:01<00:00, 41.55it/s]
Train Loss: 0.511 | Train Acc: 0.80
Test Loss: 0.514 | Test Acc: 0.85
Best Acc: 0.85

Epoch: 15
Training: 100%|██████████| 391/391 [00:24<00:00, 16.07it/s]
Testing: 100%|██████████| 79/79 [00:02<00:00, 35.69it/s]
Train Loss: 0.486 | Train Acc: 0.81
Test Loss: 0.538 | Test Acc: 0.83
Best Acc: 0.85

Epoch: 16
Training: 100%|██████████| 391/391 [00:24<00:00, 16.01it/s]
Testing: 100%|██████████| 79/79 [00:02<00:00, 38.99it/s]
Train Loss: 0.470 | Train Acc: 0.82
Test Loss: 0.539 | Test Acc: 0.84
Best Acc: 0.85

Epoch: 17
Training: 100%|██████████| 391/391 [00:24<00:00, 16.02it/s]
Testing: 100%|██████████| 79/79 [00:01<00:00, 40.97it/s]
Train Loss: 0.457 | Train Acc: 0.82
Test Loss: 0.508 | Test Acc: 0.84
Best Acc: 0.85

Epoch: 18
Training: 100%|██████████| 391/391 [00:24<00:00, 15.74it/s]
Testing: 100%|██████████| 79/79 [00:02<00:00, 36.24it/s]
Train Loss: 0.440 | Train Acc: 0.83
Test Loss: 0.521 | Test Acc: 0.84
Best Acc: 0.85

Epoch: 19
Training: 100%|██████████| 391/391 [00:24<00:00, 15.94it/s]
Testing: 100%|██████████| 79/79 [00:01<00:00, 41.11it/s]
Train Loss: 0.429 | Train Acc: 0.83
Test Loss: 0.516 | Test Acc: 0.84
Best Acc: 0.85

Epoch: 20
Training: 100%|██████████| 391/391 [00:24<00:00, 15.81it/s]
Testing: 100%|██████████| 79/79 [00:02<00:00, 36.18it/s]
Train Loss: 0.413 | Train Acc: 0.84
Test Loss: 0.497 | Test Acc: 0.85
Best Acc: 0.85

Epoch: 21
Training: 100%|██████████| 391/391 [00:24<00:00, 15.96it/s]
Testing: 100%|██████████| 79/79 [00:01<00:00, 41.66it/s]
Train Loss: 0.404 | Train Acc: 0.84
Test Loss: 0.519 | Test Acc: 0.85
Best Acc: 0.85

Epoch: 22
Training: 100%|██████████| 391/391 [00:24<00:00, 15.81it/s]
Testing: 100%|██████████| 79/79 [00:01<00:00, 40.51it/s]
Train Loss: 0.387 | Train Acc: 0.85
Test Loss: 0.502 | Test Acc: 0.85
Best Acc: 0.85

Epoch: 23
Training: 100%|██████████| 391/391 [00:24<00:00, 15.97it/s]
Testing: 100%|██████████| 79/79 [00:02<00:00, 36.60it/s]
Train Loss: 0.373 | Train Acc: 0.85
Test Loss: 0.526 | Test Acc: 0.84
Best Acc: 0.85

Epoch: 24
Training: 100%|██████████| 391/391 [00:24<00:00, 15.80it/s]
Testing: 100%|██████████| 79/79 [00:02<00:00, 34.97it/s]
Train Loss: 0.366 | Train Acc: 0.86
Test Loss: 0.545 | Test Acc: 0.82
Best Acc: 0.85

Epoch: 25
Training: 100%|██████████| 391/391 [00:24<00:00, 15.96it/s]
Testing: 100%|██████████| 79/79 [00:02<00:00, 37.05it/s]
Train Loss: 0.352 | Train Acc: 0.86
Test Loss: 0.527 | Test Acc: 0.84
Best Acc: 0.85

Epoch: 26
Training: 100%|██████████| 391/391 [00:24<00:00, 15.80it/s]
Testing: 100%|██████████| 79/79 [00:02<00:00, 36.42it/s]
Train Loss: 0.340 | Train Acc: 0.86
Test Loss: 0.494 | Test Acc: 0.85
Best Acc: 0.85

Epoch: 27
Training: 100%|██████████| 391/391 [00:24<00:00, 15.96it/s]
Testing: 100%|██████████| 79/79 [00:02<00:00, 38.90it/s]
Train Loss: 0.325 | Train Acc: 0.87
Test Loss: 0.524 | Test Acc: 0.83
Best Acc: 0.85

Epoch: 28
Training: 100%|██████████| 391/391 [00:24<00:00, 15.80it/s]
Testing: 100%|██████████| 79/79 [00:02<00:00, 34.56it/s]
Train Loss: 0.317 | Train Acc: 0.87
Test Loss: 0.487 | Test Acc: 0.86
Best Acc: 0.86

Epoch: 29
Training: 100%|██████████| 391/391 [00:24<00:00, 15.98it/s]
Testing: 100%|██████████| 79/79 [00:01<00:00, 41.37it/s]
Train Loss: 0.303 | Train Acc: 0.88
Test Loss: 0.489 | Test Acc: 0.86
Best Acc: 0.86

Epoch: 30
Training: 100%|██████████| 391/391 [00:24<00:00, 15.85it/s]
Testing: 100%|██████████| 79/79 [00:02<00:00, 35.28it/s]
Train Loss: 0.294 | Train Acc: 0.88
Test Loss: 0.517 | Test Acc: 0.83
Best Acc: 0.86

Epoch: 31
Training: 100%|██████████| 391/391 [00:24<00:00, 15.97it/s]
Testing: 100%|██████████| 79/79 [00:02<00:00, 36.56it/s]
Train Loss: 0.281 | Train Acc: 0.89
Test Loss: 0.490 | Test Acc: 0.86
Best Acc: 0.86

Epoch: 32
Training: 100%|██████████| 391/391 [00:24<00:00, 16.02it/s]
Testing: 100%|██████████| 79/79 [00:02<00:00, 34.35it/s]
Train Loss: 0.274 | Train Acc: 0.89
Test Loss: 0.495 | Test Acc: 0.85
Best Acc: 0.86

Epoch: 33
Training: 100%|██████████| 391/391 [00:24<00:00, 15.99it/s]
Testing: 100%|██████████| 79/79 [00:02<00:00, 38.12it/s]
Train Loss: 0.265 | Train Acc: 0.89
Test Loss: 0.550 | Test Acc: 0.83
Best Acc: 0.86

Epoch: 34
Training: 100%|██████████| 391/391 [00:24<00:00, 15.96it/s]
Testing: 100%|██████████| 79/79 [00:02<00:00, 36.06it/s]
Train Loss: 0.254 | Train Acc: 0.90
Test Loss: 0.505 | Test Acc: 0.86
Best Acc: 0.86

Epoch: 35
Training: 100%|██████████| 391/391 [00:24<00:00, 15.85it/s]
Testing: 100%|██████████| 79/79 [00:01<00:00, 40.70it/s]
Train Loss: 0.247 | Train Acc: 0.90
Test Loss: 0.513 | Test Acc: 0.85
Best Acc: 0.86

Epoch: 36
Training: 100%|██████████| 391/391 [00:24<00:00, 15.99it/s]
Testing: 100%|██████████| 79/79 [00:02<00:00, 38.83it/s]
Train Loss: 0.238 | Train Acc: 0.90
Test Loss: 0.496 | Test Acc: 0.86
Best Acc: 0.86

Epoch: 37
Training: 100%|██████████| 391/391 [00:24<00:00, 15.88it/s]
Testing: 100%|██████████| 79/79 [00:02<00:00, 37.15it/s]
Train Loss: 0.232 | Train Acc: 0.91
Test Loss: 0.499 | Test Acc: 0.86
Best Acc: 0.86

Epoch: 38
Training: 100%|██████████| 391/391 [00:24<00:00, 16.01it/s]
Testing: 100%|██████████| 79/79 [00:01<00:00, 39.82it/s]
Train Loss: 0.223 | Train Acc: 0.91
Test Loss: 0.512 | Test Acc: 0.85
Best Acc: 0.86

Epoch: 39
Training: 100%|██████████| 391/391 [00:24<00:00, 15.79it/s]
Testing: 100%|██████████| 79/79 [00:02<00:00, 37.30it/s]
Train Loss: 0.219 | Train Acc: 0.91
Test Loss: 0.488 | Test Acc: 0.86
Best Acc: 0.86

Epoch: 40
Training: 100%|██████████| 391/391 [00:24<00:00, 15.93it/s]
Testing: 100%|██████████| 79/79 [00:02<00:00, 35.60it/s]
Train Loss: 0.209 | Train Acc: 0.92
Test Loss: 0.514 | Test Acc: 0.85
Best Acc: 0.86

Epoch: 41
Training: 100%|██████████| 391/391 [00:24<00:00, 15.74it/s]
Testing: 100%|██████████| 79/79 [00:02<00:00, 37.71it/s]
Train Loss: 0.206 | Train Acc: 0.92
Test Loss: 0.502 | Test Acc: 0.86
Best Acc: 0.86

Epoch: 42
Training: 100%|██████████| 391/391 [00:24<00:00, 15.92it/s]
Testing: 100%|██████████| 79/79 [00:02<00:00, 38.07it/s]
Train Loss: 0.200 | Train Acc: 0.92
Test Loss: 0.521 | Test Acc: 0.85
Best Acc: 0.86

Epoch: 43
Training: 100%|██████████| 391/391 [00:24<00:00, 15.76it/s]
Testing: 100%|██████████| 79/79 [00:02<00:00, 34.35it/s]
Train Loss: 0.192 | Train Acc: 0.92
Test Loss: 0.515 | Test Acc: 0.86
Best Acc: 0.86

Epoch: 44
Training: 100%|██████████| 391/391 [00:24<00:00, 15.85it/s]
Testing: 100%|██████████| 79/79 [00:02<00:00, 37.14it/s]
Train Loss: 0.191 | Train Acc: 0.92
Test Loss: 0.516 | Test Acc: 0.85
Best Acc: 0.86

Epoch: 45
Training: 100%|██████████| 391/391 [00:24<00:00, 15.74it/s]
Testing: 100%|██████████| 79/79 [00:02<00:00, 37.83it/s]
Train Loss: 0.189 | Train Acc: 0.93
Test Loss: 0.520 | Test Acc: 0.85
Best Acc: 0.86

Epoch: 46
Training: 100%|██████████| 391/391 [00:24<00:00, 15.93it/s]
Testing: 100%|██████████| 79/79 [00:02<00:00, 35.01it/s]
Train Loss: 0.187 | Train Acc: 0.93
Test Loss: 0.512 | Test Acc: 0.85
Best Acc: 0.86

Epoch: 47
Training: 100%|██████████| 391/391 [00:24<00:00, 15.73it/s]
Testing: 100%|██████████| 79/79 [00:02<00:00, 36.90it/s]
Train Loss: 0.183 | Train Acc: 0.93
Test Loss: 0.523 | Test Acc: 0.85
Best Acc: 0.86

Epoch: 48
Training: 100%|██████████| 391/391 [00:24<00:00, 15.99it/s]
Testing: 100%|██████████| 79/79 [00:02<00:00, 39.26it/s]
Train Loss: 0.182 | Train Acc: 0.93
Test Loss: 0.517 | Test Acc: 0.85
Best Acc: 0.86

Epoch: 49
Training: 100%|██████████| 391/391 [00:24<00:00, 15.94it/s]
Testing: 100%|██████████| 79/79 [00:02<00:00, 33.52it/s]
Train Loss: 0.181 | Train Acc: 0.93
Test Loss: 0.522 | Test Acc: 0.85
Best Acc: 0.86

Epoch: 50
Training: 100%|██████████| 391/391 [00:24<00:00, 15.91it/s]
Testing: 100%|██████████| 79/79 [00:02<00:00, 37.70it/s]
Train Loss: 0.182 | Train Acc: 0.93
Test Loss: 0.517 | Test Acc: 0.85
Best Acc: 0.86
