100%|██████████| 170M/170M [00:12<00:00, 13.4MB/s] 
Num of train 50000
Num of test 10000

Epoch: 1
Training: 100%|██████████| 391/391 [00:42<00:00,  9.16it/s]
Testing: 100%|██████████| 79/79 [00:03<00:00, 23.07it/s]
Train Loss: 7.204 | Train Acc: 0.23
Test Loss: 7.285 | Test Acc: 0.22
Best Acc: 0.22

Epoch: 2
Training: 100%|██████████| 391/391 [00:42<00:00,  9.23it/s]
Testing: 100%|██████████| 79/79 [00:03<00:00, 25.98it/s]
Train Loss: 6.459 | Train Acc: 0.31
Test Loss: 6.757 | Test Acc: 0.27
Best Acc: 0.27

Epoch: 3
Training: 100%|██████████| 391/391 [00:42<00:00,  9.20it/s]
Testing: 100%|██████████| 79/79 [00:04<00:00, 18.07it/s]
Train Loss: 6.112 | Train Acc: 0.34
Test Loss: 6.607 | Test Acc: 0.29
Best Acc: 0.29

Epoch: 4
Training: 100%|██████████| 391/391 [00:42<00:00,  9.30it/s]
Testing: 100%|██████████| 79/79 [00:03<00:00, 24.79it/s]
Train Loss: 5.731 | Train Acc: 0.38
Test Loss: 6.106 | Test Acc: 0.34
Best Acc: 0.34

Epoch: 5
Training: 100%|██████████| 391/391 [00:42<00:00,  9.28it/s]
Testing: 100%|██████████| 79/79 [00:03<00:00, 24.66it/s]
Train Loss: 5.424 | Train Acc: 0.42
Test Loss: 5.764 | Test Acc: 0.38
Best Acc: 0.38

Epoch: 6
Training: 100%|██████████| 391/391 [00:42<00:00,  9.30it/s]
Testing: 100%|██████████| 79/79 [00:04<00:00, 18.50it/s]
Train Loss: 5.280 | Train Acc: 0.43
Test Loss: 5.733 | Test Acc: 0.38
Best Acc: 0.38

Epoch: 7
Training: 100%|██████████| 391/391 [00:42<00:00,  9.26it/s]
Testing: 100%|██████████| 79/79 [00:03<00:00, 25.18it/s]
Train Loss: 5.119 | Train Acc: 0.45
Test Loss: 5.813 | Test Acc: 0.37
Best Acc: 0.38

Epoch: 8
Training: 100%|██████████| 391/391 [00:42<00:00,  9.31it/s]
Testing: 100%|██████████| 79/79 [00:03<00:00, 25.20it/s]
Train Loss: 4.974 | Train Acc: 0.46
Test Loss: 5.799 | Test Acc: 0.38
Best Acc: 0.38

Epoch: 9
Training: 100%|██████████| 391/391 [00:42<00:00,  9.27it/s]
Testing: 100%|██████████| 79/79 [00:04<00:00, 19.17it/s]
Train Loss: 4.852 | Train Acc: 0.48
Test Loss: 5.366 | Test Acc: 0.42
Best Acc: 0.42

Epoch: 10
Training: 100%|██████████| 391/391 [00:42<00:00,  9.29it/s]
Testing: 100%|██████████| 79/79 [00:03<00:00, 25.28it/s]
Train Loss: 4.747 | Train Acc: 0.49
Test Loss: 5.337 | Test Acc: 0.43
Best Acc: 0.43

Epoch: 11
Training: 100%|██████████| 391/391 [00:42<00:00,  9.20it/s]
Testing: 100%|██████████| 79/79 [00:03<00:00, 25.05it/s]
Train Loss: 4.639 | Train Acc: 0.50
Test Loss: 5.328 | Test Acc: 0.43
Best Acc: 0.43

Epoch: 12
Training: 100%|██████████| 391/391 [00:42<00:00,  9.31it/s]
Testing: 100%|██████████| 79/79 [00:03<00:00, 20.63it/s]
Train Loss: 4.531 | Train Acc: 0.51
Test Loss: 5.253 | Test Acc: 0.43
Best Acc: 0.43

Epoch: 13
Training: 100%|██████████| 391/391 [00:42<00:00,  9.21it/s]
Testing: 100%|██████████| 79/79 [00:03<00:00, 25.26it/s]
Train Loss: 4.425 | Train Acc: 0.52
Test Loss: 5.193 | Test Acc: 0.44
Best Acc: 0.44

Epoch: 14
Training: 100%|██████████| 391/391 [00:41<00:00,  9.31it/s]
Testing: 100%|██████████| 79/79 [00:03<00:00, 24.91it/s]
Train Loss: 4.355 | Train Acc: 0.53
Test Loss: 5.167 | Test Acc: 0.44
Best Acc: 0.44

Epoch: 15
Training: 100%|██████████| 391/391 [00:41<00:00,  9.31it/s]
Testing: 100%|██████████| 79/79 [00:03<00:00, 20.17it/s]
Train Loss: 4.305 | Train Acc: 0.54
Test Loss: 5.058 | Test Acc: 0.45
Best Acc: 0.45

Epoch: 16
Training: 100%|██████████| 391/391 [00:42<00:00,  9.29it/s]
Testing: 100%|██████████| 79/79 [00:03<00:00, 21.59it/s]
Train Loss: 4.232 | Train Acc: 0.54
Test Loss: 5.028 | Test Acc: 0.46
Best Acc: 0.46

Epoch: 17
Training: 100%|██████████| 391/391 [00:42<00:00,  9.30it/s]
Testing: 100%|██████████| 79/79 [00:03<00:00, 25.56it/s]
Train Loss: 4.169 | Train Acc: 0.55
Test Loss: 4.961 | Test Acc: 0.47
Best Acc: 0.47

Epoch: 18
Training: 100%|██████████| 391/391 [00:42<00:00,  9.25it/s]
Testing: 100%|██████████| 79/79 [00:03<00:00, 24.29it/s]
Train Loss: 4.127 | Train Acc: 0.56
Test Loss: 4.917 | Test Acc: 0.47
Best Acc: 0.47

Epoch: 19
Training: 100%|██████████| 391/391 [00:42<00:00,  9.28it/s]
Testing: 100%|██████████| 79/79 [00:03<00:00, 20.25it/s]
Train Loss: 4.081 | Train Acc: 0.56
Test Loss: 5.028 | Test Acc: 0.46
Best Acc: 0.47

Epoch: 20
Training: 100%|██████████| 391/391 [00:42<00:00,  9.24it/s]
Testing: 100%|██████████| 79/79 [00:03<00:00, 25.03it/s]
Train Loss: 4.030 | Train Acc: 0.57
Test Loss: 4.941 | Test Acc: 0.46
Best Acc: 0.47

Epoch: 21
Training: 100%|██████████| 391/391 [00:42<00:00,  9.28it/s]
Testing: 100%|██████████| 79/79 [00:03<00:00, 25.17it/s]
Train Loss: 3.992 | Train Acc: 0.57
Test Loss: 4.703 | Test Acc: 0.49
Best Acc: 0.49

Epoch: 22
Training: 100%|██████████| 391/391 [00:42<00:00,  9.22it/s]
Testing: 100%|██████████| 79/79 [00:04<00:00, 18.06it/s]
Train Loss: 3.947 | Train Acc: 0.57
Test Loss: 4.849 | Test Acc: 0.48
Best Acc: 0.49

Epoch: 23
Training: 100%|██████████| 391/391 [00:42<00:00,  9.29it/s]
Testing: 100%|██████████| 79/79 [00:03<00:00, 25.45it/s]
Train Loss: 3.898 | Train Acc: 0.58
Test Loss: 4.721 | Test Acc: 0.49
Best Acc: 0.49

Epoch: 24
Training: 100%|██████████| 391/391 [00:42<00:00,  9.17it/s]
Testing: 100%|██████████| 79/79 [00:03<00:00, 25.12it/s]
Train Loss: 3.837 | Train Acc: 0.59
Test Loss: 4.674 | Test Acc: 0.49
Best Acc: 0.49

Epoch: 25
Training: 100%|██████████| 391/391 [00:42<00:00,  9.30it/s]
Testing: 100%|██████████| 79/79 [00:04<00:00, 18.61it/s]
Train Loss: 3.819 | Train Acc: 0.59
Test Loss: 4.653 | Test Acc: 0.50
Best Acc: 0.50

Epoch: 26
Training: 100%|██████████| 391/391 [00:42<00:00,  9.16it/s]
Testing: 100%|██████████| 79/79 [00:03<00:00, 25.16it/s]
Train Loss: 3.768 | Train Acc: 0.59
Test Loss: 4.642 | Test Acc: 0.50
Best Acc: 0.50

Epoch: 27
Training: 100%|██████████| 391/391 [00:41<00:00,  9.32it/s]
Testing: 100%|██████████| 79/79 [00:03<00:00, 25.25it/s]
Train Loss: 3.728 | Train Acc: 0.60
Test Loss: 4.639 | Test Acc: 0.50
Best Acc: 0.50

Epoch: 28
Training: 100%|██████████| 391/391 [00:42<00:00,  9.25it/s]
Testing: 100%|██████████| 79/79 [00:04<00:00, 18.45it/s]
Train Loss: 3.690 | Train Acc: 0.60
Test Loss: 4.659 | Test Acc: 0.50
Best Acc: 0.50

Epoch: 29
Training: 100%|██████████| 391/391 [00:42<00:00,  9.27it/s]
Testing: 100%|██████████| 79/79 [00:03<00:00, 25.32it/s]
Train Loss: 3.681 | Train Acc: 0.60
Test Loss: 4.567 | Test Acc: 0.51
Best Acc: 0.51

Epoch: 30
Training: 100%|██████████| 391/391 [00:42<00:00,  9.24it/s]
Testing: 100%|██████████| 79/79 [00:03<00:00, 25.00it/s]
Train Loss: 3.627 | Train Acc: 0.61
Test Loss: 4.504 | Test Acc: 0.51
Best Acc: 0.51

Epoch: 31
Training: 100%|██████████| 391/391 [00:42<00:00,  9.30it/s]
Testing: 100%|██████████| 79/79 [00:04<00:00, 19.01it/s]
Train Loss: 3.579 | Train Acc: 0.61
Test Loss: 4.456 | Test Acc: 0.52
Best Acc: 0.52

Epoch: 32
Training: 100%|██████████| 391/391 [00:42<00:00,  9.28it/s]
Testing: 100%|██████████| 79/79 [00:03<00:00, 23.58it/s]
Train Loss: 3.545 | Train Acc: 0.62
Test Loss: 4.410 | Test Acc: 0.52
Best Acc: 0.52

Epoch: 33
Training: 100%|██████████| 391/391 [00:42<00:00,  9.31it/s]
Testing: 100%|██████████| 79/79 [00:03<00:00, 25.58it/s]
Train Loss: 3.520 | Train Acc: 0.62
Test Loss: 4.368 | Test Acc: 0.53
Best Acc: 0.53

Epoch: 34
Training: 100%|██████████| 391/391 [00:42<00:00,  9.30it/s]
Testing: 100%|██████████| 79/79 [00:04<00:00, 18.35it/s]
Train Loss: 3.489 | Train Acc: 0.62
Test Loss: 4.242 | Test Acc: 0.54
Best Acc: 0.54

Epoch: 35
Training: 100%|██████████| 391/391 [00:42<00:00,  9.25it/s]
Testing: 100%|██████████| 79/79 [00:03<00:00, 25.36it/s]
Train Loss: 3.432 | Train Acc: 0.63
Test Loss: 4.258 | Test Acc: 0.54
Best Acc: 0.54

Epoch: 36
Training: 100%|██████████| 391/391 [00:42<00:00,  9.24it/s]
Testing: 100%|██████████| 79/79 [00:03<00:00, 25.77it/s]
Train Loss: 3.408 | Train Acc: 0.63
Test Loss: 4.173 | Test Acc: 0.55
Best Acc: 0.55

Epoch: 37
Training: 100%|██████████| 391/391 [00:42<00:00,  9.25it/s]
Testing: 100%|██████████| 79/79 [00:04<00:00, 17.79it/s]
Train Loss: 3.375 | Train Acc: 0.64
Test Loss: 4.142 | Test Acc: 0.55
Best Acc: 0.55

Epoch: 38
Training: 100%|██████████| 391/391 [00:42<00:00,  9.30it/s]
Testing: 100%|██████████| 79/79 [00:03<00:00, 24.91it/s]
Train Loss: 3.371 | Train Acc: 0.64
Test Loss: 4.160 | Test Acc: 0.55
Best Acc: 0.55

Epoch: 39
Training: 100%|██████████| 391/391 [00:42<00:00,  9.22it/s]
Testing: 100%|██████████| 79/79 [00:03<00:00, 25.14it/s]
Train Loss: 3.343 | Train Acc: 0.64
Test Loss: 4.122 | Test Acc: 0.55
Best Acc: 0.55

Epoch: 40
Training: 100%|██████████| 391/391 [00:42<00:00,  9.30it/s]
Testing: 100%|██████████| 79/79 [00:04<00:00, 18.82it/s]
Train Loss: 3.315 | Train Acc: 0.64
Test Loss: 4.030 | Test Acc: 0.56
Best Acc: 0.56

Epoch: 41
Training: 100%|██████████| 391/391 [00:42<00:00,  9.18it/s]
Testing: 100%|██████████| 79/79 [00:03<00:00, 25.12it/s]
Train Loss: 3.296 | Train Acc: 0.64
Test Loss: 4.061 | Test Acc: 0.56
Best Acc: 0.56

Epoch: 42
Training: 100%|██████████| 391/391 [00:42<00:00,  9.30it/s]
Testing: 100%|██████████| 79/79 [00:03<00:00, 25.67it/s]
Train Loss: 3.266 | Train Acc: 0.65
Test Loss: 3.889 | Test Acc: 0.58
Best Acc: 0.58

Epoch: 43
Training: 100%|██████████| 391/391 [00:42<00:00,  9.25it/s]
Testing: 100%|██████████| 79/79 [00:04<00:00, 18.62it/s]
Train Loss: 3.236 | Train Acc: 0.65
Test Loss: 3.856 | Test Acc: 0.58
Best Acc: 0.58

Epoch: 44
Training: 100%|██████████| 391/391 [00:42<00:00,  9.28it/s]
Testing: 100%|██████████| 79/79 [00:03<00:00, 25.15it/s]
Train Loss: 3.224 | Train Acc: 0.65
Test Loss: 3.860 | Test Acc: 0.58
Best Acc: 0.58

Epoch: 45
Training: 100%|██████████| 391/391 [00:42<00:00,  9.22it/s]
Testing: 100%|██████████| 79/79 [00:03<00:00, 25.26it/s]
Train Loss: 3.195 | Train Acc: 0.66
Test Loss: 3.781 | Test Acc: 0.59
Best Acc: 0.59

Epoch: 46
Training: 100%|██████████| 391/391 [00:42<00:00,  9.31it/s]
Testing: 100%|██████████| 79/79 [00:04<00:00, 19.71it/s]
Train Loss: 3.198 | Train Acc: 0.66
Test Loss: 3.773 | Test Acc: 0.59
Best Acc: 0.59

Epoch: 47
Training: 100%|██████████| 391/391 [00:42<00:00,  9.16it/s]
Testing: 100%|██████████| 79/79 [00:03<00:00, 25.17it/s]
Train Loss: 3.201 | Train Acc: 0.66
Test Loss: 3.732 | Test Acc: 0.60
Best Acc: 0.60

Epoch: 48
Training: 100%|██████████| 391/391 [00:42<00:00,  9.31it/s]
Testing: 100%|██████████| 79/79 [00:03<00:00, 25.53it/s]
Train Loss: 3.191 | Train Acc: 0.66
Test Loss: 3.718 | Test Acc: 0.60
Best Acc: 0.60

Epoch: 49
Training: 100%|██████████| 391/391 [00:42<00:00,  9.29it/s]
Testing: 100%|██████████| 79/79 [00:04<00:00, 18.13it/s]
Train Loss: 3.174 | Train Acc: 0.66
Test Loss: 3.734 | Test Acc: 0.60
Best Acc: 0.60

Epoch: 50
Training: 100%|██████████| 391/391 [00:42<00:00,  9.29it/s]
Testing: 100%|██████████| 79/79 [00:03<00:00, 25.52it/s]
Train Loss: 3.170 | Train Acc: 0.66
Test Loss: 3.715 | Test Acc: 0.60
Best Acc: 0.60
