Downloading https://www.cs.toronto.edu/~kriz/cifar-10-python.tar.gz to ./data/cifar-10-python.tar.gz
100%|██████████| 170M/170M [00:06<00:00, 28.0MB/s] 
Extracting ./data/cifar-10-python.tar.gz to ./data
Files already downloaded and verified
Num of train 50000
Num of test 10000

Epoch: 1
Training: 100%|██████████| 391/391 [00:25<00:00, 15.45it/s]
Testing: 100%|██████████| 79/79 [00:02<00:00, 39.07it/s]
Train Loss: 0.063 | Train Acc: 0.24
Test Loss: 0.044 | Test Acc: 0.32
Best Acc: 0.32

Epoch: 2
Training: 100%|██████████| 391/391 [00:24<00:00, 16.22it/s]
Testing: 100%|██████████| 79/79 [00:01<00:00, 42.51it/s]
Train Loss: 0.041 | Train Acc: 0.32
Test Loss: 0.034 | Test Acc: 0.36
Best Acc: 0.36

Epoch: 3
Training: 100%|██████████| 391/391 [00:24<00:00, 15.81it/s]
Testing: 100%|██████████| 79/79 [00:01<00:00, 40.13it/s]
Train Loss: 0.034 | Train Acc: 0.35
Test Loss: 0.030 | Test Acc: 0.37
Best Acc: 0.37

Epoch: 4
Training: 100%|██████████| 391/391 [00:24<00:00, 16.21it/s]
Testing: 100%|██████████| 79/79 [00:01<00:00, 42.56it/s]
Train Loss: 0.030 | Train Acc: 0.37
Test Loss: 0.027 | Test Acc: 0.38
Best Acc: 0.38

Epoch: 5
Training: 100%|██████████| 391/391 [00:24<00:00, 16.07it/s]
Testing: 100%|██████████| 79/79 [00:01<00:00, 42.45it/s]
Train Loss: 0.027 | Train Acc: 0.38
Test Loss: 0.025 | Test Acc: 0.40
Best Acc: 0.40

Epoch: 6
Training: 100%|██████████| 391/391 [00:24<00:00, 16.19it/s]
Testing: 100%|██████████| 79/79 [00:01<00:00, 40.45it/s]
Train Loss: 0.026 | Train Acc: 0.39
Test Loss: 0.027 | Test Acc: 0.38
Best Acc: 0.40

Epoch: 7
Training: 100%|██████████| 391/391 [00:24<00:00, 16.04it/s]
Testing: 100%|██████████| 79/79 [00:01<00:00, 40.44it/s]
Train Loss: 0.024 | Train Acc: 0.40
Test Loss: 0.022 | Test Acc: 0.41
Best Acc: 0.41

Epoch: 8
Training: 100%|██████████| 391/391 [00:24<00:00, 16.19it/s]
Testing: 100%|██████████| 79/79 [00:02<00:00, 38.80it/s]
Train Loss: 0.023 | Train Acc: 0.41
Test Loss: 0.022 | Test Acc: 0.42
Best Acc: 0.42

Epoch: 9
Training: 100%|██████████| 391/391 [00:24<00:00, 16.07it/s]
Testing: 100%|██████████| 79/79 [00:01<00:00, 40.15it/s]
Train Loss: 0.022 | Train Acc: 0.41
Test Loss: 0.021 | Test Acc: 0.41
Best Acc: 0.42

Epoch: 10
Training: 100%|██████████| 391/391 [00:24<00:00, 16.21it/s]
Testing: 100%|██████████| 79/79 [00:01<00:00, 41.21it/s]
Train Loss: 0.021 | Train Acc: 0.41
Test Loss: 0.020 | Test Acc: 0.42
Best Acc: 0.42

Epoch: 11
Training: 100%|██████████| 391/391 [00:24<00:00, 16.04it/s]
Testing: 100%|██████████| 79/79 [00:01<00:00, 42.97it/s]
Train Loss: 0.020 | Train Acc: 0.42
Test Loss: 0.020 | Test Acc: 0.43
Best Acc: 0.43

Epoch: 12
Training: 100%|██████████| 391/391 [00:24<00:00, 16.22it/s]
Testing: 100%|██████████| 79/79 [00:01<00:00, 42.63it/s]
Train Loss: 0.019 | Train Acc: 0.43
Test Loss: 0.019 | Test Acc: 0.43
Best Acc: 0.43

Epoch: 13
Training: 100%|██████████| 391/391 [00:24<00:00, 16.04it/s]
Testing: 100%|██████████| 79/79 [00:01<00:00, 40.37it/s]
Train Loss: 0.019 | Train Acc: 0.43
Test Loss: 0.018 | Test Acc: 0.44
Best Acc: 0.44

Epoch: 14
Training: 100%|██████████| 391/391 [00:24<00:00, 16.21it/s]
Testing: 100%|██████████| 79/79 [00:01<00:00, 43.37it/s]
Train Loss: 0.018 | Train Acc: 0.43
Test Loss: 0.017 | Test Acc: 0.44
Best Acc: 0.44

Epoch: 15
Training: 100%|██████████| 391/391 [00:24<00:00, 16.23it/s]
Testing: 100%|██████████| 79/79 [00:02<00:00, 38.22it/s]
Train Loss: 0.018 | Train Acc: 0.43
Test Loss: 0.017 | Test Acc: 0.45
Best Acc: 0.45

Epoch: 16
Training: 100%|██████████| 391/391 [00:24<00:00, 16.17it/s]
Testing: 100%|██████████| 79/79 [00:01<00:00, 41.50it/s]
Train Loss: 0.017 | Train Acc: 0.44
Test Loss: 0.017 | Test Acc: 0.45
Best Acc: 0.45

Epoch: 17
Training: 100%|██████████| 391/391 [00:24<00:00, 16.21it/s]
Testing: 100%|██████████| 79/79 [00:02<00:00, 38.99it/s]
Train Loss: 0.017 | Train Acc: 0.44
Test Loss: 0.016 | Test Acc: 0.45
Best Acc: 0.45

Epoch: 18
Training: 100%|██████████| 391/391 [00:24<00:00, 16.02it/s]
Testing: 100%|██████████| 79/79 [00:02<00:00, 39.50it/s]
Train Loss: 0.017 | Train Acc: 0.45
Test Loss: 0.016 | Test Acc: 0.45
Best Acc: 0.45

Epoch: 19
Training: 100%|██████████| 391/391 [00:24<00:00, 16.22it/s]
Testing: 100%|██████████| 79/79 [00:01<00:00, 42.30it/s]
Train Loss: 0.016 | Train Acc: 0.45
Test Loss: 0.016 | Test Acc: 0.45
Best Acc: 0.45

Epoch: 20
Training: 100%|██████████| 391/391 [00:24<00:00, 16.04it/s]
Testing: 100%|██████████| 79/79 [00:01<00:00, 40.00it/s]
Train Loss: 0.016 | Train Acc: 0.45
Test Loss: 0.015 | Test Acc: 0.46
Best Acc: 0.46

Epoch: 21
Training: 100%|██████████| 391/391 [00:24<00:00, 16.18it/s]
Testing: 100%|██████████| 79/79 [00:01<00:00, 42.60it/s]
Train Loss: 0.016 | Train Acc: 0.45
Test Loss: 0.015 | Test Acc: 0.47
Best Acc: 0.47

Epoch: 22
Training: 100%|██████████| 391/391 [00:24<00:00, 16.09it/s]
Testing: 100%|██████████| 79/79 [00:01<00:00, 39.53it/s]
Train Loss: 0.015 | Train Acc: 0.46
Test Loss: 0.015 | Test Acc: 0.46
Best Acc: 0.47

Epoch: 23
Training: 100%|██████████| 391/391 [00:24<00:00, 16.23it/s]
Testing: 100%|██████████| 79/79 [00:01<00:00, 40.25it/s]
Train Loss: 0.015 | Train Acc: 0.46
Test Loss: 0.015 | Test Acc: 0.47
Best Acc: 0.47

Epoch: 24
Training: 100%|██████████| 391/391 [00:24<00:00, 16.06it/s]
Testing: 100%|██████████| 79/79 [00:02<00:00, 39.27it/s]
Train Loss: 0.015 | Train Acc: 0.46
Test Loss: 0.015 | Test Acc: 0.46
Best Acc: 0.47

Epoch: 25
Training: 100%|██████████| 391/391 [00:24<00:00, 16.23it/s]
Testing: 100%|██████████| 79/79 [00:01<00:00, 41.38it/s]
Train Loss: 0.015 | Train Acc: 0.46
Test Loss: 0.014 | Test Acc: 0.48
Best Acc: 0.48

Epoch: 26
Training: 100%|██████████| 391/391 [00:24<00:00, 16.04it/s]
Testing: 100%|██████████| 79/79 [00:01<00:00, 39.66it/s]
Train Loss: 0.015 | Train Acc: 0.46
Test Loss: 0.015 | Test Acc: 0.47
Best Acc: 0.48

Epoch: 27
Training: 100%|██████████| 391/391 [00:24<00:00, 16.23it/s]
Testing: 100%|██████████| 79/79 [00:01<00:00, 40.13it/s]
Train Loss: 0.014 | Train Acc: 0.47
Test Loss: 0.014 | Test Acc: 0.48
Best Acc: 0.48

Epoch: 28
Training: 100%|██████████| 391/391 [00:24<00:00, 16.06it/s]
Testing: 100%|██████████| 79/79 [00:01<00:00, 43.22it/s]
Train Loss: 0.014 | Train Acc: 0.47
Test Loss: 0.014 | Test Acc: 0.48
Best Acc: 0.48

Epoch: 29
Training: 100%|██████████| 391/391 [00:24<00:00, 16.20it/s]
Testing: 100%|██████████| 79/79 [00:01<00:00, 41.01it/s]
Train Loss: 0.014 | Train Acc: 0.47
Test Loss: 0.014 | Test Acc: 0.48
Best Acc: 0.48

Epoch: 30
Training: 100%|██████████| 391/391 [00:24<00:00, 16.10it/s]
Testing: 100%|██████████| 79/79 [00:01<00:00, 40.73it/s]
Train Loss: 0.014 | Train Acc: 0.48
Test Loss: 0.013 | Test Acc: 0.49
Best Acc: 0.49

Epoch: 31
Training: 100%|██████████| 391/391 [00:24<00:00, 16.20it/s]
Testing: 100%|██████████| 79/79 [00:01<00:00, 43.67it/s]
Train Loss: 0.014 | Train Acc: 0.47
Test Loss: 0.013 | Test Acc: 0.49
Best Acc: 0.49

Epoch: 32
Training: 100%|██████████| 391/391 [00:24<00:00, 16.22it/s]
Testing: 100%|██████████| 79/79 [00:02<00:00, 38.20it/s]
Train Loss: 0.014 | Train Acc: 0.48
Test Loss: 0.013 | Test Acc: 0.48
Best Acc: 0.49

Epoch: 33
Training: 100%|██████████| 391/391 [00:24<00:00, 16.22it/s]
Testing: 100%|██████████| 79/79 [00:01<00:00, 41.36it/s]
Train Loss: 0.013 | Train Acc: 0.48
Test Loss: 0.013 | Test Acc: 0.49
Best Acc: 0.49

Epoch: 34
Training: 100%|██████████| 391/391 [00:24<00:00, 16.20it/s]
Testing: 100%|██████████| 79/79 [00:02<00:00, 39.35it/s]
Train Loss: 0.013 | Train Acc: 0.48
Test Loss: 0.013 | Test Acc: 0.49
Best Acc: 0.49

Epoch: 35
Training: 100%|██████████| 391/391 [00:24<00:00, 16.08it/s]
Testing: 100%|██████████| 79/79 [00:02<00:00, 39.47it/s]
Train Loss: 0.013 | Train Acc: 0.48
Test Loss: 0.013 | Test Acc: 0.49
Best Acc: 0.49

Epoch: 36
Training: 100%|██████████| 391/391 [00:24<00:00, 16.18it/s]
Testing: 100%|██████████| 79/79 [00:01<00:00, 41.05it/s]
Train Loss: 0.013 | Train Acc: 0.48
Test Loss: 0.013 | Test Acc: 0.49
Best Acc: 0.49

Epoch: 37
Training: 100%|██████████| 391/391 [00:24<00:00, 16.06it/s]
Testing: 100%|██████████| 79/79 [00:01<00:00, 40.83it/s]
Train Loss: 0.013 | Train Acc: 0.49
Test Loss: 0.014 | Test Acc: 0.49
Best Acc: 0.49

Epoch: 38
Training: 100%|██████████| 391/391 [00:24<00:00, 16.22it/s]
Testing: 100%|██████████| 79/79 [00:01<00:00, 42.40it/s]
Train Loss: 0.013 | Train Acc: 0.49
Test Loss: 0.013 | Test Acc: 0.49
Best Acc: 0.49

Epoch: 39
Training: 100%|██████████| 391/391 [00:24<00:00, 16.04it/s]
Testing: 100%|██████████| 79/79 [00:01<00:00, 40.78it/s]
Train Loss: 0.013 | Train Acc: 0.49
Test Loss: 0.013 | Test Acc: 0.50
Best Acc: 0.50

Epoch: 40
Training: 100%|██████████| 391/391 [00:24<00:00, 16.21it/s]
Testing: 100%|██████████| 79/79 [00:01<00:00, 39.74it/s]
Train Loss: 0.013 | Train Acc: 0.48
Test Loss: 0.013 | Test Acc: 0.49
Best Acc: 0.50

Epoch: 41
Training: 100%|██████████| 391/391 [00:24<00:00, 16.06it/s]
Testing: 100%|██████████| 79/79 [00:01<00:00, 40.39it/s]
Train Loss: 0.013 | Train Acc: 0.49
Test Loss: 0.013 | Test Acc: 0.50
Best Acc: 0.50

Epoch: 42
Training: 100%|██████████| 391/391 [00:24<00:00, 16.22it/s]
Testing: 100%|██████████| 79/79 [00:01<00:00, 41.48it/s]
Train Loss: 0.013 | Train Acc: 0.49
Test Loss: 0.013 | Test Acc: 0.50
Best Acc: 0.50

Epoch: 43
Training: 100%|██████████| 391/391 [00:24<00:00, 16.08it/s]
Testing: 100%|██████████| 79/79 [00:01<00:00, 43.16it/s]
Train Loss: 0.013 | Train Acc: 0.49
Test Loss: 0.013 | Test Acc: 0.50
Best Acc: 0.50

Epoch: 44
Training: 100%|██████████| 391/391 [00:24<00:00, 16.19it/s]
Testing: 100%|██████████| 79/79 [00:01<00:00, 40.01it/s]
Train Loss: 0.013 | Train Acc: 0.49
Test Loss: 0.013 | Test Acc: 0.50
Best Acc: 0.50

Epoch: 45
Training: 100%|██████████| 391/391 [00:24<00:00, 16.07it/s]
Testing: 100%|██████████| 79/79 [00:01<00:00, 43.64it/s]
Train Loss: 0.013 | Train Acc: 0.49
Test Loss: 0.013 | Test Acc: 0.50
Best Acc: 0.50

Epoch: 46
Training: 100%|██████████| 391/391 [00:24<00:00, 16.19it/s]
Testing: 100%|██████████| 79/79 [00:01<00:00, 42.30it/s]
Train Loss: 0.013 | Train Acc: 0.49
Test Loss: 0.013 | Test Acc: 0.49
Best Acc: 0.50

Epoch: 47
Training: 100%|██████████| 391/391 [00:24<00:00, 15.97it/s]
Testing: 100%|██████████| 79/79 [00:02<00:00, 39.47it/s]
Train Loss: 0.012 | Train Acc: 0.49
Test Loss: 0.013 | Test Acc: 0.50
Best Acc: 0.50

Epoch: 48
Training: 100%|██████████| 391/391 [00:24<00:00, 16.22it/s]
Testing: 100%|██████████| 79/79 [00:01<00:00, 40.53it/s]
Train Loss: 0.013 | Train Acc: 0.49
Test Loss: 0.013 | Test Acc: 0.50
Best Acc: 0.50

Epoch: 49
Training: 100%|██████████| 391/391 [00:24<00:00, 16.18it/s]
Testing: 100%|██████████| 79/79 [00:02<00:00, 35.79it/s]
Train Loss: 0.013 | Train Acc: 0.49
Test Loss: 0.013 | Test Acc: 0.50
Best Acc: 0.50

Epoch: 50
Training: 100%|██████████| 391/391 [00:24<00:00, 16.19it/s]
Testing: 100%|██████████| 79/79 [00:01<00:00, 42.11it/s]
Train Loss: 0.013 | Train Acc: 0.49
Test Loss: 0.013 | Test Acc: 0.50
Best Acc: 0.50
