Downloading https://www.cs.toronto.edu/~kriz/cifar-10-python.tar.gz to ./data/cifar-10-python.tar.gz
100%|██████████| 170M/170M [00:03<00:00, 49.9MB/s] 
Extracting ./data/cifar-10-python.tar.gz to ./data
Files already downloaded and verified
Num of train 50000
Num of test 10000

Epoch: 1
Training: 100%|██████████| 391/391 [00:25<00:00, 15.27it/s]
Testing: 100%|██████████| 79/79 [00:01<00:00, 40.40it/s]
Train Loss: 0.063 | Train Acc: 0.25
Test Loss: 0.045 | Test Acc: 0.31
Best Acc: 0.31

Epoch: 2
Training: 100%|██████████| 391/391 [00:24<00:00, 16.04it/s]
Testing: 100%|██████████| 79/79 [00:01<00:00, 41.06it/s]
Train Loss: 0.040 | Train Acc: 0.33
Test Loss: 0.036 | Test Acc: 0.34
Best Acc: 0.34

Epoch: 3
Training: 100%|██████████| 391/391 [00:25<00:00, 15.60it/s]
Testing: 100%|██████████| 79/79 [00:02<00:00, 39.31it/s]
Train Loss: 0.034 | Train Acc: 0.35
Test Loss: 0.031 | Test Acc: 0.36
Best Acc: 0.36

Epoch: 4
Training: 100%|██████████| 391/391 [00:24<00:00, 16.01it/s]
Testing: 100%|██████████| 79/79 [00:01<00:00, 42.46it/s]
Train Loss: 0.030 | Train Acc: 0.37
Test Loss: 0.029 | Test Acc: 0.38
Best Acc: 0.38

Epoch: 5
Training: 100%|██████████| 391/391 [00:24<00:00, 15.87it/s]
Testing: 100%|██████████| 79/79 [00:01<00:00, 41.48it/s]
Train Loss: 0.028 | Train Acc: 0.38
Test Loss: 0.028 | Test Acc: 0.37
Best Acc: 0.38

Epoch: 6
Training: 100%|██████████| 391/391 [00:24<00:00, 15.97it/s]
Testing: 100%|██████████| 79/79 [00:01<00:00, 42.28it/s]
Train Loss: 0.026 | Train Acc: 0.39
Test Loss: 0.025 | Test Acc: 0.41
Best Acc: 0.41

Epoch: 7
Training: 100%|██████████| 391/391 [00:24<00:00, 15.83it/s]
Testing: 100%|██████████| 79/79 [00:01<00:00, 39.98it/s]
Train Loss: 0.024 | Train Acc: 0.40
Test Loss: 0.024 | Test Acc: 0.40
Best Acc: 0.41

Epoch: 8
Training: 100%|██████████| 391/391 [00:24<00:00, 15.98it/s]
Testing: 100%|██████████| 79/79 [00:02<00:00, 39.38it/s]
Train Loss: 0.023 | Train Acc: 0.41
Test Loss: 0.023 | Test Acc: 0.40
Best Acc: 0.41

Epoch: 9
Training: 100%|██████████| 391/391 [00:24<00:00, 15.86it/s]
Testing: 100%|██████████| 79/79 [00:01<00:00, 42.65it/s]
Train Loss: 0.022 | Train Acc: 0.41
Test Loss: 0.022 | Test Acc: 0.42
Best Acc: 0.42

Epoch: 10
Training: 100%|██████████| 391/391 [00:24<00:00, 16.00it/s]
Testing: 100%|██████████| 79/79 [00:02<00:00, 39.37it/s]
Train Loss: 0.021 | Train Acc: 0.42
Test Loss: 0.021 | Test Acc: 0.42
Best Acc: 0.42

Epoch: 11
Training: 100%|██████████| 391/391 [00:24<00:00, 15.84it/s]
Testing: 100%|██████████| 79/79 [00:02<00:00, 38.09it/s]
Train Loss: 0.021 | Train Acc: 0.42
Test Loss: 0.020 | Test Acc: 0.42
Best Acc: 0.42

Epoch: 12
Training: 100%|██████████| 391/391 [00:24<00:00, 16.01it/s]
Testing: 100%|██████████| 79/79 [00:01<00:00, 39.62it/s]
Train Loss: 0.020 | Train Acc: 0.42
Test Loss: 0.019 | Test Acc: 0.43
Best Acc: 0.43

Epoch: 13
Training: 100%|██████████| 391/391 [00:24<00:00, 15.82it/s]
Testing: 100%|██████████| 79/79 [00:02<00:00, 37.25it/s]
Train Loss: 0.020 | Train Acc: 0.43
Test Loss: 0.019 | Test Acc: 0.43
Best Acc: 0.43

Epoch: 14
Training: 100%|██████████| 391/391 [00:24<00:00, 16.02it/s]
Testing: 100%|██████████| 79/79 [00:01<00:00, 42.29it/s]
Train Loss: 0.019 | Train Acc: 0.43
Test Loss: 0.019 | Test Acc: 0.44
Best Acc: 0.44

Epoch: 15
Training: 100%|██████████| 391/391 [00:24<00:00, 16.01it/s]
Testing: 100%|██████████| 79/79 [00:02<00:00, 37.64it/s]
Train Loss: 0.018 | Train Acc: 0.44
Test Loss: 0.019 | Test Acc: 0.44
Best Acc: 0.44

Epoch: 16
Training: 100%|██████████| 391/391 [00:24<00:00, 15.98it/s]
Testing: 100%|██████████| 79/79 [00:01<00:00, 39.56it/s]
Train Loss: 0.018 | Train Acc: 0.45
Test Loss: 0.018 | Test Acc: 0.45
Best Acc: 0.45

Epoch: 17
Training: 100%|██████████| 391/391 [00:24<00:00, 16.02it/s]
Testing: 100%|██████████| 79/79 [00:01<00:00, 42.42it/s]
Train Loss: 0.018 | Train Acc: 0.45
Test Loss: 0.018 | Test Acc: 0.43
Best Acc: 0.45

Epoch: 18
Training: 100%|██████████| 391/391 [00:24<00:00, 15.82it/s]
Testing: 100%|██████████| 79/79 [00:02<00:00, 37.91it/s]
Train Loss: 0.017 | Train Acc: 0.45
Test Loss: 0.020 | Test Acc: 0.43
Best Acc: 0.45

Epoch: 19
Training: 100%|██████████| 391/391 [00:24<00:00, 16.01it/s]
Testing: 100%|██████████| 79/79 [00:01<00:00, 40.19it/s]
Train Loss: 0.017 | Train Acc: 0.45
Test Loss: 0.017 | Test Acc: 0.46
Best Acc: 0.46

Epoch: 20
Training: 100%|██████████| 391/391 [00:24<00:00, 15.85it/s]
Testing: 100%|██████████| 79/79 [00:01<00:00, 41.63it/s]
Train Loss: 0.017 | Train Acc: 0.46
Test Loss: 0.017 | Test Acc: 0.47
Best Acc: 0.47

Epoch: 21
Training: 100%|██████████| 391/391 [00:24<00:00, 15.98it/s]
Testing: 100%|██████████| 79/79 [00:01<00:00, 42.39it/s]
Train Loss: 0.016 | Train Acc: 0.46
Test Loss: 0.016 | Test Acc: 0.46
Best Acc: 0.47

Epoch: 22
Training: 100%|██████████| 391/391 [00:24<00:00, 15.87it/s]
Testing: 100%|██████████| 79/79 [00:01<00:00, 39.88it/s]
Train Loss: 0.016 | Train Acc: 0.46
Test Loss: 0.016 | Test Acc: 0.47
Best Acc: 0.47

Epoch: 23
Training: 100%|██████████| 391/391 [00:24<00:00, 16.01it/s]
Testing: 100%|██████████| 79/79 [00:01<00:00, 40.90it/s]
Train Loss: 0.016 | Train Acc: 0.47
Test Loss: 0.016 | Test Acc: 0.47
Best Acc: 0.47

Epoch: 24
Training: 100%|██████████| 391/391 [00:24<00:00, 15.83it/s]
Testing: 100%|██████████| 79/79 [00:02<00:00, 37.93it/s]
Train Loss: 0.015 | Train Acc: 0.47
Test Loss: 0.016 | Test Acc: 0.47
Best Acc: 0.47

Epoch: 25
Training: 100%|██████████| 391/391 [00:24<00:00, 16.01it/s]
Testing: 100%|██████████| 79/79 [00:02<00:00, 38.24it/s]
Train Loss: 0.015 | Train Acc: 0.48
Test Loss: 0.015 | Test Acc: 0.48
Best Acc: 0.48

Epoch: 26
Training: 100%|██████████| 391/391 [00:24<00:00, 15.78it/s]
Testing: 100%|██████████| 79/79 [00:02<00:00, 39.33it/s]
Train Loss: 0.015 | Train Acc: 0.48
Test Loss: 0.015 | Test Acc: 0.48
Best Acc: 0.48

Epoch: 27
Training: 100%|██████████| 391/391 [00:24<00:00, 16.02it/s]
Testing: 100%|██████████| 79/79 [00:01<00:00, 41.40it/s]
Train Loss: 0.015 | Train Acc: 0.48
Test Loss: 0.016 | Test Acc: 0.48
Best Acc: 0.48

Epoch: 28
Training: 100%|██████████| 391/391 [00:24<00:00, 15.86it/s]
Testing: 100%|██████████| 79/79 [00:02<00:00, 38.39it/s]
Train Loss: 0.014 | Train Acc: 0.49
Test Loss: 0.015 | Test Acc: 0.49
Best Acc: 0.49

Epoch: 29
Training: 100%|██████████| 391/391 [00:24<00:00, 15.98it/s]
Testing: 100%|██████████| 79/79 [00:02<00:00, 38.24it/s]
Train Loss: 0.014 | Train Acc: 0.49
Test Loss: 0.015 | Test Acc: 0.49
Best Acc: 0.49

Epoch: 30
Training: 100%|██████████| 391/391 [00:24<00:00, 15.88it/s]
Testing: 100%|██████████| 79/79 [00:01<00:00, 42.45it/s]
Train Loss: 0.014 | Train Acc: 0.49
Test Loss: 0.014 | Test Acc: 0.49
Best Acc: 0.49

Epoch: 31
Training: 100%|██████████| 391/391 [00:24<00:00, 16.01it/s]
Testing: 100%|██████████| 79/79 [00:01<00:00, 40.95it/s]
Train Loss: 0.014 | Train Acc: 0.49
Test Loss: 0.015 | Test Acc: 0.49
Best Acc: 0.49

Epoch: 32
Training: 100%|██████████| 391/391 [00:24<00:00, 16.06it/s]
Testing: 100%|██████████| 79/79 [00:02<00:00, 37.99it/s]
Train Loss: 0.014 | Train Acc: 0.49
Test Loss: 0.014 | Test Acc: 0.50
Best Acc: 0.50

Epoch: 33
Training: 100%|██████████| 391/391 [00:24<00:00, 16.05it/s]
Testing: 100%|██████████| 79/79 [00:02<00:00, 38.81it/s]
Train Loss: 0.014 | Train Acc: 0.49
Test Loss: 0.014 | Test Acc: 0.49
Best Acc: 0.50

Epoch: 34
Training: 100%|██████████| 391/391 [00:24<00:00, 16.02it/s]
Testing: 100%|██████████| 79/79 [00:01<00:00, 40.59it/s]
Train Loss: 0.014 | Train Acc: 0.50
Test Loss: 0.014 | Test Acc: 0.50
Best Acc: 0.50

Epoch: 35
Training: 100%|██████████| 391/391 [00:24<00:00, 15.91it/s]
Testing: 100%|██████████| 79/79 [00:01<00:00, 42.87it/s]
Train Loss: 0.013 | Train Acc: 0.50
Test Loss: 0.015 | Test Acc: 0.49
Best Acc: 0.50

Epoch: 36
Training: 100%|██████████| 391/391 [00:24<00:00, 16.03it/s]
Testing: 100%|██████████| 79/79 [00:01<00:00, 42.73it/s]
Train Loss: 0.013 | Train Acc: 0.50
Test Loss: 0.014 | Test Acc: 0.50
Best Acc: 0.50

Epoch: 37
Training: 100%|██████████| 391/391 [00:24<00:00, 15.90it/s]
Testing: 100%|██████████| 79/79 [00:01<00:00, 42.43it/s]
Train Loss: 0.013 | Train Acc: 0.50
Test Loss: 0.014 | Test Acc: 0.50
Best Acc: 0.50

Epoch: 38
Training: 100%|██████████| 391/391 [00:24<00:00, 16.05it/s]
Testing: 100%|██████████| 79/79 [00:01<00:00, 42.97it/s]
Train Loss: 0.013 | Train Acc: 0.50
Test Loss: 0.014 | Test Acc: 0.50
Best Acc: 0.50

Epoch: 39
Training: 100%|██████████| 391/391 [00:24<00:00, 15.87it/s]
Testing: 100%|██████████| 79/79 [00:01<00:00, 40.12it/s]
Train Loss: 0.013 | Train Acc: 0.50
Test Loss: 0.014 | Test Acc: 0.50
Best Acc: 0.50

Epoch: 40
Training: 100%|██████████| 391/391 [00:24<00:00, 16.07it/s]
Testing: 100%|██████████| 79/79 [00:02<00:00, 38.55it/s]
Train Loss: 0.013 | Train Acc: 0.50
Test Loss: 0.013 | Test Acc: 0.51
Best Acc: 0.51

Epoch: 41
Training: 100%|██████████| 391/391 [00:24<00:00, 15.86it/s]
Testing: 100%|██████████| 79/79 [00:01<00:00, 40.32it/s]
Train Loss: 0.013 | Train Acc: 0.50
Test Loss: 0.014 | Test Acc: 0.51
Best Acc: 0.51

Epoch: 42
Training: 100%|██████████| 391/391 [00:24<00:00, 16.05it/s]
Testing: 100%|██████████| 79/79 [00:02<00:00, 38.67it/s]
Train Loss: 0.013 | Train Acc: 0.50
Test Loss: 0.013 | Test Acc: 0.51
Best Acc: 0.51

Epoch: 43
Training: 100%|██████████| 391/391 [00:24<00:00, 15.91it/s]
Testing: 100%|██████████| 79/79 [00:01<00:00, 42.13it/s]
Train Loss: 0.013 | Train Acc: 0.50
Test Loss: 0.014 | Test Acc: 0.51
Best Acc: 0.51

Epoch: 44
Training: 100%|██████████| 391/391 [00:24<00:00, 16.04it/s]
Testing: 100%|██████████| 79/79 [00:02<00:00, 38.98it/s]
Train Loss: 0.013 | Train Acc: 0.50
Test Loss: 0.013 | Test Acc: 0.51
Best Acc: 0.51

Epoch: 45
Training: 100%|██████████| 391/391 [00:24<00:00, 15.90it/s]
Testing: 100%|██████████| 79/79 [00:01<00:00, 41.71it/s]
Train Loss: 0.013 | Train Acc: 0.50
Test Loss: 0.013 | Test Acc: 0.51
Best Acc: 0.51

Epoch: 46
Training: 100%|██████████| 391/391 [00:24<00:00, 16.07it/s]
Testing: 100%|██████████| 79/79 [00:01<00:00, 40.63it/s]
Train Loss: 0.013 | Train Acc: 0.50
Test Loss: 0.013 | Test Acc: 0.51
Best Acc: 0.51

Epoch: 47
Training: 100%|██████████| 391/391 [00:24<00:00, 15.85it/s]
Testing: 100%|██████████| 79/79 [00:01<00:00, 39.88it/s]
Train Loss: 0.013 | Train Acc: 0.50
Test Loss: 0.013 | Test Acc: 0.51
Best Acc: 0.51

Epoch: 48
Training: 100%|██████████| 391/391 [00:24<00:00, 16.06it/s]
Testing: 100%|██████████| 79/79 [00:01<00:00, 41.58it/s]
Train Loss: 0.013 | Train Acc: 0.50
Test Loss: 0.013 | Test Acc: 0.51
Best Acc: 0.51

Epoch: 49
Training: 100%|██████████| 391/391 [00:24<00:00, 16.02it/s]
Testing: 100%|██████████| 79/79 [00:02<00:00, 35.80it/s]
Train Loss: 0.013 | Train Acc: 0.50
Test Loss: 0.013 | Test Acc: 0.51
Best Acc: 0.51

Epoch: 50
Training: 100%|██████████| 391/391 [00:24<00:00, 16.05it/s]
Testing: 100%|██████████| 79/79 [00:02<00:00, 38.81it/s]
Train Loss: 0.013 | Train Acc: 0.50
Test Loss: 0.013 | Test Acc: 0.51
Best Acc: 0.51
