Downloading https://www.cs.toronto.edu/~kriz/cifar-10-python.tar.gz to ./data/cifar-10-python.tar.gz
100%|██████████| 170M/170M [00:03<00:00, 47.2MB/s] 
Extracting ./data/cifar-10-python.tar.gz to ./data
Files already downloaded and verified
Num of train 50000
Num of test 10000

Epoch: 1
Training: 100%|██████████| 391/391 [00:25<00:00, 15.26it/s]
Testing: 100%|██████████| 79/79 [00:02<00:00, 38.48it/s]
Train Loss: 0.061 | Train Acc: 0.25
Test Loss: 0.050 | Test Acc: 0.27
Best Acc: 0.27

Epoch: 2
Training: 100%|██████████| 391/391 [00:24<00:00, 15.98it/s]
Testing: 100%|██████████| 79/79 [00:01<00:00, 40.85it/s]
Train Loss: 0.040 | Train Acc: 0.33
Test Loss: 0.038 | Test Acc: 0.33
Best Acc: 0.33

Epoch: 3
Training: 100%|██████████| 391/391 [00:25<00:00, 15.57it/s]
Testing: 100%|██████████| 79/79 [00:02<00:00, 37.04it/s]
Train Loss: 0.033 | Train Acc: 0.35
Test Loss: 0.033 | Test Acc: 0.35
Best Acc: 0.35

Epoch: 4
Training: 100%|██████████| 391/391 [00:24<00:00, 16.00it/s]
Testing: 100%|██████████| 79/79 [00:02<00:00, 38.91it/s]
Train Loss: 0.029 | Train Acc: 0.37
Test Loss: 0.030 | Test Acc: 0.36
Best Acc: 0.36

Epoch: 5
Training: 100%|██████████| 391/391 [00:24<00:00, 15.84it/s]
Testing: 100%|██████████| 79/79 [00:01<00:00, 39.59it/s]
Train Loss: 0.027 | Train Acc: 0.38
Test Loss: 0.028 | Test Acc: 0.37
Best Acc: 0.37

Epoch: 6
Training: 100%|██████████| 391/391 [00:24<00:00, 15.98it/s]
Testing: 100%|██████████| 79/79 [00:02<00:00, 37.45it/s]
Train Loss: 0.025 | Train Acc: 0.39
Test Loss: 0.026 | Test Acc: 0.38
Best Acc: 0.38

Epoch: 7
Training: 100%|██████████| 391/391 [00:24<00:00, 15.82it/s]
Testing: 100%|██████████| 79/79 [00:01<00:00, 42.08it/s]
Train Loss: 0.023 | Train Acc: 0.40
Test Loss: 0.024 | Test Acc: 0.40
Best Acc: 0.40

Epoch: 8
Training: 100%|██████████| 391/391 [00:24<00:00, 15.95it/s]
Testing: 100%|██████████| 79/79 [00:02<00:00, 37.15it/s]
Train Loss: 0.022 | Train Acc: 0.41
Test Loss: 0.023 | Test Acc: 0.40
Best Acc: 0.40

Epoch: 9
Training: 100%|██████████| 391/391 [00:24<00:00, 15.86it/s]
Testing: 100%|██████████| 79/79 [00:02<00:00, 38.57it/s]
Train Loss: 0.021 | Train Acc: 0.41
Test Loss: 0.022 | Test Acc: 0.40
Best Acc: 0.40

Epoch: 10
Training: 100%|██████████| 391/391 [00:24<00:00, 16.01it/s]
Testing: 100%|██████████| 79/79 [00:02<00:00, 39.33it/s]
Train Loss: 0.020 | Train Acc: 0.42
Test Loss: 0.021 | Test Acc: 0.40
Best Acc: 0.40

Epoch: 11
Training: 100%|██████████| 391/391 [00:24<00:00, 15.79it/s]
Testing: 100%|██████████| 79/79 [00:02<00:00, 36.64it/s]
Train Loss: 0.019 | Train Acc: 0.42
Test Loss: 0.023 | Test Acc: 0.39
Best Acc: 0.40

Epoch: 12
Training: 100%|██████████| 391/391 [00:24<00:00, 15.97it/s]
Testing: 100%|██████████| 79/79 [00:01<00:00, 40.63it/s]
Train Loss: 0.019 | Train Acc: 0.43
Test Loss: 0.020 | Test Acc: 0.39
Best Acc: 0.40

Epoch: 13
Training: 100%|██████████| 391/391 [00:24<00:00, 15.78it/s]
Testing: 100%|██████████| 79/79 [00:02<00:00, 38.83it/s]
Train Loss: 0.018 | Train Acc: 0.43
Test Loss: 0.021 | Test Acc: 0.39
Best Acc: 0.40

Epoch: 14
Training: 100%|██████████| 391/391 [00:24<00:00, 15.96it/s]
Testing: 100%|██████████| 79/79 [00:01<00:00, 40.70it/s]
Train Loss: 0.018 | Train Acc: 0.43
Test Loss: 0.019 | Test Acc: 0.42
Best Acc: 0.42

Epoch: 15
Training: 100%|██████████| 391/391 [00:24<00:00, 15.96it/s]
Testing: 100%|██████████| 79/79 [00:02<00:00, 35.89it/s]
Train Loss: 0.017 | Train Acc: 0.44
Test Loss: 0.019 | Test Acc: 0.41
Best Acc: 0.42

Epoch: 16
Training: 100%|██████████| 391/391 [00:24<00:00, 15.93it/s]
Testing: 100%|██████████| 79/79 [00:02<00:00, 37.81it/s]
Train Loss: 0.017 | Train Acc: 0.44
Test Loss: 0.018 | Test Acc: 0.43
Best Acc: 0.43

Epoch: 17
Training: 100%|██████████| 391/391 [00:24<00:00, 15.94it/s]
Testing: 100%|██████████| 79/79 [00:02<00:00, 39.22it/s]
Train Loss: 0.016 | Train Acc: 0.44
Test Loss: 0.019 | Test Acc: 0.41
Best Acc: 0.43

Epoch: 18
Training: 100%|██████████| 391/391 [00:24<00:00, 15.76it/s]
Testing: 100%|██████████| 79/79 [00:02<00:00, 36.68it/s]
Train Loss: 0.016 | Train Acc: 0.45
Test Loss: 0.017 | Test Acc: 0.42
Best Acc: 0.43

Epoch: 19
Training: 100%|██████████| 391/391 [00:24<00:00, 15.91it/s]
Testing: 100%|██████████| 79/79 [00:01<00:00, 39.53it/s]
Train Loss: 0.016 | Train Acc: 0.45
Test Loss: 0.017 | Test Acc: 0.42
Best Acc: 0.43

Epoch: 20
Training: 100%|██████████| 391/391 [00:24<00:00, 15.78it/s]
Testing: 100%|██████████| 79/79 [00:02<00:00, 39.16it/s]
Train Loss: 0.015 | Train Acc: 0.45
Test Loss: 0.016 | Test Acc: 0.44
Best Acc: 0.44

Epoch: 21
Training: 100%|██████████| 391/391 [00:24<00:00, 15.91it/s]
Testing: 100%|██████████| 79/79 [00:01<00:00, 41.26it/s]
Train Loss: 0.015 | Train Acc: 0.46
Test Loss: 0.016 | Test Acc: 0.44
Best Acc: 0.44

Epoch: 22
Training: 100%|██████████| 391/391 [00:24<00:00, 15.77it/s]
Testing: 100%|██████████| 79/79 [00:02<00:00, 35.98it/s]
Train Loss: 0.015 | Train Acc: 0.46
Test Loss: 0.017 | Test Acc: 0.43
Best Acc: 0.44

Epoch: 23
Training: 100%|██████████| 391/391 [00:24<00:00, 15.96it/s]
Testing: 100%|██████████| 79/79 [00:01<00:00, 40.13it/s]
Train Loss: 0.014 | Train Acc: 0.46
Test Loss: 0.017 | Test Acc: 0.43
Best Acc: 0.44

Epoch: 24
Training: 100%|██████████| 391/391 [00:24<00:00, 15.79it/s]
Testing: 100%|██████████| 79/79 [00:02<00:00, 37.15it/s]
Train Loss: 0.014 | Train Acc: 0.46
Test Loss: 0.015 | Test Acc: 0.44
Best Acc: 0.44

Epoch: 25
Training: 100%|██████████| 391/391 [00:24<00:00, 15.95it/s]
Testing: 100%|██████████| 79/79 [00:02<00:00, 36.87it/s]
Train Loss: 0.014 | Train Acc: 0.47
Test Loss: 0.016 | Test Acc: 0.44
Best Acc: 0.44

Epoch: 26
Training: 100%|██████████| 391/391 [00:24<00:00, 15.78it/s]
Testing: 100%|██████████| 79/79 [00:01<00:00, 40.98it/s]
Train Loss: 0.014 | Train Acc: 0.47
Test Loss: 0.015 | Test Acc: 0.45
Best Acc: 0.45

Epoch: 27
Training: 100%|██████████| 391/391 [00:24<00:00, 15.98it/s]
Testing: 100%|██████████| 79/79 [00:01<00:00, 39.90it/s]
Train Loss: 0.014 | Train Acc: 0.47
Test Loss: 0.015 | Test Acc: 0.45
Best Acc: 0.45

Epoch: 28
Training: 100%|██████████| 391/391 [00:24<00:00, 15.83it/s]
Testing: 100%|██████████| 79/79 [00:02<00:00, 36.71it/s]
Train Loss: 0.013 | Train Acc: 0.47
Test Loss: 0.015 | Test Acc: 0.45
Best Acc: 0.45

Epoch: 29
Training: 100%|██████████| 391/391 [00:24<00:00, 15.88it/s]
Testing: 100%|██████████| 79/79 [00:02<00:00, 38.22it/s]
Train Loss: 0.013 | Train Acc: 0.47
Test Loss: 0.015 | Test Acc: 0.44
Best Acc: 0.45

Epoch: 30
Training: 100%|██████████| 391/391 [00:24<00:00, 15.72it/s]
Testing: 100%|██████████| 79/79 [00:01<00:00, 42.41it/s]
Train Loss: 0.013 | Train Acc: 0.47
Test Loss: 0.014 | Test Acc: 0.45
Best Acc: 0.45

Epoch: 31
Training: 100%|██████████| 391/391 [00:24<00:00, 15.91it/s]
Testing: 100%|██████████| 79/79 [00:02<00:00, 39.26it/s]
Train Loss: 0.013 | Train Acc: 0.47
Test Loss: 0.015 | Test Acc: 0.45
Best Acc: 0.45

Epoch: 32
Training: 100%|██████████| 391/391 [00:24<00:00, 15.94it/s]
Testing: 100%|██████████| 79/79 [00:02<00:00, 34.72it/s]
Train Loss: 0.013 | Train Acc: 0.48
Test Loss: 0.014 | Test Acc: 0.46
Best Acc: 0.46

Epoch: 33
Training: 100%|██████████| 391/391 [00:24<00:00, 15.95it/s]
Testing: 100%|██████████| 79/79 [00:02<00:00, 35.76it/s]
Train Loss: 0.013 | Train Acc: 0.48
Test Loss: 0.016 | Test Acc: 0.44
Best Acc: 0.46

Epoch: 34
Training: 100%|██████████| 391/391 [00:24<00:00, 15.98it/s]
Testing: 100%|██████████| 79/79 [00:02<00:00, 35.79it/s]
Train Loss: 0.013 | Train Acc: 0.48
Test Loss: 0.014 | Test Acc: 0.45
Best Acc: 0.46

Epoch: 35
Training: 100%|██████████| 391/391 [00:24<00:00, 15.86it/s]
Testing: 100%|██████████| 79/79 [00:02<00:00, 37.00it/s]
Train Loss: 0.013 | Train Acc: 0.48
Test Loss: 0.014 | Test Acc: 0.46
Best Acc: 0.46

Epoch: 36
Training: 100%|██████████| 391/391 [00:24<00:00, 16.07it/s]
Testing: 100%|██████████| 79/79 [00:01<00:00, 41.73it/s]
Train Loss: 0.012 | Train Acc: 0.48
Test Loss: 0.014 | Test Acc: 0.46
Best Acc: 0.46

Epoch: 37
Training: 100%|██████████| 391/391 [00:24<00:00, 15.92it/s]
Testing: 100%|██████████| 79/79 [00:02<00:00, 37.00it/s]
Train Loss: 0.012 | Train Acc: 0.48
Test Loss: 0.014 | Test Acc: 0.46
Best Acc: 0.46

Epoch: 38
Training: 100%|██████████| 391/391 [00:24<00:00, 16.05it/s]
Testing: 100%|██████████| 79/79 [00:01<00:00, 40.39it/s]
Train Loss: 0.012 | Train Acc: 0.48
Test Loss: 0.013 | Test Acc: 0.46
Best Acc: 0.46

Epoch: 39
Training: 100%|██████████| 391/391 [00:24<00:00, 15.97it/s]
Testing: 100%|██████████| 79/79 [00:02<00:00, 37.49it/s]
Train Loss: 0.012 | Train Acc: 0.48
Test Loss: 0.014 | Test Acc: 0.46
Best Acc: 0.46

Epoch: 40
Training: 100%|██████████| 391/391 [00:24<00:00, 16.12it/s]
Testing: 100%|██████████| 79/79 [00:01<00:00, 41.60it/s]
Train Loss: 0.012 | Train Acc: 0.48
Test Loss: 0.013 | Test Acc: 0.46
Best Acc: 0.46

Epoch: 41
Training: 100%|██████████| 391/391 [00:24<00:00, 15.83it/s]
Testing: 100%|██████████| 79/79 [00:01<00:00, 40.79it/s]
Train Loss: 0.012 | Train Acc: 0.49
Test Loss: 0.014 | Test Acc: 0.46
Best Acc: 0.46

Epoch: 42
Training: 100%|██████████| 391/391 [00:24<00:00, 16.14it/s]
Testing: 100%|██████████| 79/79 [00:01<00:00, 42.52it/s]
Train Loss: 0.012 | Train Acc: 0.48
Test Loss: 0.014 | Test Acc: 0.46
Best Acc: 0.46

Epoch: 43
Training: 100%|██████████| 391/391 [00:24<00:00, 15.99it/s]
Testing: 100%|██████████| 79/79 [00:01<00:00, 41.14it/s]
Train Loss: 0.012 | Train Acc: 0.48
Test Loss: 0.014 | Test Acc: 0.46
Best Acc: 0.46

Epoch: 44
Training: 100%|██████████| 391/391 [00:24<00:00, 16.06it/s]
Testing: 100%|██████████| 79/79 [00:02<00:00, 37.45it/s]
Train Loss: 0.012 | Train Acc: 0.49
Test Loss: 0.014 | Test Acc: 0.46
Best Acc: 0.46

Epoch: 45
Training: 100%|██████████| 391/391 [00:24<00:00, 15.92it/s]
Testing: 100%|██████████| 79/79 [00:01<00:00, 40.73it/s]
Train Loss: 0.012 | Train Acc: 0.49
Test Loss: 0.014 | Test Acc: 0.46
Best Acc: 0.46

Epoch: 46
Training: 100%|██████████| 391/391 [00:24<00:00, 16.16it/s]
Testing: 100%|██████████| 79/79 [00:01<00:00, 40.27it/s]
Train Loss: 0.012 | Train Acc: 0.48
Test Loss: 0.014 | Test Acc: 0.46
Best Acc: 0.46

Epoch: 47
Training: 100%|██████████| 391/391 [00:24<00:00, 15.94it/s]
Testing: 100%|██████████| 79/79 [00:01<00:00, 40.60it/s]
Train Loss: 0.012 | Train Acc: 0.49
Test Loss: 0.014 | Test Acc: 0.46
Best Acc: 0.46

Epoch: 48
Training: 100%|██████████| 391/391 [00:24<00:00, 16.05it/s]
Testing: 100%|██████████| 79/79 [00:01<00:00, 41.61it/s]
Train Loss: 0.012 | Train Acc: 0.49
Test Loss: 0.014 | Test Acc: 0.46
Best Acc: 0.46

Epoch: 49
Training: 100%|██████████| 391/391 [00:24<00:00, 16.11it/s]
Testing: 100%|██████████| 79/79 [00:02<00:00, 37.27it/s]
Train Loss: 0.012 | Train Acc: 0.49
Test Loss: 0.013 | Test Acc: 0.46
Best Acc: 0.46

Epoch: 50
Training: 100%|██████████| 391/391 [00:24<00:00, 16.15it/s]
Testing: 100%|██████████| 79/79 [00:01<00:00, 40.27it/s]
Train Loss: 0.012 | Train Acc: 0.49
Test Loss: 0.013 | Test Acc: 0.46
Best Acc: 0.46
