Downloading https://www.cs.toronto.edu/~kriz/cifar-10-python.tar.gz to ./data/cifar-10-python.tar.gz
100%|██████████| 170M/170M [00:02<00:00, 69.4MB/s] 
Extracting ./data/cifar-10-python.tar.gz to ./data
Files already downloaded and verified
Num of train 50000
Num of test 10000

Epoch: 1
Training: 100%|██████████| 391/391 [00:25<00:00, 15.54it/s]
Testing: 100%|██████████| 79/79 [00:01<00:00, 40.46it/s]
Train Loss: 1.486 | Train Acc: 0.40
Test Loss: 1.212 | Test Acc: 0.49
Best Acc: 0.49

Epoch: 2
Training: 100%|██████████| 391/391 [00:24<00:00, 16.27it/s]
Testing: 100%|██████████| 79/79 [00:01<00:00, 43.33it/s]
Train Loss: 1.108 | Train Acc: 0.53
Test Loss: 0.947 | Test Acc: 0.60
Best Acc: 0.60

Epoch: 3
Training: 100%|██████████| 391/391 [00:24<00:00, 15.84it/s]
Testing: 100%|██████████| 79/79 [00:01<00:00, 40.00it/s]
Train Loss: 0.938 | Train Acc: 0.59
Test Loss: 0.880 | Test Acc: 0.61
Best Acc: 0.61

Epoch: 4
Training: 100%|██████████| 391/391 [00:24<00:00, 16.20it/s]
Testing: 100%|██████████| 79/79 [00:01<00:00, 41.58it/s]
Train Loss: 0.836 | Train Acc: 0.62
Test Loss: 0.797 | Test Acc: 0.66
Best Acc: 0.66

Epoch: 5
Training: 100%|██████████| 391/391 [00:24<00:00, 16.09it/s]
Testing: 100%|██████████| 79/79 [00:01<00:00, 40.95it/s]
Train Loss: 0.763 | Train Acc: 0.65
Test Loss: 0.690 | Test Acc: 0.70
Best Acc: 0.70

Epoch: 6
Training: 100%|██████████| 391/391 [00:24<00:00, 16.24it/s]
Testing: 100%|██████████| 79/79 [00:01<00:00, 40.25it/s]
Train Loss: 0.696 | Train Acc: 0.67
Test Loss: 0.764 | Test Acc: 0.66
Best Acc: 0.70

Epoch: 7
Training: 100%|██████████| 391/391 [00:24<00:00, 16.07it/s]
Testing: 100%|██████████| 79/79 [00:01<00:00, 39.53it/s]
Train Loss: 0.663 | Train Acc: 0.68
Test Loss: 0.638 | Test Acc: 0.74
Best Acc: 0.74

Epoch: 8
Training: 100%|██████████| 391/391 [00:24<00:00, 16.23it/s]
Testing: 100%|██████████| 79/79 [00:01<00:00, 42.32it/s]
Train Loss: 0.622 | Train Acc: 0.70
Test Loss: 0.605 | Test Acc: 0.74
Best Acc: 0.74

Epoch: 9
Training: 100%|██████████| 391/391 [00:24<00:00, 16.10it/s]
Testing: 100%|██████████| 79/79 [00:01<00:00, 40.62it/s]
Train Loss: 0.591 | Train Acc: 0.71
Test Loss: 0.597 | Test Acc: 0.75
Best Acc: 0.75

Epoch: 10
Training: 100%|██████████| 391/391 [00:24<00:00, 16.25it/s]
Testing: 100%|██████████| 79/79 [00:01<00:00, 42.38it/s]
Train Loss: 0.567 | Train Acc: 0.72
Test Loss: 0.584 | Test Acc: 0.74
Best Acc: 0.75

Epoch: 11
Training: 100%|██████████| 391/391 [00:24<00:00, 16.09it/s]
Testing: 100%|██████████| 79/79 [00:01<00:00, 40.43it/s]
Train Loss: 0.540 | Train Acc: 0.73
Test Loss: 0.551 | Test Acc: 0.77
Best Acc: 0.77

Epoch: 12
Training: 100%|██████████| 391/391 [00:24<00:00, 16.25it/s]
Testing: 100%|██████████| 79/79 [00:01<00:00, 39.60it/s]
Train Loss: 0.515 | Train Acc: 0.74
Test Loss: 0.518 | Test Acc: 0.79
Best Acc: 0.79

Epoch: 13
Training: 100%|██████████| 391/391 [00:24<00:00, 16.06it/s]
Testing: 100%|██████████| 79/79 [00:01<00:00, 40.99it/s]
Train Loss: 0.497 | Train Acc: 0.74
Test Loss: 0.535 | Test Acc: 0.78
Best Acc: 0.79

Epoch: 14
Training: 100%|██████████| 391/391 [00:24<00:00, 16.18it/s]
Testing: 100%|██████████| 79/79 [00:02<00:00, 34.97it/s]
Train Loss: 0.472 | Train Acc: 0.75
Test Loss: 0.525 | Test Acc: 0.77
Best Acc: 0.79

Epoch: 15
Training: 100%|██████████| 391/391 [00:24<00:00, 16.15it/s]
Testing: 100%|██████████| 79/79 [00:02<00:00, 36.87it/s]
Train Loss: 0.459 | Train Acc: 0.76
Test Loss: 0.548 | Test Acc: 0.75
Best Acc: 0.79

Epoch: 16
Training: 100%|██████████| 391/391 [00:24<00:00, 16.18it/s]
Testing: 100%|██████████| 79/79 [00:02<00:00, 37.54it/s]
Train Loss: 0.444 | Train Acc: 0.76
Test Loss: 0.502 | Test Acc: 0.79
Best Acc: 0.79

Epoch: 17
Training: 100%|██████████| 391/391 [00:24<00:00, 16.21it/s]
Testing: 100%|██████████| 79/79 [00:02<00:00, 38.72it/s]
Train Loss: 0.434 | Train Acc: 0.77
Test Loss: 0.534 | Test Acc: 0.75
Best Acc: 0.79

Epoch: 18
Training: 100%|██████████| 391/391 [00:24<00:00, 15.98it/s]
Testing: 100%|██████████| 79/79 [00:02<00:00, 39.20it/s]
Train Loss: 0.415 | Train Acc: 0.77
Test Loss: 0.498 | Test Acc: 0.78
Best Acc: 0.79

Epoch: 19
Training: 100%|██████████| 391/391 [00:24<00:00, 16.12it/s]
Testing: 100%|██████████| 79/79 [00:02<00:00, 37.86it/s]
Train Loss: 0.403 | Train Acc: 0.78
Test Loss: 0.496 | Test Acc: 0.76
Best Acc: 0.79

Epoch: 20
Training: 100%|██████████| 391/391 [00:24<00:00, 16.06it/s]
Testing: 100%|██████████| 79/79 [00:01<00:00, 41.52it/s]
Train Loss: 0.389 | Train Acc: 0.78
Test Loss: 0.481 | Test Acc: 0.79
Best Acc: 0.79

Epoch: 21
Training: 100%|██████████| 391/391 [00:24<00:00, 16.22it/s]
Testing: 100%|██████████| 79/79 [00:01<00:00, 39.93it/s]
Train Loss: 0.377 | Train Acc: 0.79
Test Loss: 0.447 | Test Acc: 0.81
Best Acc: 0.81

Epoch: 22
Training: 100%|██████████| 391/391 [00:24<00:00, 16.09it/s]
Testing: 100%|██████████| 79/79 [00:01<00:00, 42.42it/s]
Train Loss: 0.361 | Train Acc: 0.79
Test Loss: 0.530 | Test Acc: 0.76
Best Acc: 0.81

Epoch: 23
Training: 100%|██████████| 391/391 [00:24<00:00, 16.25it/s]
Testing: 100%|██████████| 79/79 [00:01<00:00, 39.54it/s]
Train Loss: 0.356 | Train Acc: 0.80
Test Loss: 0.435 | Test Acc: 0.83
Best Acc: 0.83

Epoch: 24
Training: 100%|██████████| 391/391 [00:24<00:00, 16.07it/s]
Testing: 100%|██████████| 79/79 [00:01<00:00, 41.73it/s]
Train Loss: 0.342 | Train Acc: 0.80
Test Loss: 0.435 | Test Acc: 0.83
Best Acc: 0.83

Epoch: 25
Training: 100%|██████████| 391/391 [00:24<00:00, 16.25it/s]
Testing: 100%|██████████| 79/79 [00:01<00:00, 41.81it/s]
Train Loss: 0.331 | Train Acc: 0.81
Test Loss: 0.482 | Test Acc: 0.79
Best Acc: 0.83

Epoch: 26
Training: 100%|██████████| 391/391 [00:24<00:00, 16.02it/s]
Testing: 100%|██████████| 79/79 [00:01<00:00, 43.64it/s]
Train Loss: 0.325 | Train Acc: 0.81
Test Loss: 0.434 | Test Acc: 0.84
Best Acc: 0.84

Epoch: 27
Training: 100%|██████████| 391/391 [00:24<00:00, 16.26it/s]
Testing: 100%|██████████| 79/79 [00:01<00:00, 43.49it/s]
Train Loss: 0.311 | Train Acc: 0.82
Test Loss: 0.475 | Test Acc: 0.81
Best Acc: 0.84

Epoch: 28
Training: 100%|██████████| 391/391 [00:24<00:00, 16.11it/s]
Testing: 100%|██████████| 79/79 [00:02<00:00, 39.41it/s]
Train Loss: 0.301 | Train Acc: 0.82
Test Loss: 0.500 | Test Acc: 0.79
Best Acc: 0.84

Epoch: 29
Training: 100%|██████████| 391/391 [00:24<00:00, 16.21it/s]
Testing: 100%|██████████| 79/79 [00:01<00:00, 39.57it/s]
Train Loss: 0.294 | Train Acc: 0.83
Test Loss: 0.476 | Test Acc: 0.78
Best Acc: 0.84

Epoch: 30
Training: 100%|██████████| 391/391 [00:24<00:00, 16.10it/s]
Testing: 100%|██████████| 79/79 [00:01<00:00, 42.76it/s]
Train Loss: 0.287 | Train Acc: 0.83
Test Loss: 0.480 | Test Acc: 0.80
Best Acc: 0.84

Epoch: 31
Training: 100%|██████████| 391/391 [00:24<00:00, 16.21it/s]
Testing: 100%|██████████| 79/79 [00:01<00:00, 43.62it/s]
Train Loss: 0.278 | Train Acc: 0.83
Test Loss: 0.446 | Test Acc: 0.83
Best Acc: 0.84

Epoch: 32
Training: 100%|██████████| 391/391 [00:24<00:00, 16.25it/s]
Testing: 100%|██████████| 79/79 [00:02<00:00, 36.48it/s]
Train Loss: 0.271 | Train Acc: 0.84
Test Loss: 0.442 | Test Acc: 0.83
Best Acc: 0.84

Epoch: 33
Training: 100%|██████████| 391/391 [00:24<00:00, 16.25it/s]
Testing: 100%|██████████| 79/79 [00:02<00:00, 39.22it/s]
Train Loss: 0.260 | Train Acc: 0.84
Test Loss: 0.470 | Test Acc: 0.80
Best Acc: 0.84

Epoch: 34
Training: 100%|██████████| 391/391 [00:24<00:00, 16.24it/s]
Testing: 100%|██████████| 79/79 [00:02<00:00, 38.20it/s]
Train Loss: 0.253 | Train Acc: 0.85
Test Loss: 0.455 | Test Acc: 0.82
Best Acc: 0.84

Epoch: 35
Training: 100%|██████████| 391/391 [00:24<00:00, 16.08it/s]
Testing: 100%|██████████| 79/79 [00:02<00:00, 39.39it/s]
Train Loss: 0.248 | Train Acc: 0.85
Test Loss: 0.461 | Test Acc: 0.81
Best Acc: 0.84

Epoch: 36
Training: 100%|██████████| 391/391 [00:24<00:00, 16.22it/s]
Testing: 100%|██████████| 79/79 [00:01<00:00, 41.26it/s]
Train Loss: 0.241 | Train Acc: 0.85
Test Loss: 0.454 | Test Acc: 0.82
Best Acc: 0.84

Epoch: 37
Training: 100%|██████████| 391/391 [00:24<00:00, 16.08it/s]
Testing: 100%|██████████| 79/79 [00:02<00:00, 39.14it/s]
Train Loss: 0.238 | Train Acc: 0.85
Test Loss: 0.459 | Test Acc: 0.81
Best Acc: 0.84

Epoch: 38
Training: 100%|██████████| 391/391 [00:24<00:00, 16.19it/s]
Testing: 100%|██████████| 79/79 [00:01<00:00, 42.85it/s]
Train Loss: 0.233 | Train Acc: 0.86
Test Loss: 0.449 | Test Acc: 0.82
Best Acc: 0.84

Epoch: 39
Training: 100%|██████████| 391/391 [00:24<00:00, 16.03it/s]
Testing: 100%|██████████| 79/79 [00:01<00:00, 40.02it/s]
Train Loss: 0.227 | Train Acc: 0.86
Test Loss: 0.461 | Test Acc: 0.81
Best Acc: 0.84

Epoch: 40
Training: 100%|██████████| 391/391 [00:24<00:00, 16.23it/s]
Testing: 100%|██████████| 79/79 [00:01<00:00, 42.79it/s]
Train Loss: 0.224 | Train Acc: 0.86
Test Loss: 0.449 | Test Acc: 0.83
Best Acc: 0.84

Epoch: 41
Training: 100%|██████████| 391/391 [00:24<00:00, 16.01it/s]
Testing: 100%|██████████| 79/79 [00:01<00:00, 41.28it/s]
Train Loss: 0.221 | Train Acc: 0.86
Test Loss: 0.465 | Test Acc: 0.81
Best Acc: 0.84

Epoch: 42
Training: 100%|██████████| 391/391 [00:24<00:00, 16.23it/s]
Testing: 100%|██████████| 79/79 [00:01<00:00, 41.23it/s]
Train Loss: 0.216 | Train Acc: 0.87
Test Loss: 0.460 | Test Acc: 0.81
Best Acc: 0.84

Epoch: 43
Training: 100%|██████████| 391/391 [00:24<00:00, 16.08it/s]
Testing: 100%|██████████| 79/79 [00:01<00:00, 41.51it/s]
Train Loss: 0.214 | Train Acc: 0.87
Test Loss: 0.452 | Test Acc: 0.82
Best Acc: 0.84

Epoch: 44
Training: 100%|██████████| 391/391 [00:24<00:00, 16.12it/s]
Testing: 100%|██████████| 79/79 [00:02<00:00, 38.32it/s]
Train Loss: 0.214 | Train Acc: 0.87
Test Loss: 0.468 | Test Acc: 0.81
Best Acc: 0.84

Epoch: 45
Training: 100%|██████████| 391/391 [00:24<00:00, 16.08it/s]
Testing: 100%|██████████| 79/79 [00:02<00:00, 39.20it/s]
Train Loss: 0.209 | Train Acc: 0.87
Test Loss: 0.452 | Test Acc: 0.82
Best Acc: 0.84

Epoch: 46
Training: 100%|██████████| 391/391 [00:24<00:00, 16.21it/s]
Testing: 100%|██████████| 79/79 [00:01<00:00, 41.40it/s]
Train Loss: 0.208 | Train Acc: 0.87
Test Loss: 0.452 | Test Acc: 0.82
Best Acc: 0.84

Epoch: 47
Training: 100%|██████████| 391/391 [00:24<00:00, 16.03it/s]
Testing: 100%|██████████| 79/79 [00:01<00:00, 40.28it/s]
Train Loss: 0.207 | Train Acc: 0.87
Test Loss: 0.458 | Test Acc: 0.82
Best Acc: 0.84

Epoch: 48
Training: 100%|██████████| 391/391 [00:24<00:00, 16.21it/s]
Testing: 100%|██████████| 79/79 [00:02<00:00, 39.35it/s]
Train Loss: 0.208 | Train Acc: 0.87
Test Loss: 0.456 | Test Acc: 0.82
Best Acc: 0.84

Epoch: 49
Training: 100%|██████████| 391/391 [00:24<00:00, 16.18it/s]
Testing: 100%|██████████| 79/79 [00:02<00:00, 36.26it/s]
Train Loss: 0.207 | Train Acc: 0.87
Test Loss: 0.456 | Test Acc: 0.82
Best Acc: 0.84

Epoch: 50
Training: 100%|██████████| 391/391 [00:24<00:00, 16.22it/s]
Testing: 100%|██████████| 79/79 [00:01<00:00, 40.37it/s]
Train Loss: 0.206 | Train Acc: 0.87
Test Loss: 0.457 | Test Acc: 0.82
Best Acc: 0.84
