Downloading https://www.cs.toronto.edu/~kriz/cifar-10-python.tar.gz to ./data/cifar-10-python.tar.gz
100%|██████████| 170M/170M [00:13<00:00, 13.1MB/s] 
Extracting ./data/cifar-10-python.tar.gz to ./data
Files already downloaded and verified
Num of train 50000
Num of test 10000

Epoch: 1
Training: 100%|██████████| 391/391 [00:25<00:00, 15.44it/s]
Testing: 100%|██████████| 79/79 [00:02<00:00, 39.27it/s]
Train Loss: 6.767 | Train Acc: 0.27
Test Loss: 6.603 | Test Acc: 0.29
Best Acc: 0.29

Epoch: 2
Training: 100%|██████████| 391/391 [00:24<00:00, 16.21it/s]
Testing: 100%|██████████| 79/79 [00:01<00:00, 39.99it/s]
Train Loss: 6.288 | Train Acc: 0.32
Test Loss: 6.284 | Test Acc: 0.33
Best Acc: 0.33

Epoch: 3
Training: 100%|██████████| 391/391 [00:24<00:00, 15.78it/s]
Testing: 100%|██████████| 79/79 [00:01<00:00, 41.57it/s]
Train Loss: 5.932 | Train Acc: 0.36
Test Loss: 5.935 | Test Acc: 0.36
Best Acc: 0.36

Epoch: 4
Training: 100%|██████████| 391/391 [00:24<00:00, 16.20it/s]
Testing: 100%|██████████| 79/79 [00:01<00:00, 41.15it/s]
Train Loss: 5.784 | Train Acc: 0.38
Test Loss: 5.835 | Test Acc: 0.37
Best Acc: 0.37

Epoch: 5
Training: 100%|██████████| 391/391 [00:24<00:00, 16.06it/s]
Testing: 100%|██████████| 79/79 [00:01<00:00, 42.07it/s]
Train Loss: 5.580 | Train Acc: 0.40
Test Loss: 5.808 | Test Acc: 0.38
Best Acc: 0.38

Epoch: 6
Training: 100%|██████████| 391/391 [00:24<00:00, 16.17it/s]
Testing: 100%|██████████| 79/79 [00:01<00:00, 39.96it/s]
Train Loss: 5.428 | Train Acc: 0.42
Test Loss: 5.567 | Test Acc: 0.40
Best Acc: 0.40

Epoch: 7
Training: 100%|██████████| 391/391 [00:24<00:00, 16.07it/s]
Testing: 100%|██████████| 79/79 [00:02<00:00, 38.69it/s]
Train Loss: 5.119 | Train Acc: 0.45
Test Loss: 5.102 | Test Acc: 0.45
Best Acc: 0.45

Epoch: 8
Training: 100%|██████████| 391/391 [00:24<00:00, 16.10it/s]
Testing: 100%|██████████| 79/79 [00:01<00:00, 42.52it/s]
Train Loss: 4.908 | Train Acc: 0.47
Test Loss: 4.910 | Test Acc: 0.47
Best Acc: 0.47

Epoch: 9
Training: 100%|██████████| 391/391 [00:24<00:00, 16.06it/s]
Testing: 100%|██████████| 79/79 [00:01<00:00, 40.02it/s]
Train Loss: 4.673 | Train Acc: 0.50
Test Loss: 4.373 | Test Acc: 0.53
Best Acc: 0.53

Epoch: 10
Training: 100%|██████████| 391/391 [00:24<00:00, 16.21it/s]
Testing: 100%|██████████| 79/79 [00:01<00:00, 42.17it/s]
Train Loss: 4.517 | Train Acc: 0.51
Test Loss: 4.628 | Test Acc: 0.50
Best Acc: 0.53

Epoch: 11
Training: 100%|██████████| 391/391 [00:24<00:00, 16.03it/s]
Testing: 100%|██████████| 79/79 [00:01<00:00, 39.82it/s]
Train Loss: 4.330 | Train Acc: 0.53
Test Loss: 3.920 | Test Acc: 0.58
Best Acc: 0.58

Epoch: 12
Training: 100%|██████████| 391/391 [00:24<00:00, 16.22it/s]
Testing: 100%|██████████| 79/79 [00:02<00:00, 39.04it/s]
Train Loss: 4.185 | Train Acc: 0.55
Test Loss: 4.743 | Test Acc: 0.49
Best Acc: 0.58

Epoch: 13
Training: 100%|██████████| 391/391 [00:24<00:00, 15.97it/s]
Testing: 100%|██████████| 79/79 [00:01<00:00, 41.31it/s]
Train Loss: 4.061 | Train Acc: 0.56
Test Loss: 3.942 | Test Acc: 0.58
Best Acc: 0.58

Epoch: 14
Training: 100%|██████████| 391/391 [00:24<00:00, 16.18it/s]
Testing: 100%|██████████| 79/79 [00:01<00:00, 39.78it/s]
Train Loss: 3.931 | Train Acc: 0.58
Test Loss: 3.598 | Test Acc: 0.61
Best Acc: 0.61

Epoch: 15
Training: 100%|██████████| 391/391 [00:24<00:00, 16.19it/s]
Testing: 100%|██████████| 79/79 [00:02<00:00, 36.83it/s]
Train Loss: 3.778 | Train Acc: 0.59
Test Loss: 3.612 | Test Acc: 0.61
Best Acc: 0.61

Epoch: 16
Training: 100%|██████████| 391/391 [00:24<00:00, 16.15it/s]
Testing: 100%|██████████| 79/79 [00:01<00:00, 40.98it/s]
Train Loss: 3.701 | Train Acc: 0.60
Test Loss: 3.281 | Test Acc: 0.64
Best Acc: 0.64

Epoch: 17
Training: 100%|██████████| 391/391 [00:24<00:00, 16.13it/s]
Testing: 100%|██████████| 79/79 [00:01<00:00, 41.46it/s]
Train Loss: 3.639 | Train Acc: 0.61
Test Loss: 3.313 | Test Acc: 0.64
Best Acc: 0.64

Epoch: 18
Training: 100%|██████████| 391/391 [00:24<00:00, 16.00it/s]
Testing: 100%|██████████| 79/79 [00:01<00:00, 43.05it/s]
Train Loss: 3.571 | Train Acc: 0.62
Test Loss: 3.174 | Test Acc: 0.66
Best Acc: 0.66

Epoch: 19
Training: 100%|██████████| 391/391 [00:24<00:00, 16.17it/s]
Testing: 100%|██████████| 79/79 [00:01<00:00, 40.14it/s]
Train Loss: 3.486 | Train Acc: 0.62
Test Loss: 3.169 | Test Acc: 0.66
Best Acc: 0.66

Epoch: 20
Training: 100%|██████████| 391/391 [00:24<00:00, 16.02it/s]
Testing: 100%|██████████| 79/79 [00:01<00:00, 41.96it/s]
Train Loss: 3.403 | Train Acc: 0.63
Test Loss: 3.009 | Test Acc: 0.68
Best Acc: 0.68

Epoch: 21
Training: 100%|██████████| 391/391 [00:24<00:00, 16.14it/s]
Testing: 100%|██████████| 79/79 [00:01<00:00, 42.16it/s]
Train Loss: 3.311 | Train Acc: 0.64
Test Loss: 2.886 | Test Acc: 0.69
Best Acc: 0.69

Epoch: 22
Training: 100%|██████████| 391/391 [00:24<00:00, 16.02it/s]
Testing: 100%|██████████| 79/79 [00:02<00:00, 39.11it/s]
Train Loss: 3.233 | Train Acc: 0.65
Test Loss: 2.983 | Test Acc: 0.68
Best Acc: 0.69

Epoch: 23
Training: 100%|██████████| 391/391 [00:24<00:00, 16.18it/s]
Testing: 100%|██████████| 79/79 [00:02<00:00, 38.12it/s]
Train Loss: 3.155 | Train Acc: 0.66
Test Loss: 2.700 | Test Acc: 0.71
Best Acc: 0.71

Epoch: 24
Training: 100%|██████████| 391/391 [00:24<00:00, 15.97it/s]
Testing: 100%|██████████| 79/79 [00:02<00:00, 38.76it/s]
Train Loss: 3.094 | Train Acc: 0.67
Test Loss: 2.628 | Test Acc: 0.72
Best Acc: 0.72

Epoch: 25
Training: 100%|██████████| 391/391 [00:24<00:00, 16.17it/s]
Testing: 100%|██████████| 79/79 [00:02<00:00, 38.57it/s]
Train Loss: 3.017 | Train Acc: 0.68
Test Loss: 2.525 | Test Acc: 0.73
Best Acc: 0.73

Epoch: 26
Training: 100%|██████████| 391/391 [00:24<00:00, 15.98it/s]
Testing: 100%|██████████| 79/79 [00:01<00:00, 42.93it/s]
Train Loss: 2.944 | Train Acc: 0.68
Test Loss: 2.504 | Test Acc: 0.73
Best Acc: 0.73

Epoch: 27
Training: 100%|██████████| 391/391 [00:24<00:00, 16.17it/s]
Testing: 100%|██████████| 79/79 [00:02<00:00, 38.85it/s]
Train Loss: 2.914 | Train Acc: 0.69
Test Loss: 2.632 | Test Acc: 0.72
Best Acc: 0.73

Epoch: 28
Training: 100%|██████████| 391/391 [00:24<00:00, 16.01it/s]
Testing: 100%|██████████| 79/79 [00:02<00:00, 38.73it/s]
Train Loss: 2.836 | Train Acc: 0.69
Test Loss: 2.589 | Test Acc: 0.72
Best Acc: 0.73

Epoch: 29
Training: 100%|██████████| 391/391 [00:24<00:00, 16.14it/s]
Testing: 100%|██████████| 79/79 [00:02<00:00, 38.82it/s]
Train Loss: 2.781 | Train Acc: 0.70
Test Loss: 2.345 | Test Acc: 0.75
Best Acc: 0.75

Epoch: 30
Training: 100%|██████████| 391/391 [00:24<00:00, 16.00it/s]
Testing: 100%|██████████| 79/79 [00:02<00:00, 39.19it/s]
Train Loss: 2.730 | Train Acc: 0.71
Test Loss: 2.475 | Test Acc: 0.73
Best Acc: 0.75

Epoch: 31
Training: 100%|██████████| 391/391 [00:24<00:00, 16.14it/s]
Testing: 100%|██████████| 79/79 [00:01<00:00, 43.04it/s]
Train Loss: 2.684 | Train Acc: 0.71
Test Loss: 2.318 | Test Acc: 0.75
Best Acc: 0.75

Epoch: 32
Training: 100%|██████████| 391/391 [00:24<00:00, 16.20it/s]
Testing: 100%|██████████| 79/79 [00:02<00:00, 35.44it/s]
Train Loss: 2.615 | Train Acc: 0.72
Test Loss: 2.193 | Test Acc: 0.76
Best Acc: 0.76

Epoch: 33
Training: 100%|██████████| 391/391 [00:24<00:00, 16.15it/s]
Testing: 100%|██████████| 79/79 [00:01<00:00, 41.86it/s]
Train Loss: 2.557 | Train Acc: 0.72
Test Loss: 2.074 | Test Acc: 0.78
Best Acc: 0.78

Epoch: 34
Training: 100%|██████████| 391/391 [00:24<00:00, 16.16it/s]
Testing: 100%|██████████| 79/79 [00:01<00:00, 40.92it/s]
Train Loss: 2.519 | Train Acc: 0.73
Test Loss: 2.051 | Test Acc: 0.78
Best Acc: 0.78

Epoch: 35
Training: 100%|██████████| 391/391 [00:24<00:00, 16.00it/s]
Testing: 100%|██████████| 79/79 [00:02<00:00, 38.40it/s]
Train Loss: 2.484 | Train Acc: 0.73
Test Loss: 2.035 | Test Acc: 0.78
Best Acc: 0.78

Epoch: 36
Training: 100%|██████████| 391/391 [00:24<00:00, 16.13it/s]
Testing: 100%|██████████| 79/79 [00:01<00:00, 41.04it/s]
Train Loss: 2.438 | Train Acc: 0.74
Test Loss: 2.000 | Test Acc: 0.78
Best Acc: 0.78

Epoch: 37
Training: 100%|██████████| 391/391 [00:24<00:00, 16.01it/s]
Testing: 100%|██████████| 79/79 [00:01<00:00, 40.66it/s]
Train Loss: 2.406 | Train Acc: 0.74
Test Loss: 1.965 | Test Acc: 0.79
Best Acc: 0.79

Epoch: 38
Training: 100%|██████████| 391/391 [00:24<00:00, 16.18it/s]
Testing: 100%|██████████| 79/79 [00:02<00:00, 39.39it/s]
Train Loss: 2.360 | Train Acc: 0.75
Test Loss: 1.897 | Test Acc: 0.80
Best Acc: 0.80

Epoch: 39
Training: 100%|██████████| 391/391 [00:24<00:00, 15.99it/s]
Testing: 100%|██████████| 79/79 [00:01<00:00, 43.15it/s]
Train Loss: 2.343 | Train Acc: 0.75
Test Loss: 1.856 | Test Acc: 0.80
Best Acc: 0.80

Epoch: 40
Training: 100%|██████████| 391/391 [00:24<00:00, 16.20it/s]
Testing: 100%|██████████| 79/79 [00:01<00:00, 42.82it/s]
Train Loss: 2.292 | Train Acc: 0.75
Test Loss: 1.850 | Test Acc: 0.80
Best Acc: 0.80

Epoch: 41
Training: 100%|██████████| 391/391 [00:24<00:00, 16.00it/s]
Testing: 100%|██████████| 79/79 [00:01<00:00, 42.84it/s]
Train Loss: 2.268 | Train Acc: 0.76
Test Loss: 1.825 | Test Acc: 0.81
Best Acc: 0.81

Epoch: 42
Training: 100%|██████████| 391/391 [00:24<00:00, 16.18it/s]
Testing: 100%|██████████| 79/79 [00:01<00:00, 43.09it/s]
Train Loss: 2.250 | Train Acc: 0.76
Test Loss: 1.809 | Test Acc: 0.81
Best Acc: 0.81

Epoch: 43
Training: 100%|██████████| 391/391 [00:24<00:00, 16.02it/s]
Testing: 100%|██████████| 79/79 [00:01<00:00, 41.23it/s]
Train Loss: 2.219 | Train Acc: 0.76
Test Loss: 1.810 | Test Acc: 0.81
Best Acc: 0.81

Epoch: 44
Training: 100%|██████████| 391/391 [00:24<00:00, 16.16it/s]
Testing: 100%|██████████| 79/79 [00:01<00:00, 40.23it/s]
Train Loss: 2.226 | Train Acc: 0.76
Test Loss: 1.804 | Test Acc: 0.81
Best Acc: 0.81

Epoch: 45
Training: 100%|██████████| 391/391 [00:24<00:00, 16.03it/s]
Testing: 100%|██████████| 79/79 [00:02<00:00, 38.54it/s]
Train Loss: 2.199 | Train Acc: 0.76
Test Loss: 1.775 | Test Acc: 0.81
Best Acc: 0.81

Epoch: 46
Training: 100%|██████████| 391/391 [00:24<00:00, 16.13it/s]
Testing: 100%|██████████| 79/79 [00:01<00:00, 41.29it/s]
Train Loss: 2.185 | Train Acc: 0.77
Test Loss: 1.756 | Test Acc: 0.81
Best Acc: 0.81

Epoch: 47
Training: 100%|██████████| 391/391 [00:24<00:00, 16.00it/s]
Testing: 100%|██████████| 79/79 [00:01<00:00, 40.96it/s]
Train Loss: 2.172 | Train Acc: 0.77
Test Loss: 1.761 | Test Acc: 0.81
Best Acc: 0.81

Epoch: 48
Training: 100%|██████████| 391/391 [00:24<00:00, 16.18it/s]
Testing: 100%|██████████| 79/79 [00:01<00:00, 40.96it/s]
Train Loss: 2.179 | Train Acc: 0.77
Test Loss: 1.758 | Test Acc: 0.81
Best Acc: 0.81

Epoch: 49
Training: 100%|██████████| 391/391 [00:24<00:00, 16.15it/s]
Testing: 100%|██████████| 79/79 [00:02<00:00, 36.31it/s]
Train Loss: 2.173 | Train Acc: 0.77
Test Loss: 1.757 | Test Acc: 0.81
Best Acc: 0.81

Epoch: 50
Training: 100%|██████████| 391/391 [00:24<00:00, 16.13it/s]
Testing: 100%|██████████| 79/79 [00:01<00:00, 40.26it/s]
Train Loss: 2.162 | Train Acc: 0.77
Test Loss: 1.751 | Test Acc: 0.81
Best Acc: 0.81
