Downloading https://www.cs.toronto.edu/~kriz/cifar-10-python.tar.gz to ./data/cifar-10-python.tar.gz
100%|██████████| 170M/170M [00:03<00:00, 56.7MB/s] 
Extracting ./data/cifar-10-python.tar.gz to ./data
Files already downloaded and verified
Num of train 50000
Num of test 10000

Epoch: 1
Training: 100%|██████████| 391/391 [00:25<00:00, 15.11it/s]
Testing: 100%|██████████| 79/79 [00:02<00:00, 35.63it/s]
Train Loss: 1.453 | Train Acc: 0.41
Test Loss: 1.146 | Test Acc: 0.53
Best Acc: 0.53

Epoch: 2
Training: 100%|██████████| 391/391 [00:24<00:00, 15.90it/s]
Testing: 100%|██████████| 79/79 [00:02<00:00, 38.63it/s]
Train Loss: 1.082 | Train Acc: 0.54
Test Loss: 1.056 | Test Acc: 0.60
Best Acc: 0.60

Epoch: 3
Training: 100%|██████████| 391/391 [00:25<00:00, 15.41it/s]
Testing: 100%|██████████| 79/79 [00:02<00:00, 37.01it/s]
Train Loss: 0.910 | Train Acc: 0.61
Test Loss: 0.775 | Test Acc: 0.68
Best Acc: 0.68

Epoch: 4
Training: 100%|██████████| 391/391 [00:24<00:00, 15.84it/s]
Testing: 100%|██████████| 79/79 [00:02<00:00, 35.97it/s]
Train Loss: 0.806 | Train Acc: 0.65
Test Loss: 0.725 | Test Acc: 0.69
Best Acc: 0.69

Epoch: 5
Training: 100%|██████████| 391/391 [00:24<00:00, 15.65it/s]
Testing: 100%|██████████| 79/79 [00:02<00:00, 37.84it/s]
Train Loss: 0.725 | Train Acc: 0.68
Test Loss: 0.626 | Test Acc: 0.74
Best Acc: 0.74

Epoch: 6
Training: 100%|██████████| 391/391 [00:24<00:00, 15.81it/s]
Testing: 100%|██████████| 79/79 [00:02<00:00, 33.89it/s]
Train Loss: 0.671 | Train Acc: 0.70
Test Loss: 0.569 | Test Acc: 0.75
Best Acc: 0.75

Epoch: 7
Training: 100%|██████████| 391/391 [00:24<00:00, 15.69it/s]
Testing: 100%|██████████| 79/79 [00:02<00:00, 37.91it/s]
Train Loss: 0.630 | Train Acc: 0.71
Test Loss: 0.597 | Test Acc: 0.75
Best Acc: 0.75

Epoch: 8
Training: 100%|██████████| 391/391 [00:24<00:00, 15.87it/s]
Testing: 100%|██████████| 79/79 [00:01<00:00, 40.15it/s]
Train Loss: 0.589 | Train Acc: 0.73
Test Loss: 0.546 | Test Acc: 0.78
Best Acc: 0.78

Epoch: 9
Training: 100%|██████████| 391/391 [00:24<00:00, 15.78it/s]
Testing: 100%|██████████| 79/79 [00:02<00:00, 37.64it/s]
Train Loss: 0.558 | Train Acc: 0.74
Test Loss: 0.551 | Test Acc: 0.77
Best Acc: 0.78

Epoch: 10
Training: 100%|██████████| 391/391 [00:24<00:00, 15.93it/s]
Testing: 100%|██████████| 79/79 [00:02<00:00, 38.12it/s]
Train Loss: 0.531 | Train Acc: 0.75
Test Loss: 0.528 | Test Acc: 0.79
Best Acc: 0.79

Epoch: 11
Training: 100%|██████████| 391/391 [00:24<00:00, 15.73it/s]
Testing: 100%|██████████| 79/79 [00:02<00:00, 35.97it/s]
Train Loss: 0.506 | Train Acc: 0.76
Test Loss: 0.501 | Test Acc: 0.80
Best Acc: 0.80

Epoch: 12
Training: 100%|██████████| 391/391 [00:24<00:00, 15.93it/s]
Testing: 100%|██████████| 79/79 [00:02<00:00, 34.52it/s]
Train Loss: 0.479 | Train Acc: 0.77
Test Loss: 0.460 | Test Acc: 0.81
Best Acc: 0.81

Epoch: 13
Training: 100%|██████████| 391/391 [00:24<00:00, 15.73it/s]
Testing: 100%|██████████| 79/79 [00:02<00:00, 35.26it/s]
Train Loss: 0.465 | Train Acc: 0.78
Test Loss: 0.442 | Test Acc: 0.83
Best Acc: 0.83

Epoch: 14
Training: 100%|██████████| 391/391 [00:24<00:00, 15.92it/s]
Testing: 100%|██████████| 79/79 [00:02<00:00, 36.53it/s]
Train Loss: 0.442 | Train Acc: 0.79
Test Loss: 0.472 | Test Acc: 0.80
Best Acc: 0.83

Epoch: 15
Training: 100%|██████████| 391/391 [00:24<00:00, 15.89it/s]
Testing: 100%|██████████| 79/79 [00:02<00:00, 32.59it/s]
Train Loss: 0.427 | Train Acc: 0.79
Test Loss: 0.510 | Test Acc: 0.80
Best Acc: 0.83

Epoch: 16
Training: 100%|██████████| 391/391 [00:24<00:00, 15.89it/s]
Testing: 100%|██████████| 79/79 [00:02<00:00, 35.89it/s]
Train Loss: 0.405 | Train Acc: 0.80
Test Loss: 0.439 | Test Acc: 0.82
Best Acc: 0.83

Epoch: 17
Training: 100%|██████████| 391/391 [00:24<00:00, 15.93it/s]
Testing: 100%|██████████| 79/79 [00:02<00:00, 38.57it/s]
Train Loss: 0.395 | Train Acc: 0.81
Test Loss: 0.488 | Test Acc: 0.82
Best Acc: 0.83

Epoch: 18
Training: 100%|██████████| 391/391 [00:24<00:00, 15.76it/s]
Testing: 100%|██████████| 79/79 [00:02<00:00, 35.62it/s]
Train Loss: 0.380 | Train Acc: 0.81
Test Loss: 0.420 | Test Acc: 0.84
Best Acc: 0.84

Epoch: 19
Training: 100%|██████████| 391/391 [00:24<00:00, 15.94it/s]
Testing: 100%|██████████| 79/79 [00:01<00:00, 41.70it/s]
Train Loss: 0.370 | Train Acc: 0.81
Test Loss: 0.489 | Test Acc: 0.81
Best Acc: 0.84

Epoch: 20
Training: 100%|██████████| 391/391 [00:24<00:00, 15.79it/s]
Testing: 100%|██████████| 79/79 [00:02<00:00, 39.06it/s]
Train Loss: 0.352 | Train Acc: 0.82
Test Loss: 0.395 | Test Acc: 0.85
Best Acc: 0.85

Epoch: 21
Training: 100%|██████████| 391/391 [00:24<00:00, 15.93it/s]
Testing: 100%|██████████| 79/79 [00:01<00:00, 39.67it/s]
Train Loss: 0.342 | Train Acc: 0.83
Test Loss: 0.403 | Test Acc: 0.84
Best Acc: 0.85

Epoch: 22
Training: 100%|██████████| 391/391 [00:24<00:00, 15.83it/s]
Testing: 100%|██████████| 79/79 [00:02<00:00, 39.36it/s]
Train Loss: 0.327 | Train Acc: 0.83
Test Loss: 0.434 | Test Acc: 0.82
Best Acc: 0.85

Epoch: 23
Training: 100%|██████████| 391/391 [00:24<00:00, 15.98it/s]
Testing: 100%|██████████| 79/79 [00:01<00:00, 41.13it/s]
Train Loss: 0.318 | Train Acc: 0.83
Test Loss: 0.403 | Test Acc: 0.85
Best Acc: 0.85

Epoch: 24
Training: 100%|██████████| 391/391 [00:24<00:00, 15.78it/s]
Testing: 100%|██████████| 79/79 [00:02<00:00, 35.75it/s]
Train Loss: 0.309 | Train Acc: 0.84
Test Loss: 0.410 | Test Acc: 0.85
Best Acc: 0.85

Epoch: 25
Training: 100%|██████████| 391/391 [00:24<00:00, 15.97it/s]
Testing: 100%|██████████| 79/79 [00:02<00:00, 35.16it/s]
Train Loss: 0.297 | Train Acc: 0.84
Test Loss: 0.424 | Test Acc: 0.83
Best Acc: 0.85

Epoch: 26
Training: 100%|██████████| 391/391 [00:24<00:00, 15.80it/s]
Testing: 100%|██████████| 79/79 [00:02<00:00, 35.60it/s]
Train Loss: 0.290 | Train Acc: 0.85
Test Loss: 0.401 | Test Acc: 0.85
Best Acc: 0.85

Epoch: 27
Training: 100%|██████████| 391/391 [00:24<00:00, 15.99it/s]
Testing: 100%|██████████| 79/79 [00:02<00:00, 35.85it/s]
Train Loss: 0.277 | Train Acc: 0.85
Test Loss: 0.432 | Test Acc: 0.83
Best Acc: 0.85

Epoch: 28
Training: 100%|██████████| 391/391 [00:24<00:00, 15.85it/s]
Testing: 100%|██████████| 79/79 [00:01<00:00, 42.39it/s]
Train Loss: 0.267 | Train Acc: 0.86
Test Loss: 0.431 | Test Acc: 0.84
Best Acc: 0.85

Epoch: 29
Training: 100%|██████████| 391/391 [00:24<00:00, 15.94it/s]
Testing: 100%|██████████| 79/79 [00:01<00:00, 40.09it/s]
Train Loss: 0.262 | Train Acc: 0.86
Test Loss: 0.425 | Test Acc: 0.84
Best Acc: 0.85

Epoch: 30
Training: 100%|██████████| 391/391 [00:24<00:00, 15.84it/s]
Testing: 100%|██████████| 79/79 [00:02<00:00, 37.07it/s]
Train Loss: 0.247 | Train Acc: 0.87
Test Loss: 0.401 | Test Acc: 0.85
Best Acc: 0.85

Epoch: 31
Training: 100%|██████████| 391/391 [00:24<00:00, 15.93it/s]
Testing: 100%|██████████| 79/79 [00:02<00:00, 39.17it/s]
Train Loss: 0.244 | Train Acc: 0.87
Test Loss: 0.430 | Test Acc: 0.84
Best Acc: 0.85

Epoch: 32
Training: 100%|██████████| 391/391 [00:24<00:00, 15.98it/s]
Testing: 100%|██████████| 79/79 [00:02<00:00, 34.92it/s]
Train Loss: 0.232 | Train Acc: 0.87
Test Loss: 0.415 | Test Acc: 0.85
Best Acc: 0.85

Epoch: 33
Training: 100%|██████████| 391/391 [00:24<00:00, 16.00it/s]
Testing: 100%|██████████| 79/79 [00:02<00:00, 36.50it/s]
Train Loss: 0.230 | Train Acc: 0.87
Test Loss: 0.417 | Test Acc: 0.85
Best Acc: 0.85

Epoch: 34
Training: 100%|██████████| 391/391 [00:24<00:00, 15.95it/s]
Testing: 100%|██████████| 79/79 [00:02<00:00, 35.96it/s]
Train Loss: 0.219 | Train Acc: 0.88
Test Loss: 0.425 | Test Acc: 0.84
Best Acc: 0.85

Epoch: 35
Training: 100%|██████████| 391/391 [00:24<00:00, 15.84it/s]
Testing: 100%|██████████| 79/79 [00:02<00:00, 38.72it/s]
Train Loss: 0.214 | Train Acc: 0.88
Test Loss: 0.412 | Test Acc: 0.85
Best Acc: 0.85

Epoch: 36
Training: 100%|██████████| 391/391 [00:24<00:00, 15.99it/s]
Testing: 100%|██████████| 79/79 [00:02<00:00, 36.66it/s]
Train Loss: 0.209 | Train Acc: 0.88
Test Loss: 0.409 | Test Acc: 0.86
Best Acc: 0.86

Epoch: 37
Training: 100%|██████████| 391/391 [00:24<00:00, 15.81it/s]
Testing: 100%|██████████| 79/79 [00:01<00:00, 42.02it/s]
Train Loss: 0.204 | Train Acc: 0.89
Test Loss: 0.427 | Test Acc: 0.84
Best Acc: 0.86

Epoch: 38
Training: 100%|██████████| 391/391 [00:24<00:00, 15.99it/s]
Testing: 100%|██████████| 79/79 [00:01<00:00, 40.51it/s]
Train Loss: 0.199 | Train Acc: 0.89
Test Loss: 0.414 | Test Acc: 0.85
Best Acc: 0.86

Epoch: 39
Training: 100%|██████████| 391/391 [00:24<00:00, 15.81it/s]
Testing: 100%|██████████| 79/79 [00:01<00:00, 41.98it/s]
Train Loss: 0.194 | Train Acc: 0.89
Test Loss: 0.409 | Test Acc: 0.86
Best Acc: 0.86

Epoch: 40
Training: 100%|██████████| 391/391 [00:24<00:00, 15.98it/s]
Testing: 100%|██████████| 79/79 [00:02<00:00, 37.24it/s]
Train Loss: 0.190 | Train Acc: 0.89
Test Loss: 0.424 | Test Acc: 0.84
Best Acc: 0.86

Epoch: 41
Training: 100%|██████████| 391/391 [00:24<00:00, 15.79it/s]
Testing: 100%|██████████| 79/79 [00:02<00:00, 36.73it/s]
Train Loss: 0.185 | Train Acc: 0.90
Test Loss: 0.419 | Test Acc: 0.85
Best Acc: 0.86

Epoch: 42
Training: 100%|██████████| 391/391 [00:24<00:00, 16.01it/s]
Testing: 100%|██████████| 79/79 [00:02<00:00, 37.82it/s]
Train Loss: 0.182 | Train Acc: 0.90
Test Loss: 0.414 | Test Acc: 0.85
Best Acc: 0.86

Epoch: 43
Training: 100%|██████████| 391/391 [00:24<00:00, 15.84it/s]
Testing: 100%|██████████| 79/79 [00:01<00:00, 42.00it/s]
Train Loss: 0.179 | Train Acc: 0.90
Test Loss: 0.420 | Test Acc: 0.85
Best Acc: 0.86

Epoch: 44
Training: 100%|██████████| 391/391 [00:24<00:00, 15.97it/s]
Testing: 100%|██████████| 79/79 [00:01<00:00, 41.30it/s]
Train Loss: 0.177 | Train Acc: 0.90
Test Loss: 0.421 | Test Acc: 0.85
Best Acc: 0.86

Epoch: 45
Training: 100%|██████████| 391/391 [00:24<00:00, 15.85it/s]
Testing: 100%|██████████| 79/79 [00:02<00:00, 38.63it/s]
Train Loss: 0.175 | Train Acc: 0.90
Test Loss: 0.422 | Test Acc: 0.85
Best Acc: 0.86

Epoch: 46
Training: 100%|██████████| 391/391 [00:24<00:00, 16.00it/s]
Testing: 100%|██████████| 79/79 [00:01<00:00, 39.62it/s]
Train Loss: 0.172 | Train Acc: 0.91
Test Loss: 0.419 | Test Acc: 0.85
Best Acc: 0.86

Epoch: 47
Training: 100%|██████████| 391/391 [00:24<00:00, 15.83it/s]
Testing: 100%|██████████| 79/79 [00:01<00:00, 40.94it/s]
Train Loss: 0.172 | Train Acc: 0.90
Test Loss: 0.413 | Test Acc: 0.85
Best Acc: 0.86

Epoch: 48
Training: 100%|██████████| 391/391 [00:24<00:00, 16.03it/s]
Testing: 100%|██████████| 79/79 [00:02<00:00, 38.70it/s]
Train Loss: 0.172 | Train Acc: 0.90
Test Loss: 0.416 | Test Acc: 0.85
Best Acc: 0.86

Epoch: 49
Training: 100%|██████████| 391/391 [00:24<00:00, 16.00it/s]
Testing: 100%|██████████| 79/79 [00:02<00:00, 36.07it/s]
Train Loss: 0.171 | Train Acc: 0.90
Test Loss: 0.420 | Test Acc: 0.85
Best Acc: 0.86

Epoch: 50
Training: 100%|██████████| 391/391 [00:24<00:00, 16.02it/s]
Testing: 100%|██████████| 79/79 [00:01<00:00, 41.37it/s]
Train Loss: 0.170 | Train Acc: 0.91
Test Loss: 0.417 | Test Acc: 0.85
Best Acc: 0.86
