100%|██████████| 170M/170M [00:03<00:00, 43.4MB/s] 
Num of train 50000
Num of test 10000

Epoch: 1
Training: 100%|██████████| 391/391 [00:43<00:00,  8.89it/s]
Testing: 100%|██████████| 79/79 [00:03<00:00, 25.66it/s]
Train Loss: 7.076 | Train Acc: 0.24
Test Loss: 7.087 | Test Acc: 0.24
Best Acc: 0.24

Epoch: 2
Training: 100%|██████████| 391/391 [00:42<00:00,  9.25it/s]
Testing: 100%|██████████| 79/79 [00:03<00:00, 24.89it/s]
Train Loss: 6.325 | Train Acc: 0.32
Test Loss: 6.313 | Test Acc: 0.32
Best Acc: 0.32

Epoch: 3
Training: 100%|██████████| 391/391 [00:43<00:00,  9.04it/s]
Testing: 100%|██████████| 79/79 [00:03<00:00, 26.03it/s]
Train Loss: 5.942 | Train Acc: 0.36
Test Loss: 6.119 | Test Acc: 0.34
Best Acc: 0.34

Epoch: 4
Training: 100%|██████████| 391/391 [00:42<00:00,  9.25it/s]
Testing: 100%|██████████| 79/79 [00:02<00:00, 26.86it/s]
Train Loss: 5.789 | Train Acc: 0.38
Test Loss: 5.859 | Test Acc: 0.37
Best Acc: 0.37

Epoch: 5
Training: 100%|██████████| 391/391 [00:42<00:00,  9.18it/s]
Testing: 100%|██████████| 79/79 [00:03<00:00, 22.53it/s]
Train Loss: 5.536 | Train Acc: 0.40
Test Loss: 5.447 | Test Acc: 0.41
Best Acc: 0.41

Epoch: 6
Training: 100%|██████████| 391/391 [00:42<00:00,  9.26it/s]
Testing: 100%|██████████| 79/79 [00:02<00:00, 26.77it/s]
Train Loss: 5.252 | Train Acc: 0.44
Test Loss: 5.281 | Test Acc: 0.43
Best Acc: 0.43

Epoch: 7
Training: 100%|██████████| 391/391 [00:42<00:00,  9.19it/s]
Testing: 100%|██████████| 79/79 [00:04<00:00, 19.32it/s]
Train Loss: 5.008 | Train Acc: 0.46
Test Loss: 4.626 | Test Acc: 0.50
Best Acc: 0.50

Epoch: 8
Training: 100%|██████████| 391/391 [00:42<00:00,  9.22it/s]
Testing: 100%|██████████| 79/79 [00:03<00:00, 26.21it/s]
Train Loss: 4.756 | Train Acc: 0.49
Test Loss: 4.638 | Test Acc: 0.50
Best Acc: 0.50

Epoch: 9
Training: 100%|██████████| 391/391 [00:42<00:00,  9.20it/s]
Testing: 100%|██████████| 79/79 [00:03<00:00, 20.96it/s]
Train Loss: 4.683 | Train Acc: 0.50
Test Loss: 4.447 | Test Acc: 0.52
Best Acc: 0.52

Epoch: 10
Training: 100%|██████████| 391/391 [00:42<00:00,  9.23it/s]
Testing: 100%|██████████| 79/79 [00:02<00:00, 26.84it/s]
Train Loss: 4.463 | Train Acc: 0.52
Test Loss: 4.199 | Test Acc: 0.55
Best Acc: 0.55

Epoch: 11
Training: 100%|██████████| 391/391 [00:42<00:00,  9.13it/s]
Testing: 100%|██████████| 79/79 [00:03<00:00, 25.24it/s]
Train Loss: 4.359 | Train Acc: 0.53
Test Loss: 4.409 | Test Acc: 0.53
Best Acc: 0.55

Epoch: 12
Training: 100%|██████████| 391/391 [00:42<00:00,  9.17it/s]
Testing: 100%|██████████| 79/79 [00:02<00:00, 26.55it/s]
Train Loss: 4.139 | Train Acc: 0.55
Test Loss: 4.076 | Test Acc: 0.56
Best Acc: 0.56

Epoch: 13
Training: 100%|██████████| 391/391 [00:42<00:00,  9.14it/s]
Testing: 100%|██████████| 79/79 [00:02<00:00, 26.36it/s]
Train Loss: 3.987 | Train Acc: 0.57
Test Loss: 3.680 | Test Acc: 0.60
Best Acc: 0.60

Epoch: 14
Training: 100%|██████████| 391/391 [00:42<00:00,  9.19it/s]
Testing: 100%|██████████| 79/79 [00:03<00:00, 21.53it/s]
Train Loss: 3.919 | Train Acc: 0.58
Test Loss: 3.621 | Test Acc: 0.61
Best Acc: 0.61

Epoch: 15
Training: 100%|██████████| 391/391 [00:42<00:00,  9.23it/s]
Testing: 100%|██████████| 79/79 [00:03<00:00, 24.59it/s]
Train Loss: 3.777 | Train Acc: 0.59
Test Loss: 3.474 | Test Acc: 0.63
Best Acc: 0.63

Epoch: 16
Training: 100%|██████████| 391/391 [00:42<00:00,  9.25it/s]
Testing: 100%|██████████| 79/79 [00:03<00:00, 20.99it/s]
Train Loss: 3.681 | Train Acc: 0.60
Test Loss: 3.421 | Test Acc: 0.63
Best Acc: 0.63

Epoch: 17
Training: 100%|██████████| 391/391 [00:42<00:00,  9.22it/s]
Testing: 100%|██████████| 79/79 [00:02<00:00, 26.56it/s]
Train Loss: 3.590 | Train Acc: 0.61
Test Loss: 3.450 | Test Acc: 0.63
Best Acc: 0.63

Epoch: 18
Training: 100%|██████████| 391/391 [00:42<00:00,  9.16it/s]
Testing: 100%|██████████| 79/79 [00:03<00:00, 25.66it/s]
Train Loss: 3.454 | Train Acc: 0.63
Test Loss: 3.119 | Test Acc: 0.66
Best Acc: 0.66

Epoch: 19
Training: 100%|██████████| 391/391 [00:42<00:00,  9.20it/s]
Testing: 100%|██████████| 79/79 [00:02<00:00, 26.49it/s]
Train Loss: 3.382 | Train Acc: 0.64
Test Loss: 3.136 | Test Acc: 0.66
Best Acc: 0.66

Epoch: 20
Training: 100%|██████████| 391/391 [00:42<00:00,  9.16it/s]
Testing: 100%|██████████| 79/79 [00:03<00:00, 26.28it/s]
Train Loss: 3.288 | Train Acc: 0.65
Test Loss: 3.087 | Test Acc: 0.67
Best Acc: 0.67

Epoch: 21
Training: 100%|██████████| 391/391 [00:42<00:00,  9.20it/s]
Testing: 100%|██████████| 79/79 [00:03<00:00, 23.22it/s]
Train Loss: 3.247 | Train Acc: 0.65
Test Loss: 2.898 | Test Acc: 0.69
Best Acc: 0.69

Epoch: 22
Training: 100%|██████████| 391/391 [00:42<00:00,  9.18it/s]
Testing: 100%|██████████| 79/79 [00:02<00:00, 26.52it/s]
Train Loss: 3.103 | Train Acc: 0.67
Test Loss: 2.737 | Test Acc: 0.71
Best Acc: 0.71

Epoch: 23
Training: 100%|██████████| 391/391 [00:42<00:00,  9.24it/s]
Testing: 100%|██████████| 79/79 [00:03<00:00, 20.58it/s]
Train Loss: 3.080 | Train Acc: 0.67
Test Loss: 2.893 | Test Acc: 0.69
Best Acc: 0.71

Epoch: 24
Training: 100%|██████████| 391/391 [00:42<00:00,  9.19it/s]
Testing: 100%|██████████| 79/79 [00:02<00:00, 26.48it/s]
Train Loss: 3.042 | Train Acc: 0.67
Test Loss: 2.552 | Test Acc: 0.72
Best Acc: 0.72

Epoch: 25
Training: 100%|██████████| 391/391 [00:42<00:00,  9.23it/s]
Testing: 100%|██████████| 79/79 [00:03<00:00, 20.12it/s]
Train Loss: 2.961 | Train Acc: 0.68
Test Loss: 2.727 | Test Acc: 0.71
Best Acc: 0.72

Epoch: 26
Training: 100%|██████████| 391/391 [00:42<00:00,  9.17it/s]
Testing: 100%|██████████| 79/79 [00:02<00:00, 26.89it/s]
Train Loss: 2.911 | Train Acc: 0.69
Test Loss: 2.620 | Test Acc: 0.72
Best Acc: 0.72

Epoch: 27
Training: 100%|██████████| 391/391 [00:42<00:00,  9.24it/s]
Testing: 100%|██████████| 79/79 [00:03<00:00, 22.75it/s]
Train Loss: 2.855 | Train Acc: 0.69
Test Loss: 2.375 | Test Acc: 0.74
Best Acc: 0.74

Epoch: 28
Training: 100%|██████████| 391/391 [00:42<00:00,  9.16it/s]
Testing: 100%|██████████| 79/79 [00:02<00:00, 26.56it/s]
Train Loss: 2.785 | Train Acc: 0.70
Test Loss: 2.476 | Test Acc: 0.73
Best Acc: 0.74

Epoch: 29
Training: 100%|██████████| 391/391 [00:42<00:00,  9.24it/s]
Testing: 100%|██████████| 79/79 [00:02<00:00, 26.61it/s]
Train Loss: 2.714 | Train Acc: 0.71
Test Loss: 2.312 | Test Acc: 0.75
Best Acc: 0.75

Epoch: 30
Training: 100%|██████████| 391/391 [00:42<00:00,  9.11it/s]
Testing: 100%|██████████| 79/79 [00:02<00:00, 26.70it/s]
Train Loss: 2.682 | Train Acc: 0.71
Test Loss: 2.348 | Test Acc: 0.75
Best Acc: 0.75

Epoch: 31
Training: 100%|██████████| 391/391 [00:42<00:00,  9.22it/s]
Testing: 100%|██████████| 79/79 [00:02<00:00, 26.61it/s]
Train Loss: 2.642 | Train Acc: 0.72
Test Loss: 2.184 | Test Acc: 0.76
Best Acc: 0.76

Epoch: 32
Training: 100%|██████████| 391/391 [00:42<00:00,  9.24it/s]
Testing: 100%|██████████| 79/79 [00:03<00:00, 19.75it/s]
Train Loss: 2.562 | Train Acc: 0.72
Test Loss: 2.149 | Test Acc: 0.77
Best Acc: 0.77

Epoch: 33
Training: 100%|██████████| 391/391 [00:42<00:00,  9.22it/s]
Testing: 100%|██████████| 79/79 [00:02<00:00, 26.39it/s]
Train Loss: 2.508 | Train Acc: 0.73
Test Loss: 2.122 | Test Acc: 0.77
Best Acc: 0.77

Epoch: 34
Training: 100%|██████████| 391/391 [00:42<00:00,  9.19it/s]
Testing: 100%|██████████| 79/79 [00:03<00:00, 20.15it/s]
Train Loss: 2.483 | Train Acc: 0.73
Test Loss: 2.099 | Test Acc: 0.77
Best Acc: 0.77

Epoch: 35
Training: 100%|██████████| 391/391 [00:42<00:00,  9.19it/s]
Testing: 100%|██████████| 79/79 [00:02<00:00, 26.74it/s]
Train Loss: 2.437 | Train Acc: 0.74
Test Loss: 2.038 | Test Acc: 0.78
Best Acc: 0.78

Epoch: 36
Training: 100%|██████████| 391/391 [00:42<00:00,  9.21it/s]
Testing: 100%|██████████| 79/79 [00:03<00:00, 20.95it/s]
Train Loss: 2.383 | Train Acc: 0.74
Test Loss: 1.957 | Test Acc: 0.79
Best Acc: 0.79

Epoch: 37
Training: 100%|██████████| 391/391 [00:42<00:00,  9.16it/s]
Testing: 100%|██████████| 79/79 [00:02<00:00, 26.58it/s]
Train Loss: 2.353 | Train Acc: 0.75
Test Loss: 1.959 | Test Acc: 0.79
Best Acc: 0.79

Epoch: 38
Training: 100%|██████████| 391/391 [00:42<00:00,  9.24it/s]
Testing: 100%|██████████| 79/79 [00:03<00:00, 25.63it/s]
Train Loss: 2.323 | Train Acc: 0.75
Test Loss: 1.910 | Test Acc: 0.80
Best Acc: 0.80

Epoch: 39
Training: 100%|██████████| 391/391 [00:43<00:00,  9.09it/s]
Testing: 100%|██████████| 79/79 [00:02<00:00, 26.62it/s]
Train Loss: 2.284 | Train Acc: 0.75
Test Loss: 1.912 | Test Acc: 0.79
Best Acc: 0.80

Epoch: 40
Training: 100%|██████████| 391/391 [00:42<00:00,  9.24it/s]
Testing: 100%|██████████| 79/79 [00:03<00:00, 26.20it/s]
Train Loss: 2.262 | Train Acc: 0.76
Test Loss: 1.880 | Test Acc: 0.80
Best Acc: 0.80

Epoch: 41
Training: 100%|██████████| 391/391 [00:42<00:00,  9.18it/s]
Testing: 100%|██████████| 79/79 [00:03<00:00, 23.45it/s]
Train Loss: 2.227 | Train Acc: 0.76
Test Loss: 1.822 | Test Acc: 0.80
Best Acc: 0.80

Epoch: 42
Training: 100%|██████████| 391/391 [00:42<00:00,  9.24it/s]
Testing: 100%|██████████| 79/79 [00:02<00:00, 26.69it/s]
Train Loss: 2.197 | Train Acc: 0.76
Test Loss: 1.782 | Test Acc: 0.81
Best Acc: 0.81

Epoch: 43
Training: 100%|██████████| 391/391 [00:42<00:00,  9.20it/s]
Testing: 100%|██████████| 79/79 [00:03<00:00, 20.13it/s]
Train Loss: 2.178 | Train Acc: 0.77
Test Loss: 1.780 | Test Acc: 0.81
Best Acc: 0.81

Epoch: 44
Training: 100%|██████████| 391/391 [00:42<00:00,  9.25it/s]
Testing: 100%|██████████| 79/79 [00:02<00:00, 26.41it/s]
Train Loss: 2.169 | Train Acc: 0.77
Test Loss: 1.767 | Test Acc: 0.81
Best Acc: 0.81

Epoch: 45
Training: 100%|██████████| 391/391 [00:42<00:00,  9.18it/s]
Testing: 100%|██████████| 79/79 [00:03<00:00, 22.00it/s]
Train Loss: 2.148 | Train Acc: 0.77
Test Loss: 1.759 | Test Acc: 0.81
Best Acc: 0.81

Epoch: 46
Training: 100%|██████████| 391/391 [00:42<00:00,  9.22it/s]
Testing: 100%|██████████| 79/79 [00:02<00:00, 26.43it/s]
Train Loss: 2.139 | Train Acc: 0.77
Test Loss: 1.739 | Test Acc: 0.81
Best Acc: 0.81

Epoch: 47
Training: 100%|██████████| 391/391 [00:42<00:00,  9.19it/s]
Testing: 100%|██████████| 79/79 [00:02<00:00, 26.91it/s]
Train Loss: 2.131 | Train Acc: 0.77
Test Loss: 1.746 | Test Acc: 0.81
Best Acc: 0.81

Epoch: 48
Training: 100%|██████████| 391/391 [00:42<00:00,  9.16it/s]
Testing: 100%|██████████| 79/79 [00:02<00:00, 26.46it/s]
Train Loss: 2.117 | Train Acc: 0.77
Test Loss: 1.753 | Test Acc: 0.81
Best Acc: 0.81

Epoch: 49
Training: 100%|██████████| 391/391 [00:42<00:00,  9.25it/s]
Testing: 100%|██████████| 79/79 [00:03<00:00, 24.91it/s]
Train Loss: 2.121 | Train Acc: 0.77
Test Loss: 1.738 | Test Acc: 0.81
Best Acc: 0.81

Epoch: 50
Training: 100%|██████████| 391/391 [00:42<00:00,  9.22it/s]
Testing: 100%|██████████| 79/79 [00:03<00:00, 22.52it/s]
Train Loss: 2.124 | Train Acc: 0.77
Test Loss: 1.764 | Test Acc: 0.81
Best Acc: 0.81
