100%|██████████| 170M/170M [00:05<00:00, 31.4MB/s] 
Num of train 50000
Num of test 10000

Epoch: 1
Training: 100%|██████████| 391/391 [00:43<00:00,  9.02it/s]
Testing: 100%|██████████| 79/79 [00:02<00:00, 26.37it/s]
Train Loss: 6.973 | Train Acc: 0.25
Test Loss: 6.582 | Test Acc: 0.29
Best Acc: 0.29

Epoch: 2
Training: 100%|██████████| 391/391 [00:40<00:00,  9.77it/s]
Testing: 100%|██████████| 79/79 [00:03<00:00, 26.28it/s]
Train Loss: 6.107 | Train Acc: 0.34
Test Loss: 5.880 | Test Acc: 0.37
Best Acc: 0.37

Epoch: 3
Training: 100%|██████████| 391/391 [00:41<00:00,  9.50it/s]
Testing: 100%|██████████| 79/79 [00:04<00:00, 19.49it/s]
Train Loss: 5.691 | Train Acc: 0.39
Test Loss: 5.668 | Test Acc: 0.39
Best Acc: 0.39

Epoch: 4
Training: 100%|██████████| 391/391 [00:40<00:00,  9.55it/s]
Testing: 100%|██████████| 79/79 [00:03<00:00, 26.16it/s]
Train Loss: 5.457 | Train Acc: 0.41
Test Loss: 5.119 | Test Acc: 0.45
Best Acc: 0.45

Epoch: 5
Training: 100%|██████████| 391/391 [00:41<00:00,  9.46it/s]
Testing: 100%|██████████| 79/79 [00:02<00:00, 26.49it/s]
Train Loss: 5.176 | Train Acc: 0.44
Test Loss: 4.907 | Test Acc: 0.47
Best Acc: 0.47

Epoch: 6
Training: 100%|██████████| 391/391 [00:41<00:00,  9.48it/s]
Testing: 100%|██████████| 79/79 [00:03<00:00, 22.55it/s]
Train Loss: 4.893 | Train Acc: 0.47
Test Loss: 5.023 | Test Acc: 0.46
Best Acc: 0.47

Epoch: 7
Training: 100%|██████████| 391/391 [00:41<00:00,  9.35it/s]
Testing: 100%|██████████| 79/79 [00:03<00:00, 25.86it/s]
Train Loss: 4.675 | Train Acc: 0.50
Test Loss: 4.429 | Test Acc: 0.52
Best Acc: 0.52

Epoch: 8
Training: 100%|██████████| 391/391 [00:41<00:00,  9.43it/s]
Testing: 100%|██████████| 79/79 [00:02<00:00, 26.39it/s]
Train Loss: 4.444 | Train Acc: 0.52
Test Loss: 4.192 | Test Acc: 0.55
Best Acc: 0.55

Epoch: 9
Training: 100%|██████████| 391/391 [00:41<00:00,  9.34it/s]
Testing: 100%|██████████| 79/79 [00:03<00:00, 20.00it/s]
Train Loss: 4.234 | Train Acc: 0.54
Test Loss: 4.039 | Test Acc: 0.57
Best Acc: 0.57

Epoch: 10
Training: 100%|██████████| 391/391 [00:41<00:00,  9.36it/s]
Testing: 100%|██████████| 79/79 [00:02<00:00, 26.45it/s]
Train Loss: 3.984 | Train Acc: 0.57
Test Loss: 3.606 | Test Acc: 0.61
Best Acc: 0.61

Epoch: 11
Training: 100%|██████████| 391/391 [00:42<00:00,  9.29it/s]
Testing: 100%|██████████| 79/79 [00:03<00:00, 25.93it/s]
Train Loss: 3.823 | Train Acc: 0.59
Test Loss: 4.019 | Test Acc: 0.57
Best Acc: 0.61

Epoch: 12
Training: 100%|██████████| 391/391 [00:41<00:00,  9.36it/s]
Testing: 100%|██████████| 79/79 [00:03<00:00, 21.86it/s]
Train Loss: 3.707 | Train Acc: 0.60
Test Loss: 3.512 | Test Acc: 0.62
Best Acc: 0.62

Epoch: 13
Training: 100%|██████████| 391/391 [00:41<00:00,  9.31it/s]
Testing: 100%|██████████| 79/79 [00:03<00:00, 25.88it/s]
Train Loss: 3.685 | Train Acc: 0.60
Test Loss: 3.373 | Test Acc: 0.64
Best Acc: 0.64

Epoch: 14
Training: 100%|██████████| 391/391 [00:41<00:00,  9.37it/s]
Testing: 100%|██████████| 79/79 [00:03<00:00, 21.67it/s]
Train Loss: 3.521 | Train Acc: 0.62
Test Loss: 3.316 | Test Acc: 0.64
Best Acc: 0.64

Epoch: 15
Training: 100%|██████████| 391/391 [00:41<00:00,  9.35it/s]
Testing: 100%|██████████| 79/79 [00:03<00:00, 24.07it/s]
Train Loss: 3.391 | Train Acc: 0.64
Test Loss: 3.130 | Test Acc: 0.66
Best Acc: 0.66

Epoch: 16
Training: 100%|██████████| 391/391 [00:41<00:00,  9.35it/s]
Testing: 100%|██████████| 79/79 [00:02<00:00, 26.56it/s]
Train Loss: 3.315 | Train Acc: 0.64
Test Loss: 3.196 | Test Acc: 0.66
Best Acc: 0.66

Epoch: 17
Training: 100%|██████████| 391/391 [00:41<00:00,  9.36it/s]
Testing: 100%|██████████| 79/79 [00:04<00:00, 19.49it/s]
Train Loss: 3.204 | Train Acc: 0.65
Test Loss: 3.027 | Test Acc: 0.67
Best Acc: 0.67

Epoch: 18
Training: 100%|██████████| 391/391 [00:42<00:00,  9.28it/s]
Testing: 100%|██████████| 79/79 [00:02<00:00, 26.51it/s]
Train Loss: 3.138 | Train Acc: 0.66
Test Loss: 3.025 | Test Acc: 0.67
Best Acc: 0.67

Epoch: 19
Training: 100%|██████████| 391/391 [00:41<00:00,  9.38it/s]
Testing: 100%|██████████| 79/79 [00:03<00:00, 24.03it/s]
Train Loss: 3.036 | Train Acc: 0.67
Test Loss: 2.758 | Test Acc: 0.70
Best Acc: 0.70

Epoch: 20
Training: 100%|██████████| 391/391 [00:42<00:00,  9.27it/s]
Testing: 100%|██████████| 79/79 [00:02<00:00, 26.59it/s]
Train Loss: 2.928 | Train Acc: 0.68
Test Loss: 2.685 | Test Acc: 0.71
Best Acc: 0.71

Epoch: 21
Training: 100%|██████████| 391/391 [00:41<00:00,  9.34it/s]
Testing: 100%|██████████| 79/79 [00:02<00:00, 26.56it/s]
Train Loss: 2.867 | Train Acc: 0.69
Test Loss: 2.754 | Test Acc: 0.70
Best Acc: 0.71

Epoch: 22
Training: 100%|██████████| 391/391 [00:42<00:00,  9.29it/s]
Testing: 100%|██████████| 79/79 [00:03<00:00, 19.97it/s]
Train Loss: 2.769 | Train Acc: 0.70
Test Loss: 2.488 | Test Acc: 0.73
Best Acc: 0.73

Epoch: 23
Training: 100%|██████████| 391/391 [00:41<00:00,  9.34it/s]
Testing: 100%|██████████| 79/79 [00:02<00:00, 26.49it/s]
Train Loss: 2.681 | Train Acc: 0.71
Test Loss: 2.561 | Test Acc: 0.72
Best Acc: 0.73

Epoch: 24
Training: 100%|██████████| 391/391 [00:42<00:00,  9.27it/s]
Testing: 100%|██████████| 79/79 [00:03<00:00, 26.07it/s]
Train Loss: 2.592 | Train Acc: 0.72
Test Loss: 2.343 | Test Acc: 0.75
Best Acc: 0.75

Epoch: 25
Training: 100%|██████████| 391/391 [00:41<00:00,  9.34it/s]
Testing: 100%|██████████| 79/79 [00:03<00:00, 20.98it/s]
Train Loss: 2.526 | Train Acc: 0.73
Test Loss: 2.427 | Test Acc: 0.74
Best Acc: 0.75

Epoch: 26
Training: 100%|██████████| 391/391 [00:42<00:00,  9.29it/s]
Testing: 100%|██████████| 79/79 [00:02<00:00, 26.64it/s]
Train Loss: 2.484 | Train Acc: 0.73
Test Loss: 2.255 | Test Acc: 0.76
Best Acc: 0.76

Epoch: 27
Training: 100%|██████████| 391/391 [00:41<00:00,  9.38it/s]
Testing: 100%|██████████| 79/79 [00:03<00:00, 24.29it/s]
Train Loss: 2.420 | Train Acc: 0.74
Test Loss: 2.191 | Test Acc: 0.76
Best Acc: 0.76

Epoch: 28
Training: 100%|██████████| 391/391 [00:42<00:00,  9.27it/s]
Testing: 100%|██████████| 79/79 [00:03<00:00, 25.51it/s]
Train Loss: 2.340 | Train Acc: 0.75
Test Loss: 2.128 | Test Acc: 0.77
Best Acc: 0.77

Epoch: 29
Training: 100%|██████████| 391/391 [00:41<00:00,  9.36it/s]
Testing: 100%|██████████| 79/79 [00:02<00:00, 26.48it/s]
Train Loss: 2.274 | Train Acc: 0.76
Test Loss: 2.069 | Test Acc: 0.78
Best Acc: 0.78

Epoch: 30
Training: 100%|██████████| 391/391 [00:41<00:00,  9.31it/s]
Testing: 100%|██████████| 79/79 [00:04<00:00, 19.60it/s]
Train Loss: 2.214 | Train Acc: 0.76
Test Loss: 2.000 | Test Acc: 0.78
Best Acc: 0.78

Epoch: 31
Training: 100%|██████████| 391/391 [00:41<00:00,  9.36it/s]
Testing: 100%|██████████| 79/79 [00:03<00:00, 26.04it/s]
Train Loss: 2.177 | Train Acc: 0.77
Test Loss: 1.974 | Test Acc: 0.79
Best Acc: 0.79

Epoch: 32
Training: 100%|██████████| 391/391 [00:41<00:00,  9.36it/s]
Testing: 100%|██████████| 79/79 [00:03<00:00, 24.58it/s]
Train Loss: 2.104 | Train Acc: 0.77
Test Loss: 1.850 | Test Acc: 0.80
Best Acc: 0.80

Epoch: 33
Training: 100%|██████████| 391/391 [00:41<00:00,  9.34it/s]
Testing: 100%|██████████| 79/79 [00:03<00:00, 20.66it/s]
Train Loss: 2.073 | Train Acc: 0.78
Test Loss: 1.880 | Test Acc: 0.80
Best Acc: 0.80

Epoch: 34
Training: 100%|██████████| 391/391 [00:41<00:00,  9.34it/s]
Testing: 100%|██████████| 79/79 [00:02<00:00, 26.37it/s]
Train Loss: 2.028 | Train Acc: 0.78
Test Loss: 1.800 | Test Acc: 0.81
Best Acc: 0.81

Epoch: 35
Training: 100%|██████████| 391/391 [00:41<00:00,  9.32it/s]
Testing: 100%|██████████| 79/79 [00:03<00:00, 23.72it/s]
Train Loss: 1.984 | Train Acc: 0.79
Test Loss: 1.763 | Test Acc: 0.81
Best Acc: 0.81

Epoch: 36
Training: 100%|██████████| 391/391 [00:42<00:00,  9.30it/s]
Testing: 100%|██████████| 79/79 [00:03<00:00, 26.15it/s]
Train Loss: 1.950 | Train Acc: 0.79
Test Loss: 1.733 | Test Acc: 0.81
Best Acc: 0.81

Epoch: 37
Training: 100%|██████████| 391/391 [00:42<00:00,  9.26it/s]
Testing: 100%|██████████| 79/79 [00:02<00:00, 26.76it/s]
Train Loss: 1.916 | Train Acc: 0.79
Test Loss: 1.745 | Test Acc: 0.81
Best Acc: 0.81

Epoch: 38
Training: 100%|██████████| 391/391 [00:41<00:00,  9.36it/s]
Testing: 100%|██████████| 79/79 [00:04<00:00, 19.56it/s]
Train Loss: 1.897 | Train Acc: 0.80
Test Loss: 1.676 | Test Acc: 0.82
Best Acc: 0.82

Epoch: 39
Training: 100%|██████████| 391/391 [00:42<00:00,  9.29it/s]
Testing: 100%|██████████| 79/79 [00:02<00:00, 26.67it/s]
Train Loss: 1.854 | Train Acc: 0.80
Test Loss: 1.636 | Test Acc: 0.82
Best Acc: 0.82

Epoch: 40
Training: 100%|██████████| 391/391 [00:41<00:00,  9.37it/s]
Testing: 100%|██████████| 79/79 [00:02<00:00, 26.56it/s]
Train Loss: 1.819 | Train Acc: 0.80
Test Loss: 1.666 | Test Acc: 0.82
Best Acc: 0.82

Epoch: 41
Training: 100%|██████████| 391/391 [00:42<00:00,  9.30it/s]
Testing: 100%|██████████| 79/79 [00:03<00:00, 21.08it/s]
Train Loss: 1.795 | Train Acc: 0.81
Test Loss: 1.603 | Test Acc: 0.83
Best Acc: 0.83

Epoch: 42
Training: 100%|██████████| 391/391 [00:41<00:00,  9.37it/s]
Testing: 100%|██████████| 79/79 [00:03<00:00, 26.21it/s]
Train Loss: 1.757 | Train Acc: 0.81
Test Loss: 1.567 | Test Acc: 0.83
Best Acc: 0.83

Epoch: 43
Training: 100%|██████████| 391/391 [00:41<00:00,  9.31it/s]
Testing: 100%|██████████| 79/79 [00:03<00:00, 23.74it/s]
Train Loss: 1.754 | Train Acc: 0.81
Test Loss: 1.550 | Test Acc: 0.83
Best Acc: 0.83

Epoch: 44
Training: 100%|██████████| 391/391 [00:42<00:00,  9.30it/s]
Testing: 100%|██████████| 79/79 [00:02<00:00, 26.53it/s]
Train Loss: 1.724 | Train Acc: 0.81
Test Loss: 1.550 | Test Acc: 0.83
Best Acc: 0.83

Epoch: 45
Training: 100%|██████████| 391/391 [00:42<00:00,  9.25it/s]
Testing: 100%|██████████| 79/79 [00:03<00:00, 26.17it/s]
Train Loss: 1.704 | Train Acc: 0.82
Test Loss: 1.566 | Test Acc: 0.83
Best Acc: 0.83

Epoch: 46
Training: 100%|██████████| 391/391 [00:41<00:00,  9.38it/s]
Testing: 100%|██████████| 79/79 [00:04<00:00, 19.47it/s]
Train Loss: 1.701 | Train Acc: 0.82
Test Loss: 1.519 | Test Acc: 0.84
Best Acc: 0.84

Epoch: 47
Training: 100%|██████████| 391/391 [00:42<00:00,  9.30it/s]
Testing: 100%|██████████| 79/79 [00:02<00:00, 26.40it/s]
Train Loss: 1.683 | Train Acc: 0.82
Test Loss: 1.512 | Test Acc: 0.84
Best Acc: 0.84

Epoch: 48
Training: 100%|██████████| 391/391 [00:41<00:00,  9.37it/s]
Testing: 100%|██████████| 79/79 [00:02<00:00, 26.52it/s]
Train Loss: 1.673 | Train Acc: 0.82
Test Loss: 1.507 | Test Acc: 0.84
Best Acc: 0.84

Epoch: 49
Training: 100%|██████████| 391/391 [00:41<00:00,  9.32it/s]
Testing: 100%|██████████| 79/79 [00:03<00:00, 21.20it/s]
Train Loss: 1.679 | Train Acc: 0.82
Test Loss: 1.515 | Test Acc: 0.84
Best Acc: 0.84

Epoch: 50
Training: 100%|██████████| 391/391 [00:41<00:00,  9.35it/s]
Testing: 100%|██████████| 79/79 [00:03<00:00, 26.02it/s]
Train Loss: 1.672 | Train Acc: 0.82
Test Loss: 1.511 | Test Acc: 0.84
Best Acc: 0.84
