100%|██████████| 170M/170M [00:02<00:00, 79.8MB/s] 
Num of train 50000
Num of test 10000

Epoch: 1
Training: 100%|██████████| 391/391 [00:47<00:00,  8.30it/s]
Testing: 100%|██████████| 79/79 [00:03<00:00, 24.12it/s]
Train Loss: 0.756 | Train Acc: 0.31
Test Loss: 0.644 | Test Acc: 0.41
Best Acc: 0.41

Epoch: 2
Training: 100%|██████████| 391/391 [00:43<00:00,  9.01it/s]
Testing: 100%|██████████| 79/79 [00:04<00:00, 18.89it/s]
Train Loss: 0.607 | Train Acc: 0.44
Test Loss: 0.551 | Test Acc: 0.49
Best Acc: 0.49

Epoch: 3
Training: 100%|██████████| 391/391 [00:43<00:00,  8.97it/s]
Testing: 100%|██████████| 79/79 [00:03<00:00, 24.24it/s]
Train Loss: 0.543 | Train Acc: 0.50
Test Loss: 0.509 | Test Acc: 0.53
Best Acc: 0.53

Epoch: 4
Training: 100%|██████████| 391/391 [00:42<00:00,  9.11it/s]
Testing: 100%|██████████| 79/79 [00:03<00:00, 24.20it/s]
Train Loss: 0.496 | Train Acc: 0.54
Test Loss: 0.450 | Test Acc: 0.58
Best Acc: 0.58

Epoch: 5
Training: 100%|██████████| 391/391 [00:43<00:00,  9.02it/s]
Testing: 100%|██████████| 79/79 [00:03<00:00, 21.84it/s]
Train Loss: 0.459 | Train Acc: 0.57
Test Loss: 0.419 | Test Acc: 0.61
Best Acc: 0.61

Epoch: 6
Training: 100%|██████████| 391/391 [00:42<00:00,  9.13it/s]
Testing: 100%|██████████| 79/79 [00:03<00:00, 25.02it/s]
Train Loss: 0.428 | Train Acc: 0.60
Test Loss: 0.384 | Test Acc: 0.64
Best Acc: 0.64

Epoch: 7
Training: 100%|██████████| 391/391 [00:43<00:00,  9.08it/s]
Testing: 100%|██████████| 79/79 [00:04<00:00, 18.82it/s]
Train Loss: 0.409 | Train Acc: 0.62
Test Loss: 0.376 | Test Acc: 0.65
Best Acc: 0.65

Epoch: 8
Training: 100%|██████████| 391/391 [00:42<00:00,  9.14it/s]
Testing: 100%|██████████| 79/79 [00:03<00:00, 23.95it/s]
Train Loss: 0.388 | Train Acc: 0.64
Test Loss: 0.384 | Test Acc: 0.64
Best Acc: 0.65

Epoch: 9
Training: 100%|██████████| 391/391 [00:42<00:00,  9.09it/s]
Testing: 100%|██████████| 79/79 [00:03<00:00, 24.73it/s]
Train Loss: 0.367 | Train Acc: 0.66
Test Loss: 0.341 | Test Acc: 0.68
Best Acc: 0.68

Epoch: 10
Training: 100%|██████████| 391/391 [00:42<00:00,  9.16it/s]
Testing: 100%|██████████| 79/79 [00:04<00:00, 18.39it/s]
Train Loss: 0.353 | Train Acc: 0.67
Test Loss: 0.300 | Test Acc: 0.72
Best Acc: 0.72

Epoch: 11
Training: 100%|██████████| 391/391 [00:43<00:00,  9.07it/s]
Testing: 100%|██████████| 79/79 [00:03<00:00, 24.34it/s]
Train Loss: 0.339 | Train Acc: 0.68
Test Loss: 0.294 | Test Acc: 0.72
Best Acc: 0.72

Epoch: 12
Training: 100%|██████████| 391/391 [00:42<00:00,  9.16it/s]
Testing: 100%|██████████| 79/79 [00:03<00:00, 21.75it/s]
Train Loss: 0.324 | Train Acc: 0.70
Test Loss: 0.280 | Test Acc: 0.73
Best Acc: 0.73

Epoch: 13
Training: 100%|██████████| 391/391 [00:43<00:00,  9.03it/s]
Testing: 100%|██████████| 79/79 [00:03<00:00, 24.64it/s]
Train Loss: 0.316 | Train Acc: 0.70
Test Loss: 0.277 | Test Acc: 0.74
Best Acc: 0.74

Epoch: 14
Training: 100%|██████████| 391/391 [00:42<00:00,  9.13it/s]
Testing: 100%|██████████| 79/79 [00:03<00:00, 24.87it/s]
Train Loss: 0.306 | Train Acc: 0.71
Test Loss: 0.265 | Test Acc: 0.75
Best Acc: 0.75

Epoch: 15
Training: 100%|██████████| 391/391 [00:42<00:00,  9.15it/s]
Testing: 100%|██████████| 79/79 [00:04<00:00, 16.81it/s]
Train Loss: 0.294 | Train Acc: 0.73
Test Loss: 0.260 | Test Acc: 0.75
Best Acc: 0.75

Epoch: 16
Training: 100%|██████████| 391/391 [00:42<00:00,  9.13it/s]
Testing: 100%|██████████| 79/79 [00:03<00:00, 25.17it/s]
Train Loss: 0.289 | Train Acc: 0.73
Test Loss: 0.260 | Test Acc: 0.76
Best Acc: 0.76

Epoch: 17
Training: 100%|██████████| 391/391 [00:42<00:00,  9.16it/s]
Testing: 100%|██████████| 79/79 [00:03<00:00, 24.63it/s]
Train Loss: 0.282 | Train Acc: 0.74
Test Loss: 0.237 | Test Acc: 0.78
Best Acc: 0.78

Epoch: 18
Training: 100%|██████████| 391/391 [00:43<00:00,  9.03it/s]
Testing: 100%|██████████| 79/79 [00:03<00:00, 20.93it/s]
Train Loss: 0.273 | Train Acc: 0.74
Test Loss: 0.234 | Test Acc: 0.78
Best Acc: 0.78

Epoch: 19
Training: 100%|██████████| 391/391 [00:42<00:00,  9.17it/s]
Testing: 100%|██████████| 79/79 [00:03<00:00, 24.31it/s]
Train Loss: 0.268 | Train Acc: 0.75
Test Loss: 0.226 | Test Acc: 0.79
Best Acc: 0.79

Epoch: 20
Training: 100%|██████████| 391/391 [00:42<00:00,  9.12it/s]
Testing: 100%|██████████| 79/79 [00:03<00:00, 20.08it/s]
Train Loss: 0.262 | Train Acc: 0.75
Test Loss: 0.214 | Test Acc: 0.80
Best Acc: 0.80

Epoch: 21
Training: 100%|██████████| 391/391 [00:42<00:00,  9.14it/s]
Testing: 100%|██████████| 79/79 [00:03<00:00, 24.43it/s]
Train Loss: 0.256 | Train Acc: 0.76
Test Loss: 0.212 | Test Acc: 0.80
Best Acc: 0.80

Epoch: 22
Training: 100%|██████████| 391/391 [00:42<00:00,  9.09it/s]
Testing: 100%|██████████| 79/79 [00:03<00:00, 24.82it/s]
Train Loss: 0.252 | Train Acc: 0.76
Test Loss: 0.201 | Test Acc: 0.81
Best Acc: 0.81

Epoch: 23
Training: 100%|██████████| 391/391 [00:42<00:00,  9.18it/s]
Testing: 100%|██████████| 79/79 [00:04<00:00, 17.60it/s]
Train Loss: 0.245 | Train Acc: 0.77
Test Loss: 0.203 | Test Acc: 0.81
Best Acc: 0.81

Epoch: 24
Training: 100%|██████████| 391/391 [00:42<00:00,  9.11it/s]
Testing: 100%|██████████| 79/79 [00:03<00:00, 24.38it/s]
Train Loss: 0.241 | Train Acc: 0.77
Test Loss: 0.194 | Test Acc: 0.82
Best Acc: 0.82

Epoch: 25
Training: 100%|██████████| 391/391 [00:42<00:00,  9.14it/s]
Testing: 100%|██████████| 79/79 [00:03<00:00, 22.85it/s]
Train Loss: 0.236 | Train Acc: 0.78
Test Loss: 0.197 | Test Acc: 0.81
Best Acc: 0.82

Epoch: 26
Training: 100%|██████████| 391/391 [00:43<00:00,  8.99it/s]
Testing: 100%|██████████| 79/79 [00:03<00:00, 23.86it/s]
Train Loss: 0.231 | Train Acc: 0.78
Test Loss: 0.206 | Test Acc: 0.81
Best Acc: 0.82

Epoch: 27
Training: 100%|██████████| 391/391 [00:42<00:00,  9.15it/s]
Testing: 100%|██████████| 79/79 [00:03<00:00, 24.72it/s]
Train Loss: 0.228 | Train Acc: 0.79
Test Loss: 0.196 | Test Acc: 0.81
Best Acc: 0.82

Epoch: 28
Training: 100%|██████████| 391/391 [00:42<00:00,  9.12it/s]
Testing: 100%|██████████| 79/79 [00:04<00:00, 18.36it/s]
Train Loss: 0.224 | Train Acc: 0.79
Test Loss: 0.183 | Test Acc: 0.83
Best Acc: 0.83

Epoch: 29
Training: 100%|██████████| 391/391 [00:42<00:00,  9.12it/s]
Testing: 100%|██████████| 79/79 [00:03<00:00, 25.29it/s]
Train Loss: 0.220 | Train Acc: 0.79
Test Loss: 0.185 | Test Acc: 0.82
Best Acc: 0.83

Epoch: 30
Training: 100%|██████████| 391/391 [00:43<00:00,  9.09it/s]
Testing: 100%|██████████| 79/79 [00:03<00:00, 25.11it/s]
Train Loss: 0.217 | Train Acc: 0.80
Test Loss: 0.173 | Test Acc: 0.84
Best Acc: 0.84

Epoch: 31
Training: 100%|██████████| 391/391 [00:42<00:00,  9.10it/s]
Testing: 100%|██████████| 79/79 [00:03<00:00, 20.13it/s]
Train Loss: 0.213 | Train Acc: 0.80
Test Loss: 0.181 | Test Acc: 0.83
Best Acc: 0.84

Epoch: 32
Training: 100%|██████████| 391/391 [00:42<00:00,  9.17it/s]
Testing: 100%|██████████| 79/79 [00:03<00:00, 23.35it/s]
Train Loss: 0.210 | Train Acc: 0.80
Test Loss: 0.178 | Test Acc: 0.83
Best Acc: 0.84

Epoch: 33
Training: 100%|██████████| 391/391 [00:42<00:00,  9.16it/s]
Testing: 100%|██████████| 79/79 [00:03<00:00, 20.55it/s]
Train Loss: 0.207 | Train Acc: 0.81
Test Loss: 0.171 | Test Acc: 0.84
Best Acc: 0.84

Epoch: 34
Training: 100%|██████████| 391/391 [00:42<00:00,  9.10it/s]
Testing: 100%|██████████| 79/79 [00:03<00:00, 25.06it/s]
Train Loss: 0.205 | Train Acc: 0.81
Test Loss: 0.168 | Test Acc: 0.84
Best Acc: 0.84

Epoch: 35
Training: 100%|██████████| 391/391 [00:42<00:00,  9.11it/s]
Testing: 100%|██████████| 79/79 [00:03<00:00, 24.81it/s]
Train Loss: 0.199 | Train Acc: 0.81
Test Loss: 0.169 | Test Acc: 0.84
Best Acc: 0.84

Epoch: 36
Training: 100%|██████████| 391/391 [00:42<00:00,  9.15it/s]
Testing: 100%|██████████| 79/79 [00:04<00:00, 17.57it/s]
Train Loss: 0.197 | Train Acc: 0.82
Test Loss: 0.166 | Test Acc: 0.84
Best Acc: 0.84

Epoch: 37
Training: 100%|██████████| 391/391 [00:42<00:00,  9.11it/s]
Testing: 100%|██████████| 79/79 [00:03<00:00, 24.85it/s]
Train Loss: 0.196 | Train Acc: 0.82
Test Loss: 0.165 | Test Acc: 0.85
Best Acc: 0.85

Epoch: 38
Training: 100%|██████████| 391/391 [00:42<00:00,  9.13it/s]
Testing: 100%|██████████| 79/79 [00:03<00:00, 22.69it/s]
Train Loss: 0.193 | Train Acc: 0.82
Test Loss: 0.165 | Test Acc: 0.84
Best Acc: 0.85

Epoch: 39
Training: 100%|██████████| 391/391 [00:43<00:00,  8.99it/s]
Testing: 100%|██████████| 79/79 [00:03<00:00, 23.56it/s]
Train Loss: 0.191 | Train Acc: 0.82
Test Loss: 0.161 | Test Acc: 0.85
Best Acc: 0.85

Epoch: 40
Training: 100%|██████████| 391/391 [00:42<00:00,  9.17it/s]
Testing: 100%|██████████| 79/79 [00:03<00:00, 24.34it/s]
Train Loss: 0.189 | Train Acc: 0.82
Test Loss: 0.159 | Test Acc: 0.85
Best Acc: 0.85

Epoch: 41
Training: 100%|██████████| 391/391 [00:43<00:00,  9.05it/s]
Testing: 100%|██████████| 79/79 [00:04<00:00, 17.27it/s]
Train Loss: 0.186 | Train Acc: 0.83
Test Loss: 0.161 | Test Acc: 0.85
Best Acc: 0.85

Epoch: 42
Training: 100%|██████████| 391/391 [00:42<00:00,  9.10it/s]
Testing: 100%|██████████| 79/79 [00:03<00:00, 24.58it/s]
Train Loss: 0.186 | Train Acc: 0.83
Test Loss: 0.157 | Test Acc: 0.85
Best Acc: 0.85

Epoch: 43
Training: 100%|██████████| 391/391 [00:42<00:00,  9.10it/s]
Testing: 100%|██████████| 79/79 [00:03<00:00, 21.40it/s]
Train Loss: 0.184 | Train Acc: 0.83
Test Loss: 0.156 | Test Acc: 0.85
Best Acc: 0.85

Epoch: 44
Training: 100%|██████████| 391/391 [00:43<00:00,  9.08it/s]
Testing: 100%|██████████| 79/79 [00:03<00:00, 24.46it/s]
Train Loss: 0.183 | Train Acc: 0.83
Test Loss: 0.156 | Test Acc: 0.85
Best Acc: 0.85

Epoch: 45
Training: 100%|██████████| 391/391 [00:43<00:00,  9.07it/s]
Testing: 100%|██████████| 79/79 [00:03<00:00, 25.14it/s]
Train Loss: 0.181 | Train Acc: 0.83
Test Loss: 0.156 | Test Acc: 0.85
Best Acc: 0.85

Epoch: 46
Training: 100%|██████████| 391/391 [00:42<00:00,  9.15it/s]
Testing: 100%|██████████| 79/79 [00:04<00:00, 17.97it/s]
Train Loss: 0.182 | Train Acc: 0.83
Test Loss: 0.156 | Test Acc: 0.85
Best Acc: 0.85

Epoch: 47
Training: 100%|██████████| 391/391 [00:43<00:00,  9.09it/s]
Testing: 100%|██████████| 79/79 [00:03<00:00, 25.05it/s]
Train Loss: 0.181 | Train Acc: 0.83
Test Loss: 0.157 | Test Acc: 0.85
Best Acc: 0.85

Epoch: 48
Training: 100%|██████████| 391/391 [00:42<00:00,  9.16it/s]
Testing: 100%|██████████| 79/79 [00:03<00:00, 23.84it/s]
Train Loss: 0.180 | Train Acc: 0.83
Test Loss: 0.156 | Test Acc: 0.85
Best Acc: 0.85

Epoch: 49
Training: 100%|██████████| 391/391 [00:42<00:00,  9.10it/s]
Testing: 100%|██████████| 79/79 [00:03<00:00, 21.06it/s]
Train Loss: 0.180 | Train Acc: 0.83
Test Loss: 0.155 | Test Acc: 0.85
Best Acc: 0.85

Epoch: 50
Training: 100%|██████████| 391/391 [00:42<00:00,  9.14it/s]
Testing: 100%|██████████| 79/79 [00:03<00:00, 24.30it/s]
Train Loss: 0.178 | Train Acc: 0.83
Test Loss: 0.156 | Test Acc: 0.85
Best Acc: 0.85
