Downloading https://www.cs.toronto.edu/~kriz/cifar-10-python.tar.gz to ./data/cifar-10-python.tar.gz
100%|██████████| 170M/170M [00:04<00:00, 35.2MB/s] 
Extracting ./data/cifar-10-python.tar.gz to ./data
Files already downloaded and verified
Num of train 50000
Num of test 10000

Epoch: 1
Training: 100%|██████████| 391/391 [00:25<00:00, 15.39it/s]
Testing: 100%|██████████| 79/79 [00:01<00:00, 40.89it/s]
Train Loss: 1.590 | Train Acc: 0.43
Test Loss: 1.236 | Test Acc: 0.55
Best Acc: 0.55

Epoch: 2
Training: 100%|██████████| 391/391 [00:24<00:00, 16.06it/s]
Testing: 100%|██████████| 79/79 [00:01<00:00, 43.16it/s]
Train Loss: 1.150 | Train Acc: 0.59
Test Loss: 1.041 | Test Acc: 0.63
Best Acc: 0.63

Epoch: 3
Training: 100%|██████████| 391/391 [00:25<00:00, 15.60it/s]
Testing: 100%|██████████| 79/79 [00:02<00:00, 38.48it/s]
Train Loss: 0.944 | Train Acc: 0.66
Test Loss: 0.814 | Test Acc: 0.72
Best Acc: 0.72

Epoch: 4
Training: 100%|██████████| 391/391 [00:24<00:00, 16.03it/s]
Testing: 100%|██████████| 79/79 [00:01<00:00, 40.81it/s]
Train Loss: 0.825 | Train Acc: 0.71
Test Loss: 0.804 | Test Acc: 0.72
Best Acc: 0.72

Epoch: 5
Training: 100%|██████████| 391/391 [00:24<00:00, 15.90it/s]
Testing: 100%|██████████| 79/79 [00:01<00:00, 40.85it/s]
Train Loss: 0.741 | Train Acc: 0.74
Test Loss: 0.689 | Test Acc: 0.77
Best Acc: 0.77

Epoch: 6
Training: 100%|██████████| 391/391 [00:24<00:00, 16.08it/s]
Testing: 100%|██████████| 79/79 [00:01<00:00, 42.45it/s]
Train Loss: 0.690 | Train Acc: 0.76
Test Loss: 0.609 | Test Acc: 0.79
Best Acc: 0.79

Epoch: 7
Training: 100%|██████████| 391/391 [00:24<00:00, 15.96it/s]
Testing: 100%|██████████| 79/79 [00:01<00:00, 42.69it/s]
Train Loss: 0.633 | Train Acc: 0.78
Test Loss: 0.600 | Test Acc: 0.80
Best Acc: 0.80

Epoch: 8
Training: 100%|██████████| 391/391 [00:24<00:00, 16.08it/s]
Testing: 100%|██████████| 79/79 [00:01<00:00, 39.92it/s]
Train Loss: 0.595 | Train Acc: 0.79
Test Loss: 0.569 | Test Acc: 0.81
Best Acc: 0.81

Epoch: 9
Training: 100%|██████████| 391/391 [00:24<00:00, 15.96it/s]
Testing: 100%|██████████| 79/79 [00:02<00:00, 38.76it/s]
Train Loss: 0.557 | Train Acc: 0.81
Test Loss: 0.561 | Test Acc: 0.81
Best Acc: 0.81

Epoch: 10
Training: 100%|██████████| 391/391 [00:24<00:00, 16.11it/s]
Testing: 100%|██████████| 79/79 [00:01<00:00, 41.30it/s]
Train Loss: 0.530 | Train Acc: 0.82
Test Loss: 0.553 | Test Acc: 0.82
Best Acc: 0.82

Epoch: 11
Training: 100%|██████████| 391/391 [00:24<00:00, 15.95it/s]
Testing: 100%|██████████| 79/79 [00:01<00:00, 42.28it/s]
Train Loss: 0.502 | Train Acc: 0.83
Test Loss: 0.494 | Test Acc: 0.83
Best Acc: 0.83

Epoch: 12
Training: 100%|██████████| 391/391 [00:24<00:00, 16.12it/s]
Testing: 100%|██████████| 79/79 [00:01<00:00, 41.61it/s]
Train Loss: 0.482 | Train Acc: 0.83
Test Loss: 0.498 | Test Acc: 0.83
Best Acc: 0.83

Epoch: 13
Training: 100%|██████████| 391/391 [00:24<00:00, 15.92it/s]
Testing: 100%|██████████| 79/79 [00:01<00:00, 39.61it/s]
Train Loss: 0.458 | Train Acc: 0.84
Test Loss: 0.511 | Test Acc: 0.83
Best Acc: 0.83

Epoch: 14
Training: 100%|██████████| 391/391 [00:24<00:00, 16.12it/s]
Testing: 100%|██████████| 79/79 [00:01<00:00, 40.16it/s]
Train Loss: 0.433 | Train Acc: 0.85
Test Loss: 0.446 | Test Acc: 0.85
Best Acc: 0.85

Epoch: 15
Training: 100%|██████████| 391/391 [00:24<00:00, 16.13it/s]
Testing: 100%|██████████| 79/79 [00:02<00:00, 36.98it/s]
Train Loss: 0.419 | Train Acc: 0.85
Test Loss: 0.440 | Test Acc: 0.85
Best Acc: 0.85

Epoch: 16
Training: 100%|██████████| 391/391 [00:24<00:00, 16.10it/s]
Testing: 100%|██████████| 79/79 [00:02<00:00, 38.61it/s]
Train Loss: 0.401 | Train Acc: 0.86
Test Loss: 0.442 | Test Acc: 0.86
Best Acc: 0.86

Epoch: 17
Training: 100%|██████████| 391/391 [00:24<00:00, 16.12it/s]
Testing: 100%|██████████| 79/79 [00:01<00:00, 42.85it/s]
Train Loss: 0.382 | Train Acc: 0.86
Test Loss: 0.441 | Test Acc: 0.86
Best Acc: 0.86

Epoch: 18
Training: 100%|██████████| 391/391 [00:24<00:00, 15.93it/s]
Testing: 100%|██████████| 79/79 [00:01<00:00, 41.86it/s]
Train Loss: 0.364 | Train Acc: 0.87
Test Loss: 0.494 | Test Acc: 0.84
Best Acc: 0.86

Epoch: 19
Training: 100%|██████████| 391/391 [00:24<00:00, 16.11it/s]
Testing: 100%|██████████| 79/79 [00:01<00:00, 42.44it/s]
Train Loss: 0.353 | Train Acc: 0.88
Test Loss: 0.508 | Test Acc: 0.84
Best Acc: 0.86

Epoch: 20
Training: 100%|██████████| 391/391 [00:24<00:00, 15.98it/s]
Testing: 100%|██████████| 79/79 [00:01<00:00, 42.39it/s]
Train Loss: 0.339 | Train Acc: 0.88
Test Loss: 0.425 | Test Acc: 0.86
Best Acc: 0.86

Epoch: 21
Training: 100%|██████████| 391/391 [00:24<00:00, 16.08it/s]
Testing: 100%|██████████| 79/79 [00:01<00:00, 41.08it/s]
Train Loss: 0.324 | Train Acc: 0.88
Test Loss: 0.436 | Test Acc: 0.87
Best Acc: 0.87

Epoch: 22
Training: 100%|██████████| 391/391 [00:24<00:00, 16.00it/s]
Testing: 100%|██████████| 79/79 [00:01<00:00, 40.97it/s]
Train Loss: 0.310 | Train Acc: 0.89
Test Loss: 0.471 | Test Acc: 0.86
Best Acc: 0.87

Epoch: 23
Training: 100%|██████████| 391/391 [00:24<00:00, 16.14it/s]
Testing: 100%|██████████| 79/79 [00:01<00:00, 39.84it/s]
Train Loss: 0.297 | Train Acc: 0.89
Test Loss: 0.419 | Test Acc: 0.87
Best Acc: 0.87

Epoch: 24
Training: 100%|██████████| 391/391 [00:24<00:00, 15.95it/s]
Testing: 100%|██████████| 79/79 [00:01<00:00, 40.15it/s]
Train Loss: 0.286 | Train Acc: 0.90
Test Loss: 0.421 | Test Acc: 0.87
Best Acc: 0.87

Epoch: 25
Training: 100%|██████████| 391/391 [00:24<00:00, 16.12it/s]
Testing: 100%|██████████| 79/79 [00:01<00:00, 40.85it/s]
Train Loss: 0.272 | Train Acc: 0.90
Test Loss: 0.441 | Test Acc: 0.87
Best Acc: 0.87

Epoch: 26
Training: 100%|██████████| 391/391 [00:24<00:00, 15.84it/s]
Testing: 100%|██████████| 79/79 [00:02<00:00, 38.17it/s]
Train Loss: 0.259 | Train Acc: 0.91
Test Loss: 0.456 | Test Acc: 0.86
Best Acc: 0.87

Epoch: 27
Training: 100%|██████████| 391/391 [00:24<00:00, 16.06it/s]
Testing: 100%|██████████| 79/79 [00:02<00:00, 38.46it/s]
Train Loss: 0.248 | Train Acc: 0.91
Test Loss: 0.433 | Test Acc: 0.87
Best Acc: 0.87

Epoch: 28
Training: 100%|██████████| 391/391 [00:24<00:00, 15.94it/s]
Testing: 100%|██████████| 79/79 [00:01<00:00, 40.41it/s]
Train Loss: 0.240 | Train Acc: 0.91
Test Loss: 0.403 | Test Acc: 0.88
Best Acc: 0.88

Epoch: 29
Training: 100%|██████████| 391/391 [00:24<00:00, 16.03it/s]
Testing: 100%|██████████| 79/79 [00:01<00:00, 40.68it/s]
Train Loss: 0.224 | Train Acc: 0.92
Test Loss: 0.462 | Test Acc: 0.87
Best Acc: 0.88

Epoch: 30
Training: 100%|██████████| 391/391 [00:24<00:00, 15.92it/s]
Testing: 100%|██████████| 79/79 [00:01<00:00, 42.25it/s]
Train Loss: 0.214 | Train Acc: 0.92
Test Loss: 0.412 | Test Acc: 0.88
Best Acc: 0.88

Epoch: 31
Training: 100%|██████████| 391/391 [00:24<00:00, 16.04it/s]
Testing: 100%|██████████| 79/79 [00:02<00:00, 38.30it/s]
Train Loss: 0.207 | Train Acc: 0.92
Test Loss: 0.431 | Test Acc: 0.88
Best Acc: 0.88

Epoch: 32
Training: 100%|██████████| 391/391 [00:24<00:00, 16.12it/s]
Testing: 100%|██████████| 79/79 [00:02<00:00, 37.70it/s]
Train Loss: 0.195 | Train Acc: 0.93
Test Loss: 0.420 | Test Acc: 0.88
Best Acc: 0.88

Epoch: 33
Training: 100%|██████████| 391/391 [00:24<00:00, 16.11it/s]
Testing: 100%|██████████| 79/79 [00:02<00:00, 38.49it/s]
Train Loss: 0.186 | Train Acc: 0.93
Test Loss: 0.430 | Test Acc: 0.88
Best Acc: 0.88

Epoch: 34
Training: 100%|██████████| 391/391 [00:24<00:00, 16.10it/s]
Testing: 100%|██████████| 79/79 [00:02<00:00, 38.17it/s]
Train Loss: 0.178 | Train Acc: 0.94
Test Loss: 0.443 | Test Acc: 0.88
Best Acc: 0.88

Epoch: 35
Training: 100%|██████████| 391/391 [00:24<00:00, 15.91it/s]
Testing: 100%|██████████| 79/79 [00:01<00:00, 40.71it/s]
Train Loss: 0.171 | Train Acc: 0.94
Test Loss: 0.418 | Test Acc: 0.89
Best Acc: 0.89

Epoch: 36
Training: 100%|██████████| 391/391 [00:24<00:00, 16.05it/s]
Testing: 100%|██████████| 79/79 [00:01<00:00, 42.37it/s]
Train Loss: 0.166 | Train Acc: 0.94
Test Loss: 0.433 | Test Acc: 0.88
Best Acc: 0.89

Epoch: 37
Training: 100%|██████████| 391/391 [00:24<00:00, 15.94it/s]
Testing: 100%|██████████| 79/79 [00:02<00:00, 38.34it/s]
Train Loss: 0.156 | Train Acc: 0.94
Test Loss: 0.410 | Test Acc: 0.89
Best Acc: 0.89

Epoch: 38
Training: 100%|██████████| 391/391 [00:24<00:00, 16.12it/s]
Testing: 100%|██████████| 79/79 [00:01<00:00, 40.01it/s]
Train Loss: 0.148 | Train Acc: 0.95
Test Loss: 0.436 | Test Acc: 0.88
Best Acc: 0.89

Epoch: 39
Training: 100%|██████████| 391/391 [00:24<00:00, 15.96it/s]
Testing: 100%|██████████| 79/79 [00:02<00:00, 37.76it/s]
Train Loss: 0.143 | Train Acc: 0.95
Test Loss: 0.428 | Test Acc: 0.88
Best Acc: 0.89

Epoch: 40
Training: 100%|██████████| 391/391 [00:24<00:00, 16.11it/s]
Testing: 100%|██████████| 79/79 [00:01<00:00, 42.19it/s]
Train Loss: 0.138 | Train Acc: 0.95
Test Loss: 0.443 | Test Acc: 0.88
Best Acc: 0.89

Epoch: 41
Training: 100%|██████████| 391/391 [00:24<00:00, 15.92it/s]
Testing: 100%|██████████| 79/79 [00:02<00:00, 37.56it/s]
Train Loss: 0.132 | Train Acc: 0.95
Test Loss: 0.443 | Test Acc: 0.88
Best Acc: 0.89

Epoch: 42
Training: 100%|██████████| 391/391 [00:24<00:00, 16.09it/s]
Testing: 100%|██████████| 79/79 [00:02<00:00, 39.13it/s]
Train Loss: 0.128 | Train Acc: 0.95
Test Loss: 0.439 | Test Acc: 0.88
Best Acc: 0.89

Epoch: 43
Training: 100%|██████████| 391/391 [00:24<00:00, 15.94it/s]
Testing: 100%|██████████| 79/79 [00:02<00:00, 39.06it/s]
Train Loss: 0.124 | Train Acc: 0.96
Test Loss: 0.440 | Test Acc: 0.88
Best Acc: 0.89

Epoch: 44
Training: 100%|██████████| 391/391 [00:24<00:00, 16.08it/s]
Testing: 100%|██████████| 79/79 [00:01<00:00, 40.88it/s]
Train Loss: 0.121 | Train Acc: 0.96
Test Loss: 0.439 | Test Acc: 0.88
Best Acc: 0.89

Epoch: 45
Training: 100%|██████████| 391/391 [00:24<00:00, 15.97it/s]
Testing: 100%|██████████| 79/79 [00:02<00:00, 38.16it/s]
Train Loss: 0.116 | Train Acc: 0.96
Test Loss: 0.444 | Test Acc: 0.88
Best Acc: 0.89

Epoch: 46
Training: 100%|██████████| 391/391 [00:24<00:00, 16.08it/s]
Testing: 100%|██████████| 79/79 [00:02<00:00, 37.66it/s]
Train Loss: 0.118 | Train Acc: 0.96
Test Loss: 0.435 | Test Acc: 0.88
Best Acc: 0.89

Epoch: 47
Training: 100%|██████████| 391/391 [00:24<00:00, 15.91it/s]
Testing: 100%|██████████| 79/79 [00:01<00:00, 41.63it/s]
Train Loss: 0.115 | Train Acc: 0.96
Test Loss: 0.433 | Test Acc: 0.88
Best Acc: 0.89

Epoch: 48
Training: 100%|██████████| 391/391 [00:24<00:00, 16.13it/s]
Testing: 100%|██████████| 79/79 [00:01<00:00, 42.73it/s]
Train Loss: 0.113 | Train Acc: 0.96
Test Loss: 0.438 | Test Acc: 0.88
Best Acc: 0.89

Epoch: 49
Training: 100%|██████████| 391/391 [00:24<00:00, 16.10it/s]
Testing: 100%|██████████| 79/79 [00:02<00:00, 36.22it/s]
Train Loss: 0.113 | Train Acc: 0.96
Test Loss: 0.437 | Test Acc: 0.88
Best Acc: 0.89

Epoch: 50
Training: 100%|██████████| 391/391 [00:24<00:00, 16.14it/s]
Testing: 100%|██████████| 79/79 [00:01<00:00, 42.49it/s]
Train Loss: 0.112 | Train Acc: 0.96
Test Loss: 0.438 | Test Acc: 0.88
Best Acc: 0.89
