Downloading https://www.cs.toronto.edu/~kriz/cifar-10-python.tar.gz to ./data/cifar-10-python.tar.gz
100%|██████████| 170M/170M [00:19<00:00, 8.80MB/s] 
Extracting ./data/cifar-10-python.tar.gz to ./data
Files already downloaded and verified
Num of train 50000
Num of test 10000

Epoch: 1
Training: 100%|██████████| 391/391 [00:25<00:00, 15.29it/s]
Testing: 100%|██████████| 79/79 [00:01<00:00, 40.66it/s]
Train Loss: 6.963 | Train Acc: 0.25
Test Loss: 6.662 | Test Acc: 0.28
Best Acc: 0.28

Epoch: 2
Training: 100%|██████████| 391/391 [00:24<00:00, 16.09it/s]
Testing: 100%|██████████| 79/79 [00:02<00:00, 39.27it/s]
Train Loss: 6.122 | Train Acc: 0.34
Test Loss: 6.555 | Test Acc: 0.30
Best Acc: 0.30

Epoch: 3
Training: 100%|██████████| 391/391 [00:25<00:00, 15.58it/s]
Testing: 100%|██████████| 79/79 [00:02<00:00, 38.37it/s]
Train Loss: 5.781 | Train Acc: 0.38
Test Loss: 6.022 | Test Acc: 0.35
Best Acc: 0.35

Epoch: 4
Training: 100%|██████████| 391/391 [00:24<00:00, 16.11it/s]
Testing: 100%|██████████| 79/79 [00:01<00:00, 42.17it/s]
Train Loss: 5.509 | Train Acc: 0.41
Test Loss: 5.681 | Test Acc: 0.39
Best Acc: 0.39

Epoch: 5
Training: 100%|██████████| 391/391 [00:24<00:00, 16.00it/s]
Testing: 100%|██████████| 79/79 [00:02<00:00, 38.05it/s]
Train Loss: 5.350 | Train Acc: 0.43
Test Loss: 5.533 | Test Acc: 0.40
Best Acc: 0.40

Epoch: 6
Training: 100%|██████████| 391/391 [00:24<00:00, 16.06it/s]
Testing: 100%|██████████| 79/79 [00:02<00:00, 37.69it/s]
Train Loss: 5.238 | Train Acc: 0.44
Test Loss: 5.571 | Test Acc: 0.40
Best Acc: 0.40

Epoch: 7
Training: 100%|██████████| 391/391 [00:24<00:00, 15.96it/s]
Testing: 100%|██████████| 79/79 [00:02<00:00, 39.23it/s]
Train Loss: 5.107 | Train Acc: 0.45
Test Loss: 5.405 | Test Acc: 0.42
Best Acc: 0.42

Epoch: 8
Training: 100%|██████████| 391/391 [00:24<00:00, 16.09it/s]
Testing: 100%|██████████| 79/79 [00:02<00:00, 38.61it/s]
Train Loss: 4.952 | Train Acc: 0.47
Test Loss: 5.420 | Test Acc: 0.42
Best Acc: 0.42

Epoch: 9
Training: 100%|██████████| 391/391 [00:24<00:00, 15.98it/s]
Testing: 100%|██████████| 79/79 [00:02<00:00, 39.43it/s]
Train Loss: 4.804 | Train Acc: 0.48
Test Loss: 5.323 | Test Acc: 0.43
Best Acc: 0.43

Epoch: 10
Training: 100%|██████████| 391/391 [00:24<00:00, 16.14it/s]
Testing: 100%|██████████| 79/79 [00:01<00:00, 41.06it/s]
Train Loss: 4.728 | Train Acc: 0.49
Test Loss: 5.128 | Test Acc: 0.45
Best Acc: 0.45

Epoch: 11
Training: 100%|██████████| 391/391 [00:24<00:00, 15.90it/s]
Testing: 100%|██████████| 79/79 [00:02<00:00, 38.78it/s]
Train Loss: 4.568 | Train Acc: 0.51
Test Loss: 4.893 | Test Acc: 0.47
Best Acc: 0.47

Epoch: 12
Training: 100%|██████████| 391/391 [00:24<00:00, 16.02it/s]
Testing: 100%|██████████| 79/79 [00:01<00:00, 39.58it/s]
Train Loss: 4.448 | Train Acc: 0.52
Test Loss: 4.525 | Test Acc: 0.51
Best Acc: 0.51

Epoch: 13
Training: 100%|██████████| 391/391 [00:24<00:00, 15.92it/s]
Testing: 100%|██████████| 79/79 [00:02<00:00, 37.96it/s]
Train Loss: 4.278 | Train Acc: 0.54
Test Loss: 4.184 | Test Acc: 0.55
Best Acc: 0.55

Epoch: 14
Training: 100%|██████████| 391/391 [00:24<00:00, 16.15it/s]
Testing: 100%|██████████| 79/79 [00:02<00:00, 37.70it/s]
Train Loss: 4.197 | Train Acc: 0.55
Test Loss: 4.698 | Test Acc: 0.49
Best Acc: 0.55

Epoch: 15
Training: 100%|██████████| 391/391 [00:24<00:00, 16.14it/s]
Testing: 100%|██████████| 79/79 [00:02<00:00, 36.56it/s]
Train Loss: 4.157 | Train Acc: 0.55
Test Loss: 3.857 | Test Acc: 0.58
Best Acc: 0.58

Epoch: 16
Training: 100%|██████████| 391/391 [00:24<00:00, 16.09it/s]
Testing: 100%|██████████| 79/79 [00:01<00:00, 43.23it/s]
Train Loss: 3.986 | Train Acc: 0.57
Test Loss: 3.836 | Test Acc: 0.59
Best Acc: 0.59

Epoch: 17
Training: 100%|██████████| 391/391 [00:24<00:00, 16.16it/s]
Testing: 100%|██████████| 79/79 [00:02<00:00, 37.72it/s]
Train Loss: 3.976 | Train Acc: 0.57
Test Loss: 4.050 | Test Acc: 0.56
Best Acc: 0.59

Epoch: 18
Training: 100%|██████████| 391/391 [00:24<00:00, 15.94it/s]
Testing: 100%|██████████| 79/79 [00:01<00:00, 42.94it/s]
Train Loss: 3.888 | Train Acc: 0.58
Test Loss: 3.793 | Test Acc: 0.59
Best Acc: 0.59

Epoch: 19
Training: 100%|██████████| 391/391 [00:24<00:00, 16.10it/s]
Testing: 100%|██████████| 79/79 [00:01<00:00, 42.30it/s]
Train Loss: 3.777 | Train Acc: 0.59
Test Loss: 3.823 | Test Acc: 0.59
Best Acc: 0.59

Epoch: 20
Training: 100%|██████████| 391/391 [00:24<00:00, 15.93it/s]
Testing: 100%|██████████| 79/79 [00:02<00:00, 37.32it/s]
Train Loss: 3.757 | Train Acc: 0.60
Test Loss: 3.392 | Test Acc: 0.63
Best Acc: 0.63

Epoch: 21
Training: 100%|██████████| 391/391 [00:24<00:00, 16.07it/s]
Testing: 100%|██████████| 79/79 [00:02<00:00, 39.49it/s]
Train Loss: 3.665 | Train Acc: 0.61
Test Loss: 3.523 | Test Acc: 0.62
Best Acc: 0.63

Epoch: 22
Training: 100%|██████████| 391/391 [00:24<00:00, 15.99it/s]
Testing: 100%|██████████| 79/79 [00:02<00:00, 38.22it/s]
Train Loss: 3.623 | Train Acc: 0.61
Test Loss: 3.410 | Test Acc: 0.63
Best Acc: 0.63

Epoch: 23
Training: 100%|██████████| 391/391 [00:24<00:00, 16.14it/s]
Testing: 100%|██████████| 79/79 [00:02<00:00, 37.91it/s]
Train Loss: 3.565 | Train Acc: 0.62
Test Loss: 3.376 | Test Acc: 0.64
Best Acc: 0.64

Epoch: 24
Training: 100%|██████████| 391/391 [00:24<00:00, 15.95it/s]
Testing: 100%|██████████| 79/79 [00:01<00:00, 40.39it/s]
Train Loss: 3.493 | Train Acc: 0.62
Test Loss: 3.214 | Test Acc: 0.65
Best Acc: 0.65

Epoch: 25
Training: 100%|██████████| 391/391 [00:24<00:00, 16.12it/s]
Testing: 100%|██████████| 79/79 [00:02<00:00, 39.20it/s]
Train Loss: 3.417 | Train Acc: 0.63
Test Loss: 3.063 | Test Acc: 0.67
Best Acc: 0.67

Epoch: 26
Training: 100%|██████████| 391/391 [00:24<00:00, 15.97it/s]
Testing: 100%|██████████| 79/79 [00:02<00:00, 38.28it/s]
Train Loss: 3.346 | Train Acc: 0.64
Test Loss: 2.866 | Test Acc: 0.69
Best Acc: 0.69

Epoch: 27
Training: 100%|██████████| 391/391 [00:24<00:00, 16.16it/s]
Testing: 100%|██████████| 79/79 [00:02<00:00, 38.50it/s]
Train Loss: 3.296 | Train Acc: 0.64
Test Loss: 2.862 | Test Acc: 0.69
Best Acc: 0.69

Epoch: 28
Training: 100%|██████████| 391/391 [00:24<00:00, 15.98it/s]
Testing: 100%|██████████| 79/79 [00:02<00:00, 38.57it/s]
Train Loss: 3.218 | Train Acc: 0.65
Test Loss: 2.966 | Test Acc: 0.68
Best Acc: 0.69

Epoch: 29
Training: 100%|██████████| 391/391 [00:24<00:00, 16.06it/s]
Testing: 100%|██████████| 79/79 [00:02<00:00, 38.00it/s]
Train Loss: 3.166 | Train Acc: 0.66
Test Loss: 2.658 | Test Acc: 0.71
Best Acc: 0.71

Epoch: 30
Training: 100%|██████████| 391/391 [00:24<00:00, 15.84it/s]
Testing: 100%|██████████| 79/79 [00:01<00:00, 40.29it/s]
Train Loss: 3.119 | Train Acc: 0.66
Test Loss: 2.647 | Test Acc: 0.72
Best Acc: 0.72

Epoch: 31
Training: 100%|██████████| 391/391 [00:24<00:00, 15.93it/s]
Testing: 100%|██████████| 79/79 [00:01<00:00, 40.15it/s]
Train Loss: 3.055 | Train Acc: 0.67
Test Loss: 2.569 | Test Acc: 0.72
Best Acc: 0.72

Epoch: 32
Training: 100%|██████████| 391/391 [00:24<00:00, 15.94it/s]
Testing: 100%|██████████| 79/79 [00:02<00:00, 34.02it/s]
Train Loss: 3.016 | Train Acc: 0.68
Test Loss: 2.478 | Test Acc: 0.73
Best Acc: 0.73

Epoch: 33
Training: 100%|██████████| 391/391 [00:24<00:00, 15.95it/s]
Testing: 100%|██████████| 79/79 [00:01<00:00, 39.57it/s]
Train Loss: 2.949 | Train Acc: 0.68
Test Loss: 2.494 | Test Acc: 0.73
Best Acc: 0.73

Epoch: 34
Training: 100%|██████████| 391/391 [00:24<00:00, 15.95it/s]
Testing: 100%|██████████| 79/79 [00:02<00:00, 36.19it/s]
Train Loss: 2.893 | Train Acc: 0.69
Test Loss: 2.303 | Test Acc: 0.75
Best Acc: 0.75

Epoch: 35
Training: 100%|██████████| 391/391 [00:24<00:00, 15.82it/s]
Testing: 100%|██████████| 79/79 [00:01<00:00, 41.74it/s]
Train Loss: 2.866 | Train Acc: 0.69
Test Loss: 2.311 | Test Acc: 0.75
Best Acc: 0.75

Epoch: 36
Training: 100%|██████████| 391/391 [00:24<00:00, 15.93it/s]
Testing: 100%|██████████| 79/79 [00:02<00:00, 39.33it/s]
Train Loss: 2.804 | Train Acc: 0.70
Test Loss: 2.339 | Test Acc: 0.75
Best Acc: 0.75

Epoch: 37
Training: 100%|██████████| 391/391 [00:24<00:00, 15.82it/s]
Testing: 100%|██████████| 79/79 [00:02<00:00, 38.65it/s]
Train Loss: 2.776 | Train Acc: 0.70
Test Loss: 2.248 | Test Acc: 0.76
Best Acc: 0.76

Epoch: 38
Training: 100%|██████████| 391/391 [00:24<00:00, 15.97it/s]
Testing: 100%|██████████| 79/79 [00:02<00:00, 37.03it/s]
Train Loss: 2.750 | Train Acc: 0.70
Test Loss: 2.148 | Test Acc: 0.77
Best Acc: 0.77

Epoch: 39
Training: 100%|██████████| 391/391 [00:24<00:00, 15.79it/s]
Testing: 100%|██████████| 79/79 [00:01<00:00, 40.81it/s]
Train Loss: 2.722 | Train Acc: 0.71
Test Loss: 2.153 | Test Acc: 0.77
Best Acc: 0.77

Epoch: 40
Training: 100%|██████████| 391/391 [00:24<00:00, 16.00it/s]
Testing: 100%|██████████| 79/79 [00:01<00:00, 39.52it/s]
Train Loss: 2.696 | Train Acc: 0.71
Test Loss: 2.226 | Test Acc: 0.76
Best Acc: 0.77

Epoch: 41
Training: 100%|██████████| 391/391 [00:24<00:00, 15.82it/s]
Testing: 100%|██████████| 79/79 [00:01<00:00, 40.14it/s]
Train Loss: 2.661 | Train Acc: 0.71
Test Loss: 2.148 | Test Acc: 0.77
Best Acc: 0.77

Epoch: 42
Training: 100%|██████████| 391/391 [00:24<00:00, 16.01it/s]
Testing: 100%|██████████| 79/79 [00:02<00:00, 37.23it/s]
Train Loss: 2.643 | Train Acc: 0.72
Test Loss: 2.054 | Test Acc: 0.78
Best Acc: 0.78

Epoch: 43
Training: 100%|██████████| 391/391 [00:24<00:00, 15.82it/s]
Testing: 100%|██████████| 79/79 [00:02<00:00, 36.93it/s]
Train Loss: 2.599 | Train Acc: 0.72
Test Loss: 2.083 | Test Acc: 0.78
Best Acc: 0.78

Epoch: 44
Training: 100%|██████████| 391/391 [00:24<00:00, 15.95it/s]
Testing: 100%|██████████| 79/79 [00:02<00:00, 37.43it/s]
Train Loss: 2.587 | Train Acc: 0.72
Test Loss: 2.051 | Test Acc: 0.78
Best Acc: 0.78

Epoch: 45
Training: 100%|██████████| 391/391 [00:24<00:00, 15.81it/s]
Testing: 100%|██████████| 79/79 [00:02<00:00, 37.24it/s]
Train Loss: 2.571 | Train Acc: 0.72
Test Loss: 2.024 | Test Acc: 0.78
Best Acc: 0.78

Epoch: 46
Training: 100%|██████████| 391/391 [00:24<00:00, 16.00it/s]
Testing: 100%|██████████| 79/79 [00:02<00:00, 38.68it/s]
Train Loss: 2.560 | Train Acc: 0.73
Test Loss: 2.033 | Test Acc: 0.78
Best Acc: 0.78

Epoch: 47
Training: 100%|██████████| 391/391 [00:24<00:00, 15.79it/s]
Testing: 100%|██████████| 79/79 [00:01<00:00, 40.31it/s]
Train Loss: 2.553 | Train Acc: 0.73
Test Loss: 2.021 | Test Acc: 0.78
Best Acc: 0.78

Epoch: 48
Training: 100%|██████████| 391/391 [00:24<00:00, 15.97it/s]
Testing: 100%|██████████| 79/79 [00:01<00:00, 41.08it/s]
Train Loss: 2.535 | Train Acc: 0.73
Test Loss: 2.023 | Test Acc: 0.78
Best Acc: 0.78

Epoch: 49
Training: 100%|██████████| 391/391 [00:24<00:00, 15.94it/s]
Testing: 100%|██████████| 79/79 [00:02<00:00, 35.28it/s]
Train Loss: 2.549 | Train Acc: 0.73
Test Loss: 2.012 | Test Acc: 0.78
Best Acc: 0.78

Epoch: 50
Training: 100%|██████████| 391/391 [00:24<00:00, 15.98it/s]
Testing: 100%|██████████| 79/79 [00:01<00:00, 39.72it/s]
Train Loss: 2.535 | Train Acc: 0.73
Test Loss: 2.023 | Test Acc: 0.78
Best Acc: 0.78
