100%|██████████| 170M/170M [00:13<00:00, 12.8MB/s] 
Num of train 50000
Num of test 10000

Epoch: 1
Training: 100%|██████████| 391/391 [00:41<00:00,  9.47it/s]
Testing: 100%|██████████| 79/79 [00:03<00:00, 20.75it/s]
Train Loss: 0.752 | Train Acc: 0.32
Test Loss: 0.695 | Test Acc: 0.36
Best Acc: 0.36

Epoch: 2
Training: 100%|██████████| 391/391 [00:41<00:00,  9.36it/s]
Testing: 100%|██████████| 79/79 [00:02<00:00, 26.61it/s]
Train Loss: 0.613 | Train Acc: 0.43
Test Loss: 0.615 | Test Acc: 0.42
Best Acc: 0.42

Epoch: 3
Training: 100%|██████████| 391/391 [00:43<00:00,  8.93it/s]
Testing: 100%|██████████| 79/79 [00:03<00:00, 24.62it/s]
Train Loss: 0.561 | Train Acc: 0.48
Test Loss: 0.573 | Test Acc: 0.46
Best Acc: 0.46

Epoch: 4
Training: 100%|██████████| 391/391 [00:42<00:00,  9.21it/s]
Testing: 100%|██████████| 79/79 [00:03<00:00, 25.92it/s]
Train Loss: 0.516 | Train Acc: 0.52
Test Loss: 0.501 | Test Acc: 0.53
Best Acc: 0.53

Epoch: 5
Training: 100%|██████████| 391/391 [00:42<00:00,  9.16it/s]
Testing: 100%|██████████| 79/79 [00:02<00:00, 26.49it/s]
Train Loss: 0.486 | Train Acc: 0.55
Test Loss: 0.486 | Test Acc: 0.54
Best Acc: 0.54

Epoch: 6
Training: 100%|██████████| 391/391 [00:42<00:00,  9.18it/s]
Testing: 100%|██████████| 79/79 [00:03<00:00, 21.96it/s]
Train Loss: 0.466 | Train Acc: 0.56
Test Loss: 0.422 | Test Acc: 0.60
Best Acc: 0.60

Epoch: 7
Training: 100%|██████████| 391/391 [00:42<00:00,  9.16it/s]
Testing: 100%|██████████| 79/79 [00:03<00:00, 25.97it/s]
Train Loss: 0.445 | Train Acc: 0.58
Test Loss: 0.423 | Test Acc: 0.60
Best Acc: 0.60

Epoch: 8
Training: 100%|██████████| 391/391 [00:42<00:00,  9.17it/s]
Testing: 100%|██████████| 79/79 [00:03<00:00, 19.86it/s]
Train Loss: 0.423 | Train Acc: 0.60
Test Loss: 0.390 | Test Acc: 0.63
Best Acc: 0.63

Epoch: 9
Training: 100%|██████████| 391/391 [00:42<00:00,  9.14it/s]
Testing: 100%|██████████| 79/79 [00:03<00:00, 26.24it/s]
Train Loss: 0.408 | Train Acc: 0.62
Test Loss: 0.360 | Test Acc: 0.66
Best Acc: 0.66

Epoch: 10
Training: 100%|██████████| 391/391 [00:42<00:00,  9.19it/s]
Testing: 100%|██████████| 79/79 [00:03<00:00, 20.39it/s]
Train Loss: 0.388 | Train Acc: 0.64
Test Loss: 0.359 | Test Acc: 0.66
Best Acc: 0.66

Epoch: 11
Training: 100%|██████████| 391/391 [00:42<00:00,  9.12it/s]
Testing: 100%|██████████| 79/79 [00:03<00:00, 25.67it/s]
Train Loss: 0.377 | Train Acc: 0.65
Test Loss: 0.325 | Test Acc: 0.69
Best Acc: 0.69

Epoch: 12
Training: 100%|██████████| 391/391 [00:42<00:00,  9.17it/s]
Testing: 100%|██████████| 79/79 [00:03<00:00, 24.25it/s]
Train Loss: 0.367 | Train Acc: 0.66
Test Loss: 0.319 | Test Acc: 0.70
Best Acc: 0.70

Epoch: 13
Training: 100%|██████████| 391/391 [00:43<00:00,  9.06it/s]
Testing: 100%|██████████| 79/79 [00:03<00:00, 25.86it/s]
Train Loss: 0.354 | Train Acc: 0.67
Test Loss: 0.312 | Test Acc: 0.71
Best Acc: 0.71

Epoch: 14
Training: 100%|██████████| 391/391 [00:42<00:00,  9.20it/s]
Testing: 100%|██████████| 79/79 [00:03<00:00, 25.93it/s]
Train Loss: 0.347 | Train Acc: 0.67
Test Loss: 0.287 | Test Acc: 0.73
Best Acc: 0.73

Epoch: 15
Training: 100%|██████████| 391/391 [00:42<00:00,  9.15it/s]
Testing: 100%|██████████| 79/79 [00:04<00:00, 19.42it/s]
Train Loss: 0.337 | Train Acc: 0.68
Test Loss: 0.279 | Test Acc: 0.74
Best Acc: 0.74

Epoch: 16
Training: 100%|██████████| 391/391 [00:42<00:00,  9.19it/s]
Testing: 100%|██████████| 79/79 [00:03<00:00, 26.04it/s]
Train Loss: 0.330 | Train Acc: 0.69
Test Loss: 0.287 | Test Acc: 0.73
Best Acc: 0.74

Epoch: 17
Training: 100%|██████████| 391/391 [00:42<00:00,  9.24it/s]
Testing: 100%|██████████| 79/79 [00:04<00:00, 19.70it/s]
Train Loss: 0.323 | Train Acc: 0.70
Test Loss: 0.272 | Test Acc: 0.74
Best Acc: 0.74

Epoch: 18
Training: 100%|██████████| 391/391 [00:42<00:00,  9.19it/s]
Testing: 100%|██████████| 79/79 [00:02<00:00, 26.81it/s]
Train Loss: 0.317 | Train Acc: 0.70
Test Loss: 0.262 | Test Acc: 0.75
Best Acc: 0.75

Epoch: 19
Training: 100%|██████████| 391/391 [00:42<00:00,  9.22it/s]
Testing: 100%|██████████| 79/79 [00:03<00:00, 22.46it/s]
Train Loss: 0.309 | Train Acc: 0.71
Test Loss: 0.267 | Test Acc: 0.75
Best Acc: 0.75

Epoch: 20
Training: 100%|██████████| 391/391 [00:42<00:00,  9.13it/s]
Testing: 100%|██████████| 79/79 [00:03<00:00, 26.17it/s]
Train Loss: 0.304 | Train Acc: 0.71
Test Loss: 0.267 | Test Acc: 0.75
Best Acc: 0.75

Epoch: 21
Training: 100%|██████████| 391/391 [00:42<00:00,  9.21it/s]
Testing: 100%|██████████| 79/79 [00:03<00:00, 25.99it/s]
Train Loss: 0.299 | Train Acc: 0.72
Test Loss: 0.251 | Test Acc: 0.76
Best Acc: 0.76

Epoch: 22
Training: 100%|██████████| 391/391 [00:42<00:00,  9.12it/s]
Testing: 100%|██████████| 79/79 [00:03<00:00, 25.76it/s]
Train Loss: 0.294 | Train Acc: 0.72
Test Loss: 0.231 | Test Acc: 0.78
Best Acc: 0.78

Epoch: 23
Training: 100%|██████████| 391/391 [00:42<00:00,  9.21it/s]
Testing: 100%|██████████| 79/79 [00:02<00:00, 26.41it/s]
Train Loss: 0.288 | Train Acc: 0.73
Test Loss: 0.227 | Test Acc: 0.79
Best Acc: 0.79

Epoch: 24
Training: 100%|██████████| 391/391 [00:42<00:00,  9.17it/s]
Testing: 100%|██████████| 79/79 [00:03<00:00, 21.05it/s]
Train Loss: 0.284 | Train Acc: 0.73
Test Loss: 0.227 | Test Acc: 0.79
Best Acc: 0.79

Epoch: 25
Training: 100%|██████████| 391/391 [00:42<00:00,  9.24it/s]
Testing: 100%|██████████| 79/79 [00:02<00:00, 26.70it/s]
Train Loss: 0.277 | Train Acc: 0.74
Test Loss: 0.217 | Test Acc: 0.80
Best Acc: 0.80

Epoch: 26
Training: 100%|██████████| 391/391 [00:42<00:00,  9.18it/s]
Testing: 100%|██████████| 79/79 [00:03<00:00, 19.80it/s]
Train Loss: 0.273 | Train Acc: 0.74
Test Loss: 0.210 | Test Acc: 0.80
Best Acc: 0.80

Epoch: 27
Training: 100%|██████████| 391/391 [00:42<00:00,  9.23it/s]
Testing: 100%|██████████| 79/79 [00:02<00:00, 26.67it/s]
Train Loss: 0.270 | Train Acc: 0.75
Test Loss: 0.213 | Test Acc: 0.80
Best Acc: 0.80

Epoch: 28
Training: 100%|██████████| 391/391 [00:42<00:00,  9.14it/s]
Testing: 100%|██████████| 79/79 [00:03<00:00, 24.12it/s]
Train Loss: 0.265 | Train Acc: 0.75
Test Loss: 0.210 | Test Acc: 0.80
Best Acc: 0.80

Epoch: 29
Training: 100%|██████████| 391/391 [00:42<00:00,  9.17it/s]
Testing: 100%|██████████| 79/79 [00:03<00:00, 26.23it/s]
Train Loss: 0.261 | Train Acc: 0.75
Test Loss: 0.209 | Test Acc: 0.80
Best Acc: 0.80

Epoch: 30
Training: 100%|██████████| 391/391 [00:42<00:00,  9.20it/s]
Testing: 100%|██████████| 79/79 [00:02<00:00, 26.57it/s]
Train Loss: 0.258 | Train Acc: 0.76
Test Loss: 0.209 | Test Acc: 0.80
Best Acc: 0.80

Epoch: 31
Training: 100%|██████████| 391/391 [00:42<00:00,  9.22it/s]
Testing: 100%|██████████| 79/79 [00:03<00:00, 21.30it/s]
Train Loss: 0.253 | Train Acc: 0.76
Test Loss: 0.199 | Test Acc: 0.81
Best Acc: 0.81

Epoch: 32
Training: 100%|██████████| 391/391 [00:42<00:00,  9.24it/s]
Testing: 100%|██████████| 79/79 [00:03<00:00, 24.65it/s]
Train Loss: 0.249 | Train Acc: 0.77
Test Loss: 0.192 | Test Acc: 0.82
Best Acc: 0.82

Epoch: 33
Training: 100%|██████████| 391/391 [00:42<00:00,  9.23it/s]
Testing: 100%|██████████| 79/79 [00:03<00:00, 20.14it/s]
Train Loss: 0.247 | Train Acc: 0.77
Test Loss: 0.201 | Test Acc: 0.81
Best Acc: 0.82

Epoch: 34
Training: 100%|██████████| 391/391 [00:42<00:00,  9.18it/s]
Testing: 100%|██████████| 79/79 [00:03<00:00, 26.12it/s]
Train Loss: 0.243 | Train Acc: 0.77
Test Loss: 0.190 | Test Acc: 0.82
Best Acc: 0.82

Epoch: 35
Training: 100%|██████████| 391/391 [00:42<00:00,  9.19it/s]
Testing: 100%|██████████| 79/79 [00:03<00:00, 23.32it/s]
Train Loss: 0.240 | Train Acc: 0.78
Test Loss: 0.192 | Test Acc: 0.82
Best Acc: 0.82

Epoch: 36
Training: 100%|██████████| 391/391 [00:42<00:00,  9.21it/s]
Testing: 100%|██████████| 79/79 [00:02<00:00, 26.54it/s]
Train Loss: 0.236 | Train Acc: 0.78
Test Loss: 0.185 | Test Acc: 0.83
Best Acc: 0.83

Epoch: 37
Training: 100%|██████████| 391/391 [00:42<00:00,  9.14it/s]
Testing: 100%|██████████| 79/79 [00:03<00:00, 26.28it/s]
Train Loss: 0.235 | Train Acc: 0.78
Test Loss: 0.193 | Test Acc: 0.82
Best Acc: 0.83

Epoch: 38
Training: 100%|██████████| 391/391 [00:42<00:00,  9.26it/s]
Testing: 100%|██████████| 79/79 [00:03<00:00, 20.61it/s]
Train Loss: 0.231 | Train Acc: 0.78
Test Loss: 0.184 | Test Acc: 0.83
Best Acc: 0.83

Epoch: 39
Training: 100%|██████████| 391/391 [00:42<00:00,  9.17it/s]
Testing: 100%|██████████| 79/79 [00:03<00:00, 26.29it/s]
Train Loss: 0.231 | Train Acc: 0.78
Test Loss: 0.184 | Test Acc: 0.83
Best Acc: 0.83

Epoch: 40
Training: 100%|██████████| 391/391 [00:42<00:00,  9.24it/s]
Testing: 100%|██████████| 79/79 [00:03<00:00, 20.19it/s]
Train Loss: 0.229 | Train Acc: 0.79
Test Loss: 0.180 | Test Acc: 0.83
Best Acc: 0.83

Epoch: 41
Training: 100%|██████████| 391/391 [00:42<00:00,  9.18it/s]
Testing: 100%|██████████| 79/79 [00:03<00:00, 26.06it/s]
Train Loss: 0.225 | Train Acc: 0.79
Test Loss: 0.180 | Test Acc: 0.83
Best Acc: 0.83

Epoch: 42
Training: 100%|██████████| 391/391 [00:42<00:00,  9.25it/s]
Testing: 100%|██████████| 79/79 [00:03<00:00, 23.77it/s]
Train Loss: 0.225 | Train Acc: 0.79
Test Loss: 0.179 | Test Acc: 0.83
Best Acc: 0.83

Epoch: 43
Training: 100%|██████████| 391/391 [00:42<00:00,  9.12it/s]
Testing: 100%|██████████| 79/79 [00:03<00:00, 26.16it/s]
Train Loss: 0.223 | Train Acc: 0.79
Test Loss: 0.179 | Test Acc: 0.83
Best Acc: 0.83

Epoch: 44
Training: 100%|██████████| 391/391 [00:42<00:00,  9.19it/s]
Testing: 100%|██████████| 79/79 [00:03<00:00, 25.46it/s]
Train Loss: 0.221 | Train Acc: 0.79
Test Loss: 0.179 | Test Acc: 0.83
Best Acc: 0.83

Epoch: 45
Training: 100%|██████████| 391/391 [00:42<00:00,  9.18it/s]
Testing: 100%|██████████| 79/79 [00:03<00:00, 22.18it/s]
Train Loss: 0.222 | Train Acc: 0.79
Test Loss: 0.178 | Test Acc: 0.83
Best Acc: 0.83

Epoch: 46
Training: 100%|██████████| 391/391 [00:42<00:00,  9.24it/s]
Testing: 100%|██████████| 79/79 [00:02<00:00, 26.45it/s]
Train Loss: 0.220 | Train Acc: 0.79
Test Loss: 0.179 | Test Acc: 0.83
Best Acc: 0.83

Epoch: 47
Training: 100%|██████████| 391/391 [00:42<00:00,  9.14it/s]
Testing: 100%|██████████| 79/79 [00:04<00:00, 19.35it/s]
Train Loss: 0.219 | Train Acc: 0.80
Test Loss: 0.179 | Test Acc: 0.83
Best Acc: 0.83

Epoch: 48
Training: 100%|██████████| 391/391 [00:42<00:00,  9.19it/s]
Testing: 100%|██████████| 79/79 [00:02<00:00, 26.34it/s]
Train Loss: 0.220 | Train Acc: 0.79
Test Loss: 0.178 | Test Acc: 0.83
Best Acc: 0.83

Epoch: 49
Training: 100%|██████████| 391/391 [00:42<00:00,  9.17it/s]
Testing: 100%|██████████| 79/79 [00:03<00:00, 19.84it/s]
Train Loss: 0.219 | Train Acc: 0.80
Test Loss: 0.177 | Test Acc: 0.83
Best Acc: 0.83

Epoch: 50
Training: 100%|██████████| 391/391 [00:42<00:00,  9.16it/s]
Testing: 100%|██████████| 79/79 [00:03<00:00, 25.97it/s]
Train Loss: 0.219 | Train Acc: 0.80
Test Loss: 0.177 | Test Acc: 0.83
Best Acc: 0.83
