Downloading https://www.cs.toronto.edu/~kriz/cifar-10-python.tar.gz to ./data/cifar-10-python.tar.gz
100%|██████████| 170M/170M [00:05<00:00, 29.0MB/s] 
Extracting ./data/cifar-10-python.tar.gz to ./data
Files already downloaded and verified
Num of train 50000
Num of test 10000

Epoch: 1
Training: 100%|██████████| 391/391 [00:25<00:00, 15.31it/s]
Testing: 100%|██████████| 79/79 [00:01<00:00, 40.32it/s]
Train Loss: 1.457 | Train Acc: 0.41
Test Loss: 1.296 | Test Acc: 0.44
Best Acc: 0.44

Epoch: 2
Training: 100%|██████████| 391/391 [00:24<00:00, 16.13it/s]
Testing: 100%|██████████| 79/79 [00:01<00:00, 43.64it/s]
Train Loss: 1.092 | Train Acc: 0.53
Test Loss: 0.965 | Test Acc: 0.59
Best Acc: 0.59

Epoch: 3
Training: 100%|██████████| 391/391 [00:24<00:00, 15.67it/s]
Testing: 100%|██████████| 79/79 [00:02<00:00, 39.44it/s]
Train Loss: 0.934 | Train Acc: 0.58
Test Loss: 0.971 | Test Acc: 0.56
Best Acc: 0.59

Epoch: 4
Training: 100%|██████████| 391/391 [00:24<00:00, 16.13it/s]
Testing: 100%|██████████| 79/79 [00:01<00:00, 43.40it/s]
Train Loss: 0.844 | Train Acc: 0.61
Test Loss: 0.825 | Test Acc: 0.64
Best Acc: 0.64

Epoch: 5
Training: 100%|██████████| 391/391 [00:24<00:00, 15.96it/s]
Testing: 100%|██████████| 79/79 [00:01<00:00, 41.69it/s]
Train Loss: 0.781 | Train Acc: 0.63
Test Loss: 0.736 | Test Acc: 0.69
Best Acc: 0.69

Epoch: 6
Training: 100%|██████████| 391/391 [00:24<00:00, 16.08it/s]
Testing: 100%|██████████| 79/79 [00:02<00:00, 38.05it/s]
Train Loss: 0.714 | Train Acc: 0.65
Test Loss: 0.818 | Test Acc: 0.59
Best Acc: 0.69

Epoch: 7
Training: 100%|██████████| 391/391 [00:24<00:00, 15.95it/s]
Testing: 100%|██████████| 79/79 [00:01<00:00, 40.50it/s]
Train Loss: 0.669 | Train Acc: 0.67
Test Loss: 0.701 | Test Acc: 0.66
Best Acc: 0.69

Epoch: 8
Training: 100%|██████████| 391/391 [00:24<00:00, 16.08it/s]
Testing: 100%|██████████| 79/79 [00:02<00:00, 39.12it/s]
Train Loss: 0.633 | Train Acc: 0.68
Test Loss: 0.769 | Test Acc: 0.61
Best Acc: 0.69

Epoch: 9
Training: 100%|██████████| 391/391 [00:24<00:00, 15.95it/s]
Testing: 100%|██████████| 79/79 [00:01<00:00, 40.08it/s]
Train Loss: 0.611 | Train Acc: 0.68
Test Loss: 0.673 | Test Acc: 0.67
Best Acc: 0.69

Epoch: 10
Training: 100%|██████████| 391/391 [00:24<00:00, 16.12it/s]
Testing: 100%|██████████| 79/79 [00:01<00:00, 42.02it/s]
Train Loss: 0.581 | Train Acc: 0.69
Test Loss: 0.622 | Test Acc: 0.71
Best Acc: 0.71

Epoch: 11
Training: 100%|██████████| 391/391 [00:24<00:00, 15.92it/s]
Testing: 100%|██████████| 79/79 [00:01<00:00, 40.18it/s]
Train Loss: 0.552 | Train Acc: 0.70
Test Loss: 0.641 | Test Acc: 0.70
Best Acc: 0.71

Epoch: 12
Training: 100%|██████████| 391/391 [00:24<00:00, 16.04it/s]
Testing: 100%|██████████| 79/79 [00:01<00:00, 39.96it/s]
Train Loss: 0.532 | Train Acc: 0.71
Test Loss: 0.549 | Test Acc: 0.76
Best Acc: 0.76

Epoch: 13
Training: 100%|██████████| 391/391 [00:24<00:00, 15.93it/s]
Testing: 100%|██████████| 79/79 [00:02<00:00, 39.38it/s]
Train Loss: 0.507 | Train Acc: 0.72
Test Loss: 0.536 | Test Acc: 0.78
Best Acc: 0.78

Epoch: 14
Training: 100%|██████████| 391/391 [00:24<00:00, 16.11it/s]
Testing: 100%|██████████| 79/79 [00:02<00:00, 38.84it/s]
Train Loss: 0.493 | Train Acc: 0.72
Test Loss: 0.570 | Test Acc: 0.71
Best Acc: 0.78

Epoch: 15
Training: 100%|██████████| 391/391 [00:24<00:00, 16.13it/s]
Testing: 100%|██████████| 79/79 [00:02<00:00, 36.12it/s]
Train Loss: 0.480 | Train Acc: 0.73
Test Loss: 0.569 | Test Acc: 0.70
Best Acc: 0.78

Epoch: 16
Training: 100%|██████████| 391/391 [00:24<00:00, 16.09it/s]
Testing: 100%|██████████| 79/79 [00:01<00:00, 39.68it/s]
Train Loss: 0.461 | Train Acc: 0.74
Test Loss: 0.520 | Test Acc: 0.75
Best Acc: 0.78

Epoch: 17
Training: 100%|██████████| 391/391 [00:24<00:00, 16.13it/s]
Testing: 100%|██████████| 79/79 [00:02<00:00, 39.30it/s]
Train Loss: 0.448 | Train Acc: 0.74
Test Loss: 0.511 | Test Acc: 0.77
Best Acc: 0.78

Epoch: 18
Training: 100%|██████████| 391/391 [00:24<00:00, 15.94it/s]
Testing: 100%|██████████| 79/79 [00:02<00:00, 39.17it/s]
Train Loss: 0.431 | Train Acc: 0.75
Test Loss: 0.604 | Test Acc: 0.69
Best Acc: 0.78

Epoch: 19
Training: 100%|██████████| 391/391 [00:24<00:00, 16.12it/s]
Testing: 100%|██████████| 79/79 [00:01<00:00, 40.59it/s]
Train Loss: 0.420 | Train Acc: 0.75
Test Loss: 0.547 | Test Acc: 0.71
Best Acc: 0.78

Epoch: 20
Training: 100%|██████████| 391/391 [00:24<00:00, 15.93it/s]
Testing: 100%|██████████| 79/79 [00:01<00:00, 40.01it/s]
Train Loss: 0.406 | Train Acc: 0.76
Test Loss: 0.551 | Test Acc: 0.71
Best Acc: 0.78

Epoch: 21
Training: 100%|██████████| 391/391 [00:24<00:00, 16.07it/s]
Testing: 100%|██████████| 79/79 [00:02<00:00, 38.32it/s]
Train Loss: 0.394 | Train Acc: 0.76
Test Loss: 0.565 | Test Acc: 0.69
Best Acc: 0.78

Epoch: 22
Training: 100%|██████████| 391/391 [00:24<00:00, 15.94it/s]
Testing: 100%|██████████| 79/79 [00:02<00:00, 38.83it/s]
Train Loss: 0.380 | Train Acc: 0.77
Test Loss: 0.511 | Test Acc: 0.76
Best Acc: 0.78

Epoch: 23
Training: 100%|██████████| 391/391 [00:24<00:00, 16.16it/s]
Testing: 100%|██████████| 79/79 [00:01<00:00, 40.55it/s]
Train Loss: 0.370 | Train Acc: 0.77
Test Loss: 0.495 | Test Acc: 0.75
Best Acc: 0.78

Epoch: 24
Training: 100%|██████████| 391/391 [00:24<00:00, 16.03it/s]
Testing: 100%|██████████| 79/79 [00:02<00:00, 39.39it/s]
Train Loss: 0.356 | Train Acc: 0.78
Test Loss: 0.490 | Test Acc: 0.79
Best Acc: 0.79

Epoch: 25
Training: 100%|██████████| 391/391 [00:24<00:00, 16.20it/s]
Testing: 100%|██████████| 79/79 [00:02<00:00, 39.10it/s]
Train Loss: 0.351 | Train Acc: 0.78
Test Loss: 0.495 | Test Acc: 0.76
Best Acc: 0.79

Epoch: 26
Training: 100%|██████████| 391/391 [00:24<00:00, 16.02it/s]
Testing: 100%|██████████| 79/79 [00:02<00:00, 39.29it/s]
Train Loss: 0.341 | Train Acc: 0.78
Test Loss: 0.497 | Test Acc: 0.78
Best Acc: 0.79

Epoch: 27
Training: 100%|██████████| 391/391 [00:24<00:00, 16.21it/s]
Testing: 100%|██████████| 79/79 [00:01<00:00, 39.74it/s]
Train Loss: 0.327 | Train Acc: 0.79
Test Loss: 0.521 | Test Acc: 0.75
Best Acc: 0.79

Epoch: 28
Training: 100%|██████████| 391/391 [00:24<00:00, 16.06it/s]
Testing: 100%|██████████| 79/79 [00:01<00:00, 43.20it/s]
Train Loss: 0.319 | Train Acc: 0.80
Test Loss: 0.505 | Test Acc: 0.77
Best Acc: 0.79

Epoch: 29
Training: 100%|██████████| 391/391 [00:24<00:00, 16.16it/s]
Testing: 100%|██████████| 79/79 [00:01<00:00, 43.43it/s]
Train Loss: 0.312 | Train Acc: 0.80
Test Loss: 0.479 | Test Acc: 0.79
Best Acc: 0.79

Epoch: 30
Training: 100%|██████████| 391/391 [00:24<00:00, 16.05it/s]
Testing: 100%|██████████| 79/79 [00:01<00:00, 43.18it/s]
Train Loss: 0.301 | Train Acc: 0.81
Test Loss: 0.489 | Test Acc: 0.78
Best Acc: 0.79

Epoch: 31
Training: 100%|██████████| 391/391 [00:24<00:00, 16.18it/s]
Testing: 100%|██████████| 79/79 [00:01<00:00, 42.40it/s]
Train Loss: 0.293 | Train Acc: 0.81
Test Loss: 0.551 | Test Acc: 0.69
Best Acc: 0.79

Epoch: 32
Training: 100%|██████████| 391/391 [00:24<00:00, 16.20it/s]
Testing: 100%|██████████| 79/79 [00:02<00:00, 38.69it/s]
Train Loss: 0.286 | Train Acc: 0.81
Test Loss: 0.489 | Test Acc: 0.79
Best Acc: 0.79

Epoch: 33
Training: 100%|██████████| 391/391 [00:24<00:00, 16.22it/s]
Testing: 100%|██████████| 79/79 [00:01<00:00, 41.72it/s]
Train Loss: 0.279 | Train Acc: 0.82
Test Loss: 0.512 | Test Acc: 0.76
Best Acc: 0.79

Epoch: 34
Training: 100%|██████████| 391/391 [00:24<00:00, 16.20it/s]
Testing: 100%|██████████| 79/79 [00:02<00:00, 39.18it/s]
Train Loss: 0.273 | Train Acc: 0.82
Test Loss: 0.480 | Test Acc: 0.78
Best Acc: 0.79

Epoch: 35
Training: 100%|██████████| 391/391 [00:24<00:00, 16.06it/s]
Testing: 100%|██████████| 79/79 [00:01<00:00, 43.38it/s]
Train Loss: 0.266 | Train Acc: 0.83
Test Loss: 0.470 | Test Acc: 0.80
Best Acc: 0.80

Epoch: 36
Training: 100%|██████████| 391/391 [00:24<00:00, 16.19it/s]
Testing: 100%|██████████| 79/79 [00:01<00:00, 41.72it/s]
Train Loss: 0.259 | Train Acc: 0.83
Test Loss: 0.507 | Test Acc: 0.76
Best Acc: 0.80

Epoch: 37
Training: 100%|██████████| 391/391 [00:24<00:00, 16.03it/s]
Testing: 100%|██████████| 79/79 [00:01<00:00, 41.86it/s]
Train Loss: 0.256 | Train Acc: 0.83
Test Loss: 0.498 | Test Acc: 0.78
Best Acc: 0.80

Epoch: 38
Training: 100%|██████████| 391/391 [00:24<00:00, 16.21it/s]
Testing: 100%|██████████| 79/79 [00:01<00:00, 41.72it/s]
Train Loss: 0.249 | Train Acc: 0.84
Test Loss: 0.496 | Test Acc: 0.77
Best Acc: 0.80

Epoch: 39
Training: 100%|██████████| 391/391 [00:24<00:00, 16.04it/s]
Testing: 100%|██████████| 79/79 [00:02<00:00, 38.70it/s]
Train Loss: 0.244 | Train Acc: 0.84
Test Loss: 0.484 | Test Acc: 0.79
Best Acc: 0.80

Epoch: 40
Training: 100%|██████████| 391/391 [00:24<00:00, 16.20it/s]
Testing: 100%|██████████| 79/79 [00:01<00:00, 42.52it/s]
Train Loss: 0.240 | Train Acc: 0.85
Test Loss: 0.489 | Test Acc: 0.77
Best Acc: 0.80

Epoch: 41
Training: 100%|██████████| 391/391 [00:24<00:00, 16.03it/s]
Testing: 100%|██████████| 79/79 [00:01<00:00, 43.11it/s]
Train Loss: 0.237 | Train Acc: 0.85
Test Loss: 0.516 | Test Acc: 0.76
Best Acc: 0.80

Epoch: 42
Training: 100%|██████████| 391/391 [00:24<00:00, 16.21it/s]
Testing: 100%|██████████| 79/79 [00:01<00:00, 42.43it/s]
Train Loss: 0.235 | Train Acc: 0.85
Test Loss: 0.507 | Test Acc: 0.77
Best Acc: 0.80

Epoch: 43
Training: 100%|██████████| 391/391 [00:24<00:00, 16.07it/s]
Testing: 100%|██████████| 79/79 [00:01<00:00, 42.47it/s]
Train Loss: 0.232 | Train Acc: 0.85
Test Loss: 0.500 | Test Acc: 0.77
Best Acc: 0.80

Epoch: 44
Training: 100%|██████████| 391/391 [00:24<00:00, 16.20it/s]
Testing: 100%|██████████| 79/79 [00:02<00:00, 38.69it/s]
Train Loss: 0.229 | Train Acc: 0.85
Test Loss: 0.509 | Test Acc: 0.76
Best Acc: 0.80

Epoch: 45
Training: 100%|██████████| 391/391 [00:24<00:00, 16.05it/s]
Testing: 100%|██████████| 79/79 [00:01<00:00, 40.45it/s]
Train Loss: 0.226 | Train Acc: 0.85
Test Loss: 0.497 | Test Acc: 0.77
Best Acc: 0.80

Epoch: 46
Training: 100%|██████████| 391/391 [00:24<00:00, 16.22it/s]
Testing: 100%|██████████| 79/79 [00:01<00:00, 39.80it/s]
Train Loss: 0.225 | Train Acc: 0.85
Test Loss: 0.491 | Test Acc: 0.78
Best Acc: 0.80

Epoch: 47
Training: 100%|██████████| 391/391 [00:24<00:00, 16.02it/s]
Testing: 100%|██████████| 79/79 [00:01<00:00, 41.75it/s]
Train Loss: 0.223 | Train Acc: 0.86
Test Loss: 0.510 | Test Acc: 0.76
Best Acc: 0.80

Epoch: 48
Training: 100%|██████████| 391/391 [00:24<00:00, 16.20it/s]
Testing: 100%|██████████| 79/79 [00:01<00:00, 43.49it/s]
Train Loss: 0.224 | Train Acc: 0.85
Test Loss: 0.503 | Test Acc: 0.77
Best Acc: 0.80

Epoch: 49
Training: 100%|██████████| 391/391 [00:24<00:00, 16.17it/s]
Testing: 100%|██████████| 79/79 [00:02<00:00, 36.43it/s]
Train Loss: 0.222 | Train Acc: 0.86
Test Loss: 0.502 | Test Acc: 0.77
Best Acc: 0.80

Epoch: 50
Training: 100%|██████████| 391/391 [00:24<00:00, 16.22it/s]
Testing: 100%|██████████| 79/79 [00:01<00:00, 41.14it/s]
Train Loss: 0.223 | Train Acc: 0.86
Test Loss: 0.501 | Test Acc: 0.77
Best Acc: 0.80
