100%|██████████| 170M/170M [00:13<00:00, 12.9MB/s] 
Num of train 50000
Num of test 10000

Epoch: 1
Training: 100%|██████████| 391/391 [00:42<00:00,  9.22it/s]
Testing: 100%|██████████| 79/79 [00:03<00:00, 21.57it/s]
Train Loss: 7.497 | Train Acc: 0.20
Test Loss: 7.746 | Test Acc: 0.17
Best Acc: 0.17

Epoch: 2
Training: 100%|██████████| 391/391 [00:43<00:00,  9.04it/s]
Testing: 100%|██████████| 79/79 [00:03<00:00, 26.33it/s]
Train Loss: 6.853 | Train Acc: 0.26
Test Loss: 6.480 | Test Acc: 0.30
Best Acc: 0.30

Epoch: 3
Training: 100%|██████████| 391/391 [00:43<00:00,  8.95it/s]
Testing: 100%|██████████| 79/79 [00:03<00:00, 23.04it/s]
Train Loss: 6.032 | Train Acc: 0.35
Test Loss: 6.247 | Test Acc: 0.33
Best Acc: 0.33

Epoch: 4
Training: 100%|██████████| 391/391 [00:43<00:00,  9.04it/s]
Testing: 100%|██████████| 79/79 [00:02<00:00, 26.33it/s]
Train Loss: 5.793 | Train Acc: 0.38
Test Loss: 5.955 | Test Acc: 0.36
Best Acc: 0.36

Epoch: 5
Training: 100%|██████████| 391/391 [00:43<00:00,  8.93it/s]
Testing: 100%|██████████| 79/79 [00:03<00:00, 25.11it/s]
Train Loss: 5.582 | Train Acc: 0.40
Test Loss: 5.993 | Test Acc: 0.36
Best Acc: 0.36

Epoch: 6
Training: 100%|██████████| 391/391 [00:43<00:00,  9.00it/s]
Testing: 100%|██████████| 79/79 [00:03<00:00, 26.04it/s]
Train Loss: 5.353 | Train Acc: 0.42
Test Loss: 5.648 | Test Acc: 0.39
Best Acc: 0.39

Epoch: 7
Training: 100%|██████████| 391/391 [00:43<00:00,  8.95it/s]
Testing: 100%|██████████| 79/79 [00:03<00:00, 26.01it/s]
Train Loss: 5.246 | Train Acc: 0.44
Test Loss: 5.723 | Test Acc: 0.38
Best Acc: 0.39

Epoch: 8
Training: 100%|██████████| 391/391 [00:43<00:00,  9.03it/s]
Testing: 100%|██████████| 79/79 [00:03<00:00, 26.28it/s]
Train Loss: 5.105 | Train Acc: 0.45
Test Loss: 5.440 | Test Acc: 0.42
Best Acc: 0.42

Epoch: 9
Training: 100%|██████████| 391/391 [00:43<00:00,  8.96it/s]
Testing: 100%|██████████| 79/79 [00:03<00:00, 26.24it/s]
Train Loss: 4.988 | Train Acc: 0.46
Test Loss: 5.383 | Test Acc: 0.42
Best Acc: 0.42

Epoch: 10
Training: 100%|██████████| 391/391 [00:43<00:00,  9.04it/s]
Testing: 100%|██████████| 79/79 [00:03<00:00, 25.97it/s]
Train Loss: 4.885 | Train Acc: 0.47
Test Loss: 5.220 | Test Acc: 0.44
Best Acc: 0.44

Epoch: 11
Training: 100%|██████████| 391/391 [00:43<00:00,  8.95it/s]
Testing: 100%|██████████| 79/79 [00:03<00:00, 26.18it/s]
Train Loss: 4.839 | Train Acc: 0.48
Test Loss: 5.019 | Test Acc: 0.46
Best Acc: 0.46

Epoch: 12
Training: 100%|██████████| 391/391 [00:43<00:00,  9.02it/s]
Testing: 100%|██████████| 79/79 [00:02<00:00, 26.58it/s]
Train Loss: 4.746 | Train Acc: 0.49
Test Loss: 5.075 | Test Acc: 0.45
Best Acc: 0.46

Epoch: 13
Training: 100%|██████████| 391/391 [00:43<00:00,  8.92it/s]
Testing: 100%|██████████| 79/79 [00:03<00:00, 26.30it/s]
Train Loss: 4.645 | Train Acc: 0.50
Test Loss: 5.470 | Test Acc: 0.41
Best Acc: 0.46

Epoch: 14
Training: 100%|██████████| 391/391 [00:43<00:00,  9.03it/s]
Testing: 100%|██████████| 79/79 [00:03<00:00, 25.90it/s]
Train Loss: 4.563 | Train Acc: 0.51
Test Loss: 4.849 | Test Acc: 0.48
Best Acc: 0.48

Epoch: 15
Training: 100%|██████████| 391/391 [00:43<00:00,  8.99it/s]
Testing: 100%|██████████| 79/79 [00:03<00:00, 24.50it/s]
Train Loss: 4.406 | Train Acc: 0.53
Test Loss: 4.791 | Test Acc: 0.48
Best Acc: 0.48

Epoch: 16
Training: 100%|██████████| 391/391 [00:43<00:00,  9.01it/s]
Testing: 100%|██████████| 79/79 [00:03<00:00, 23.84it/s]
Train Loss: 4.330 | Train Acc: 0.53
Test Loss: 4.414 | Test Acc: 0.52
Best Acc: 0.52

Epoch: 17
Training: 100%|██████████| 391/391 [00:43<00:00,  8.99it/s]
Testing: 100%|██████████| 79/79 [00:02<00:00, 26.54it/s]
Train Loss: 4.231 | Train Acc: 0.54
Test Loss: 4.316 | Test Acc: 0.53
Best Acc: 0.53

Epoch: 18
Training: 100%|██████████| 391/391 [00:43<00:00,  8.94it/s]
Testing: 100%|██████████| 79/79 [00:03<00:00, 22.90it/s]
Train Loss: 4.111 | Train Acc: 0.56
Test Loss: 3.902 | Test Acc: 0.58
Best Acc: 0.58

Epoch: 19
Training: 100%|██████████| 391/391 [00:43<00:00,  9.01it/s]
Testing: 100%|██████████| 79/79 [00:03<00:00, 25.87it/s]
Train Loss: 3.994 | Train Acc: 0.57
Test Loss: 3.937 | Test Acc: 0.57
Best Acc: 0.58

Epoch: 20
Training: 100%|██████████| 391/391 [00:43<00:00,  8.94it/s]
Testing: 100%|██████████| 79/79 [00:03<00:00, 20.57it/s]
Train Loss: 3.914 | Train Acc: 0.58
Test Loss: 3.731 | Test Acc: 0.60
Best Acc: 0.60

Epoch: 21
Training: 100%|██████████| 391/391 [00:43<00:00,  8.99it/s]
Testing: 100%|██████████| 79/79 [00:03<00:00, 25.69it/s]
Train Loss: 3.835 | Train Acc: 0.59
Test Loss: 3.578 | Test Acc: 0.61
Best Acc: 0.61

Epoch: 22
Training: 100%|██████████| 391/391 [00:43<00:00,  8.96it/s]
Testing: 100%|██████████| 79/79 [00:03<00:00, 20.22it/s]
Train Loss: 3.739 | Train Acc: 0.60
Test Loss: 3.629 | Test Acc: 0.61
Best Acc: 0.61

Epoch: 23
Training: 100%|██████████| 391/391 [00:43<00:00,  8.99it/s]
Testing: 100%|██████████| 79/79 [00:03<00:00, 26.30it/s]
Train Loss: 3.704 | Train Acc: 0.60
Test Loss: 3.563 | Test Acc: 0.61
Best Acc: 0.61

Epoch: 24
Training: 100%|██████████| 391/391 [00:43<00:00,  8.93it/s]
Testing: 100%|██████████| 79/79 [00:03<00:00, 22.08it/s]
Train Loss: 3.626 | Train Acc: 0.61
Test Loss: 3.409 | Test Acc: 0.63
Best Acc: 0.63

Epoch: 25
Training: 100%|██████████| 391/391 [00:43<00:00,  9.00it/s]
Testing: 100%|██████████| 79/79 [00:03<00:00, 26.06it/s]
Train Loss: 3.580 | Train Acc: 0.61
Test Loss: 3.707 | Test Acc: 0.60
Best Acc: 0.63

Epoch: 26
Training: 100%|██████████| 391/391 [00:43<00:00,  8.94it/s]
Testing: 100%|██████████| 79/79 [00:03<00:00, 23.27it/s]
Train Loss: 3.514 | Train Acc: 0.62
Test Loss: 3.378 | Test Acc: 0.64
Best Acc: 0.64

Epoch: 27
Training: 100%|██████████| 391/391 [00:43<00:00,  9.00it/s]
Testing: 100%|██████████| 79/79 [00:02<00:00, 26.46it/s]
Train Loss: 3.427 | Train Acc: 0.63
Test Loss: 3.028 | Test Acc: 0.67
Best Acc: 0.67

Epoch: 28
Training: 100%|██████████| 391/391 [00:43<00:00,  8.94it/s]
Testing: 100%|██████████| 79/79 [00:03<00:00, 23.87it/s]
Train Loss: 3.359 | Train Acc: 0.64
Test Loss: 3.144 | Test Acc: 0.66
Best Acc: 0.67

Epoch: 29
Training: 100%|██████████| 391/391 [00:43<00:00,  8.96it/s]
Testing: 100%|██████████| 79/79 [00:02<00:00, 26.43it/s]
Train Loss: 3.305 | Train Acc: 0.64
Test Loss: 3.100 | Test Acc: 0.67
Best Acc: 0.67

Epoch: 30
Training: 100%|██████████| 391/391 [00:44<00:00,  8.87it/s]
Testing: 100%|██████████| 79/79 [00:02<00:00, 26.40it/s]
Train Loss: 3.263 | Train Acc: 0.65
Test Loss: 2.843 | Test Acc: 0.69
Best Acc: 0.69

Epoch: 31
Training: 100%|██████████| 391/391 [00:43<00:00,  8.97it/s]
Testing: 100%|██████████| 79/79 [00:03<00:00, 25.86it/s]
Train Loss: 3.193 | Train Acc: 0.66
Test Loss: 2.894 | Test Acc: 0.69
Best Acc: 0.69

Epoch: 32
Training: 100%|██████████| 391/391 [00:43<00:00,  8.94it/s]
Testing: 100%|██████████| 79/79 [00:03<00:00, 23.85it/s]
Train Loss: 3.137 | Train Acc: 0.66
Test Loss: 2.644 | Test Acc: 0.71
Best Acc: 0.71

Epoch: 33
Training: 100%|██████████| 391/391 [00:43<00:00,  8.98it/s]
Testing: 100%|██████████| 79/79 [00:03<00:00, 24.16it/s]
Train Loss: 3.080 | Train Acc: 0.67
Test Loss: 2.555 | Test Acc: 0.73
Best Acc: 0.73

Epoch: 34
Training: 100%|██████████| 391/391 [00:43<00:00,  8.95it/s]
Testing: 100%|██████████| 79/79 [00:03<00:00, 25.88it/s]
Train Loss: 3.033 | Train Acc: 0.67
Test Loss: 2.516 | Test Acc: 0.73
Best Acc: 0.73

Epoch: 35
Training: 100%|██████████| 391/391 [00:43<00:00,  8.93it/s]
Testing: 100%|██████████| 79/79 [00:03<00:00, 22.40it/s]
Train Loss: 2.967 | Train Acc: 0.68
Test Loss: 2.460 | Test Acc: 0.73
Best Acc: 0.73

Epoch: 36
Training: 100%|██████████| 391/391 [00:43<00:00,  8.95it/s]
Testing: 100%|██████████| 79/79 [00:03<00:00, 25.77it/s]
Train Loss: 2.928 | Train Acc: 0.68
Test Loss: 2.388 | Test Acc: 0.74
Best Acc: 0.74

Epoch: 37
Training: 100%|██████████| 391/391 [00:43<00:00,  8.94it/s]
Testing: 100%|██████████| 79/79 [00:03<00:00, 20.93it/s]
Train Loss: 2.872 | Train Acc: 0.69
Test Loss: 2.313 | Test Acc: 0.75
Best Acc: 0.75

Epoch: 38
Training: 100%|██████████| 391/391 [00:43<00:00,  8.97it/s]
Testing: 100%|██████████| 79/79 [00:03<00:00, 25.55it/s]
Train Loss: 2.834 | Train Acc: 0.70
Test Loss: 2.259 | Test Acc: 0.76
Best Acc: 0.76

Epoch: 39
Training: 100%|██████████| 391/391 [00:43<00:00,  8.91it/s]
Testing: 100%|██████████| 79/79 [00:03<00:00, 19.78it/s]
Train Loss: 2.788 | Train Acc: 0.70
Test Loss: 2.292 | Test Acc: 0.75
Best Acc: 0.76

Epoch: 40
Training: 100%|██████████| 391/391 [00:43<00:00,  8.97it/s]
Testing: 100%|██████████| 79/79 [00:03<00:00, 26.01it/s]
Train Loss: 2.748 | Train Acc: 0.70
Test Loss: 2.205 | Test Acc: 0.76
Best Acc: 0.76

Epoch: 41
Training: 100%|██████████| 391/391 [00:43<00:00,  8.91it/s]
Testing: 100%|██████████| 79/79 [00:03<00:00, 21.17it/s]
Train Loss: 2.728 | Train Acc: 0.71
Test Loss: 2.218 | Test Acc: 0.76
Best Acc: 0.76

Epoch: 42
Training: 100%|██████████| 391/391 [00:43<00:00,  8.99it/s]
Testing: 100%|██████████| 79/79 [00:03<00:00, 25.97it/s]
Train Loss: 2.693 | Train Acc: 0.71
Test Loss: 2.145 | Test Acc: 0.77
Best Acc: 0.77

Epoch: 43
Training: 100%|██████████| 391/391 [00:43<00:00,  8.92it/s]
Testing: 100%|██████████| 79/79 [00:03<00:00, 23.59it/s]
Train Loss: 2.666 | Train Acc: 0.71
Test Loss: 2.131 | Test Acc: 0.77
Best Acc: 0.77

Epoch: 44
Training: 100%|██████████| 391/391 [00:43<00:00,  8.98it/s]
Testing: 100%|██████████| 79/79 [00:03<00:00, 26.07it/s]
Train Loss: 2.639 | Train Acc: 0.72
Test Loss: 2.093 | Test Acc: 0.77
Best Acc: 0.77

Epoch: 45
Training: 100%|██████████| 391/391 [00:43<00:00,  8.94it/s]
Testing: 100%|██████████| 79/79 [00:03<00:00, 24.93it/s]
Train Loss: 2.624 | Train Acc: 0.72
Test Loss: 2.068 | Test Acc: 0.78
Best Acc: 0.78

Epoch: 46
Training: 100%|██████████| 391/391 [00:43<00:00,  8.99it/s]
Testing: 100%|██████████| 79/79 [00:03<00:00, 26.25it/s]
Train Loss: 2.602 | Train Acc: 0.72
Test Loss: 2.072 | Test Acc: 0.78
Best Acc: 0.78

Epoch: 47
Training: 100%|██████████| 391/391 [00:44<00:00,  8.88it/s]
Testing: 100%|██████████| 79/79 [00:03<00:00, 26.28it/s]
Train Loss: 2.592 | Train Acc: 0.72
Test Loss: 2.051 | Test Acc: 0.78
Best Acc: 0.78

Epoch: 48
Training: 100%|██████████| 391/391 [00:43<00:00,  9.01it/s]
Testing: 100%|██████████| 79/79 [00:03<00:00, 26.22it/s]
Train Loss: 2.595 | Train Acc: 0.72
Test Loss: 2.043 | Test Acc: 0.78
Best Acc: 0.78

Epoch: 49
Training: 100%|██████████| 391/391 [00:43<00:00,  8.95it/s]
Testing: 100%|██████████| 79/79 [00:03<00:00, 23.72it/s]
Train Loss: 2.578 | Train Acc: 0.72
Test Loss: 2.040 | Test Acc: 0.78
Best Acc: 0.78

Epoch: 50
Training: 100%|██████████| 391/391 [00:43<00:00,  8.99it/s]
Testing: 100%|██████████| 79/79 [00:03<00:00, 24.76it/s]
Train Loss: 2.581 | Train Acc: 0.72
Test Loss: 2.053 | Test Acc: 0.78
Best Acc: 0.78
