Downloading https://www.cs.toronto.edu/~kriz/cifar-10-python.tar.gz to ./data/cifar-10-python.tar.gz
100%|██████████| 170M/170M [00:05<00:00, 31.4MB/s] 
Extracting ./data/cifar-10-python.tar.gz to ./data
Files already downloaded and verified
Num of train 50000
Num of test 10000

Epoch: 1
Training: 100%|██████████| 391/391 [00:25<00:00, 15.46it/s]
Testing: 100%|██████████| 79/79 [00:01<00:00, 41.57it/s]
Train Loss: 1.628 | Train Acc: 0.41
Test Loss: 1.381 | Test Acc: 0.49
Best Acc: 0.49

Epoch: 2
Training: 100%|██████████| 391/391 [00:24<00:00, 16.15it/s]
Testing: 100%|██████████| 79/79 [00:02<00:00, 37.93it/s]
Train Loss: 1.222 | Train Acc: 0.54
Test Loss: 1.256 | Test Acc: 0.56
Best Acc: 0.56

Epoch: 3
Training: 100%|██████████| 391/391 [00:24<00:00, 15.69it/s]
Testing: 100%|██████████| 79/79 [00:01<00:00, 41.00it/s]
Train Loss: 1.052 | Train Acc: 0.59
Test Loss: 1.079 | Test Acc: 0.61
Best Acc: 0.61

Epoch: 4
Training: 100%|██████████| 391/391 [00:24<00:00, 16.13it/s]
Testing: 100%|██████████| 79/79 [00:01<00:00, 42.93it/s]
Train Loss: 0.949 | Train Acc: 0.62
Test Loss: 0.878 | Test Acc: 0.65
Best Acc: 0.65

Epoch: 5
Training: 100%|██████████| 391/391 [00:24<00:00, 15.97it/s]
Testing: 100%|██████████| 79/79 [00:02<00:00, 38.95it/s]
Train Loss: 0.871 | Train Acc: 0.65
Test Loss: 0.843 | Test Acc: 0.68
Best Acc: 0.68

Epoch: 6
Training: 100%|██████████| 391/391 [00:24<00:00, 16.12it/s]
Testing: 100%|██████████| 79/79 [00:02<00:00, 37.68it/s]
Train Loss: 0.813 | Train Acc: 0.67
Test Loss: 0.851 | Test Acc: 0.72
Best Acc: 0.72

Epoch: 7
Training: 100%|██████████| 391/391 [00:24<00:00, 16.00it/s]
Testing: 100%|██████████| 79/79 [00:01<00:00, 39.88it/s]
Train Loss: 0.769 | Train Acc: 0.68
Test Loss: 0.808 | Test Acc: 0.72
Best Acc: 0.72

Epoch: 8
Training: 100%|██████████| 391/391 [00:24<00:00, 16.03it/s]
Testing: 100%|██████████| 79/79 [00:01<00:00, 42.16it/s]
Train Loss: 0.736 | Train Acc: 0.69
Test Loss: 0.758 | Test Acc: 0.72
Best Acc: 0.72

Epoch: 9
Training: 100%|██████████| 391/391 [00:24<00:00, 15.91it/s]
Testing: 100%|██████████| 79/79 [00:01<00:00, 41.61it/s]
Train Loss: 0.702 | Train Acc: 0.70
Test Loss: 0.705 | Test Acc: 0.73
Best Acc: 0.73

Epoch: 10
Training: 100%|██████████| 391/391 [00:24<00:00, 16.05it/s]
Testing: 100%|██████████| 79/79 [00:02<00:00, 37.48it/s]
Train Loss: 0.671 | Train Acc: 0.71
Test Loss: 0.809 | Test Acc: 0.68
Best Acc: 0.73

Epoch: 11
Training: 100%|██████████| 391/391 [00:24<00:00, 15.89it/s]
Testing: 100%|██████████| 79/79 [00:02<00:00, 38.79it/s]
Train Loss: 0.645 | Train Acc: 0.72
Test Loss: 0.703 | Test Acc: 0.75
Best Acc: 0.75

Epoch: 12
Training: 100%|██████████| 391/391 [00:24<00:00, 16.05it/s]
Testing: 100%|██████████| 79/79 [00:01<00:00, 40.06it/s]
Train Loss: 0.624 | Train Acc: 0.72
Test Loss: 0.663 | Test Acc: 0.74
Best Acc: 0.75

Epoch: 13
Training: 100%|██████████| 391/391 [00:24<00:00, 15.86it/s]
Testing: 100%|██████████| 79/79 [00:02<00:00, 38.24it/s]
Train Loss: 0.604 | Train Acc: 0.73
Test Loss: 0.695 | Test Acc: 0.71
Best Acc: 0.75

Epoch: 14
Training: 100%|██████████| 391/391 [00:24<00:00, 16.06it/s]
Testing: 100%|██████████| 79/79 [00:02<00:00, 36.84it/s]
Train Loss: 0.586 | Train Acc: 0.73
Test Loss: 0.665 | Test Acc: 0.78
Best Acc: 0.78

Epoch: 15
Training: 100%|██████████| 391/391 [00:24<00:00, 16.08it/s]
Testing: 100%|██████████| 79/79 [00:02<00:00, 35.69it/s]
Train Loss: 0.567 | Train Acc: 0.74
Test Loss: 0.633 | Test Acc: 0.79
Best Acc: 0.79

Epoch: 16
Training: 100%|██████████| 391/391 [00:24<00:00, 16.02it/s]
Testing: 100%|██████████| 79/79 [00:01<00:00, 40.68it/s]
Train Loss: 0.551 | Train Acc: 0.75
Test Loss: 0.658 | Test Acc: 0.75
Best Acc: 0.79

Epoch: 17
Training: 100%|██████████| 391/391 [00:24<00:00, 16.09it/s]
Testing: 100%|██████████| 79/79 [00:02<00:00, 39.00it/s]
Train Loss: 0.533 | Train Acc: 0.75
Test Loss: 0.647 | Test Acc: 0.79
Best Acc: 0.79

Epoch: 18
Training: 100%|██████████| 391/391 [00:24<00:00, 15.89it/s]
Testing: 100%|██████████| 79/79 [00:02<00:00, 37.66it/s]
Train Loss: 0.520 | Train Acc: 0.76
Test Loss: 0.594 | Test Acc: 0.80
Best Acc: 0.80

Epoch: 19
Training: 100%|██████████| 391/391 [00:24<00:00, 16.09it/s]
Testing: 100%|██████████| 79/79 [00:02<00:00, 39.09it/s]
Train Loss: 0.507 | Train Acc: 0.76
Test Loss: 0.604 | Test Acc: 0.79
Best Acc: 0.80

Epoch: 20
Training: 100%|██████████| 391/391 [00:24<00:00, 15.88it/s]
Testing: 100%|██████████| 79/79 [00:01<00:00, 40.05it/s]
Train Loss: 0.491 | Train Acc: 0.77
Test Loss: 0.666 | Test Acc: 0.73
Best Acc: 0.80

Epoch: 21
Training: 100%|██████████| 391/391 [00:24<00:00, 16.04it/s]
Testing: 100%|██████████| 79/79 [00:01<00:00, 39.50it/s]
Train Loss: 0.478 | Train Acc: 0.77
Test Loss: 0.722 | Test Acc: 0.70
Best Acc: 0.80

Epoch: 22
Training: 100%|██████████| 391/391 [00:24<00:00, 15.93it/s]
Testing: 100%|██████████| 79/79 [00:02<00:00, 36.97it/s]
Train Loss: 0.466 | Train Acc: 0.78
Test Loss: 0.666 | Test Acc: 0.73
Best Acc: 0.80

Epoch: 23
Training: 100%|██████████| 391/391 [00:24<00:00, 16.08it/s]
Testing: 100%|██████████| 79/79 [00:01<00:00, 40.74it/s]
Train Loss: 0.453 | Train Acc: 0.78
Test Loss: 0.596 | Test Acc: 0.81
Best Acc: 0.81

Epoch: 24
Training: 100%|██████████| 391/391 [00:24<00:00, 15.88it/s]
Testing: 100%|██████████| 79/79 [00:02<00:00, 38.64it/s]
Train Loss: 0.441 | Train Acc: 0.79
Test Loss: 0.597 | Test Acc: 0.80
Best Acc: 0.81

Epoch: 25
Training: 100%|██████████| 391/391 [00:24<00:00, 16.08it/s]
Testing: 100%|██████████| 79/79 [00:01<00:00, 42.74it/s]
Train Loss: 0.431 | Train Acc: 0.79
Test Loss: 0.680 | Test Acc: 0.74
Best Acc: 0.81

Epoch: 26
Training: 100%|██████████| 391/391 [00:24<00:00, 15.89it/s]
Testing: 100%|██████████| 79/79 [00:02<00:00, 36.97it/s]
Train Loss: 0.418 | Train Acc: 0.80
Test Loss: 0.650 | Test Acc: 0.73
Best Acc: 0.81

Epoch: 27
Training: 100%|██████████| 391/391 [00:24<00:00, 16.07it/s]
Testing: 100%|██████████| 79/79 [00:01<00:00, 41.49it/s]
Train Loss: 0.407 | Train Acc: 0.80
Test Loss: 0.664 | Test Acc: 0.73
Best Acc: 0.81

Epoch: 28
Training: 100%|██████████| 391/391 [00:24<00:00, 15.92it/s]
Testing: 100%|██████████| 79/79 [00:02<00:00, 37.91it/s]
Train Loss: 0.398 | Train Acc: 0.81
Test Loss: 0.576 | Test Acc: 0.81
Best Acc: 0.81

Epoch: 29
Training: 100%|██████████| 391/391 [00:24<00:00, 16.04it/s]
Testing: 100%|██████████| 79/79 [00:01<00:00, 42.61it/s]
Train Loss: 0.386 | Train Acc: 0.81
Test Loss: 0.648 | Test Acc: 0.78
Best Acc: 0.81

Epoch: 30
Training: 100%|██████████| 391/391 [00:24<00:00, 15.91it/s]
Testing: 100%|██████████| 79/79 [00:01<00:00, 40.62it/s]
Train Loss: 0.378 | Train Acc: 0.82
Test Loss: 0.623 | Test Acc: 0.80
Best Acc: 0.81

Epoch: 31
Training: 100%|██████████| 391/391 [00:24<00:00, 16.06it/s]
Testing: 100%|██████████| 79/79 [00:01<00:00, 40.04it/s]
Train Loss: 0.368 | Train Acc: 0.82
Test Loss: 0.563 | Test Acc: 0.81
Best Acc: 0.81

Epoch: 32
Training: 100%|██████████| 391/391 [00:24<00:00, 16.09it/s]
Testing: 100%|██████████| 79/79 [00:02<00:00, 36.02it/s]
Train Loss: 0.354 | Train Acc: 0.83
Test Loss: 0.678 | Test Acc: 0.75
Best Acc: 0.81

Epoch: 33
Training: 100%|██████████| 391/391 [00:24<00:00, 16.09it/s]
Testing: 100%|██████████| 79/79 [00:01<00:00, 40.31it/s]
Train Loss: 0.349 | Train Acc: 0.83
Test Loss: 0.629 | Test Acc: 0.78
Best Acc: 0.81

Epoch: 34
Training: 100%|██████████| 391/391 [00:24<00:00, 16.06it/s]
Testing: 100%|██████████| 79/79 [00:02<00:00, 39.04it/s]
Train Loss: 0.339 | Train Acc: 0.84
Test Loss: 0.632 | Test Acc: 0.79
Best Acc: 0.81

Epoch: 35
Training: 100%|██████████| 391/391 [00:24<00:00, 15.92it/s]
Testing: 100%|██████████| 79/79 [00:01<00:00, 42.41it/s]
Train Loss: 0.329 | Train Acc: 0.84
Test Loss: 0.622 | Test Acc: 0.80
Best Acc: 0.81

Epoch: 36
Training: 100%|██████████| 391/391 [00:24<00:00, 16.20it/s]
Testing: 100%|██████████| 79/79 [00:01<00:00, 40.12it/s]
Train Loss: 0.321 | Train Acc: 0.85
Test Loss: 0.681 | Test Acc: 0.75
Best Acc: 0.81

Epoch: 37
Training: 100%|██████████| 391/391 [00:24<00:00, 16.08it/s]
Testing: 100%|██████████| 79/79 [00:01<00:00, 39.92it/s]
Train Loss: 0.313 | Train Acc: 0.85
Test Loss: 0.668 | Test Acc: 0.76
Best Acc: 0.81

Epoch: 38
Training: 100%|██████████| 391/391 [00:24<00:00, 16.22it/s]
Testing: 100%|██████████| 79/79 [00:01<00:00, 40.00it/s]
Train Loss: 0.304 | Train Acc: 0.86
Test Loss: 0.615 | Test Acc: 0.80
Best Acc: 0.81

Epoch: 39
Training: 100%|██████████| 391/391 [00:24<00:00, 16.04it/s]
Testing: 100%|██████████| 79/79 [00:02<00:00, 38.46it/s]
Train Loss: 0.297 | Train Acc: 0.86
Test Loss: 0.671 | Test Acc: 0.77
Best Acc: 0.81

Epoch: 40
Training: 100%|██████████| 391/391 [00:24<00:00, 16.22it/s]
Testing: 100%|██████████| 79/79 [00:01<00:00, 41.14it/s]
Train Loss: 0.291 | Train Acc: 0.86
Test Loss: 0.638 | Test Acc: 0.79
Best Acc: 0.81

Epoch: 41
Training: 100%|██████████| 391/391 [00:24<00:00, 16.03it/s]
Testing: 100%|██████████| 79/79 [00:01<00:00, 43.35it/s]
Train Loss: 0.285 | Train Acc: 0.87
Test Loss: 0.653 | Test Acc: 0.78
Best Acc: 0.81

Epoch: 42
Training: 100%|██████████| 391/391 [00:24<00:00, 16.24it/s]
Testing: 100%|██████████| 79/79 [00:01<00:00, 40.96it/s]
Train Loss: 0.281 | Train Acc: 0.87
Test Loss: 0.664 | Test Acc: 0.77
Best Acc: 0.81

Epoch: 43
Training: 100%|██████████| 391/391 [00:24<00:00, 16.06it/s]
Testing: 100%|██████████| 79/79 [00:01<00:00, 42.80it/s]
Train Loss: 0.272 | Train Acc: 0.88
Test Loss: 0.653 | Test Acc: 0.77
Best Acc: 0.81

Epoch: 44
Training: 100%|██████████| 391/391 [00:24<00:00, 16.20it/s]
Testing: 100%|██████████| 79/79 [00:01<00:00, 43.39it/s]
Train Loss: 0.272 | Train Acc: 0.88
Test Loss: 0.678 | Test Acc: 0.77
Best Acc: 0.81

Epoch: 45
Training: 100%|██████████| 391/391 [00:24<00:00, 16.07it/s]
Testing: 100%|██████████| 79/79 [00:02<00:00, 39.15it/s]
Train Loss: 0.270 | Train Acc: 0.88
Test Loss: 0.671 | Test Acc: 0.77
Best Acc: 0.81

Epoch: 46
Training: 100%|██████████| 391/391 [00:24<00:00, 16.24it/s]
Testing: 100%|██████████| 79/79 [00:02<00:00, 39.27it/s]
Train Loss: 0.264 | Train Acc: 0.88
Test Loss: 0.667 | Test Acc: 0.77
Best Acc: 0.81

Epoch: 47
Training: 100%|██████████| 391/391 [00:24<00:00, 16.05it/s]
Testing: 100%|██████████| 79/79 [00:01<00:00, 42.02it/s]
Train Loss: 0.264 | Train Acc: 0.88
Test Loss: 0.673 | Test Acc: 0.77
Best Acc: 0.81

Epoch: 48
Training: 100%|██████████| 391/391 [00:24<00:00, 16.23it/s]
Testing: 100%|██████████| 79/79 [00:01<00:00, 41.83it/s]
Train Loss: 0.262 | Train Acc: 0.88
Test Loss: 0.674 | Test Acc: 0.77
Best Acc: 0.81

Epoch: 49
Training: 100%|██████████| 391/391 [00:24<00:00, 16.19it/s]
Testing: 100%|██████████| 79/79 [00:02<00:00, 36.64it/s]
Train Loss: 0.263 | Train Acc: 0.88
Test Loss: 0.676 | Test Acc: 0.77
Best Acc: 0.81

Epoch: 50
Training: 100%|██████████| 391/391 [00:24<00:00, 16.24it/s]
Testing: 100%|██████████| 79/79 [00:01<00:00, 40.37it/s]
Train Loss: 0.262 | Train Acc: 0.88
Test Loss: 0.675 | Test Acc: 0.77
Best Acc: 0.81
