Downloading https://www.cs.toronto.edu/~kriz/cifar-10-python.tar.gz to ./data/cifar-10-python.tar.gz
100%|██████████| 170M/170M [00:02<00:00, 58.3MB/s] 
Extracting ./data/cifar-10-python.tar.gz to ./data
Files already downloaded and verified
Num of train 50000
Num of test 10000

Epoch: 1
Training: 100%|██████████| 391/391 [00:25<00:00, 15.34it/s]
Testing: 100%|██████████| 79/79 [00:01<00:00, 39.91it/s]
Train Loss: 0.064 | Train Acc: 0.24
Test Loss: 0.043 | Test Acc: 0.33
Best Acc: 0.33

Epoch: 2
Training: 100%|██████████| 391/391 [00:24<00:00, 16.07it/s]
Testing: 100%|██████████| 79/79 [00:01<00:00, 41.02it/s]
Train Loss: 0.041 | Train Acc: 0.33
Test Loss: 0.033 | Test Acc: 0.37
Best Acc: 0.37

Epoch: 3
Training: 100%|██████████| 391/391 [00:25<00:00, 15.62it/s]
Testing: 100%|██████████| 79/79 [00:01<00:00, 39.52it/s]
Train Loss: 0.034 | Train Acc: 0.35
Test Loss: 0.029 | Test Acc: 0.38
Best Acc: 0.38

Epoch: 4
Training: 100%|██████████| 391/391 [00:24<00:00, 16.05it/s]
Testing: 100%|██████████| 79/79 [00:02<00:00, 38.91it/s]
Train Loss: 0.031 | Train Acc: 0.37
Test Loss: 0.026 | Test Acc: 0.39
Best Acc: 0.39

Epoch: 5
Training: 100%|██████████| 391/391 [00:24<00:00, 15.91it/s]
Testing: 100%|██████████| 79/79 [00:02<00:00, 39.47it/s]
Train Loss: 0.028 | Train Acc: 0.38
Test Loss: 0.025 | Test Acc: 0.40
Best Acc: 0.40

Epoch: 6
Training: 100%|██████████| 391/391 [00:24<00:00, 16.01it/s]
Testing: 100%|██████████| 79/79 [00:01<00:00, 42.87it/s]
Train Loss: 0.026 | Train Acc: 0.39
Test Loss: 0.023 | Test Acc: 0.41
Best Acc: 0.41

Epoch: 7
Training: 100%|██████████| 391/391 [00:24<00:00, 15.89it/s]
Testing: 100%|██████████| 79/79 [00:02<00:00, 38.53it/s]
Train Loss: 0.025 | Train Acc: 0.40
Test Loss: 0.023 | Test Acc: 0.41
Best Acc: 0.41

Epoch: 8
Training: 100%|██████████| 391/391 [00:24<00:00, 16.01it/s]
Testing: 100%|██████████| 79/79 [00:02<00:00, 38.85it/s]
Train Loss: 0.024 | Train Acc: 0.41
Test Loss: 0.024 | Test Acc: 0.40
Best Acc: 0.41

Epoch: 9
Training: 100%|██████████| 391/391 [00:24<00:00, 15.89it/s]
Testing: 100%|██████████| 79/79 [00:01<00:00, 40.69it/s]
Train Loss: 0.023 | Train Acc: 0.41
Test Loss: 0.021 | Test Acc: 0.42
Best Acc: 0.42

Epoch: 10
Training: 100%|██████████| 391/391 [00:24<00:00, 16.06it/s]
Testing: 100%|██████████| 79/79 [00:02<00:00, 38.13it/s]
Train Loss: 0.022 | Train Acc: 0.42
Test Loss: 0.020 | Test Acc: 0.43
Best Acc: 0.43

Epoch: 11
Training: 100%|██████████| 391/391 [00:24<00:00, 15.88it/s]
Testing: 100%|██████████| 79/79 [00:01<00:00, 41.46it/s]
Train Loss: 0.021 | Train Acc: 0.43
Test Loss: 0.019 | Test Acc: 0.44
Best Acc: 0.44

Epoch: 12
Training: 100%|██████████| 391/391 [00:24<00:00, 16.01it/s]
Testing: 100%|██████████| 79/79 [00:01<00:00, 42.20it/s]
Train Loss: 0.020 | Train Acc: 0.43
Test Loss: 0.020 | Test Acc: 0.44
Best Acc: 0.44

Epoch: 13
Training: 100%|██████████| 391/391 [00:24<00:00, 15.88it/s]
Testing: 100%|██████████| 79/79 [00:02<00:00, 39.46it/s]
Train Loss: 0.020 | Train Acc: 0.44
Test Loss: 0.019 | Test Acc: 0.44
Best Acc: 0.44

Epoch: 14
Training: 100%|██████████| 391/391 [00:24<00:00, 16.05it/s]
Testing: 100%|██████████| 79/79 [00:02<00:00, 39.04it/s]
Train Loss: 0.019 | Train Acc: 0.44
Test Loss: 0.019 | Test Acc: 0.44
Best Acc: 0.44

Epoch: 15
Training: 100%|██████████| 391/391 [00:24<00:00, 16.04it/s]
Testing: 100%|██████████| 79/79 [00:02<00:00, 37.03it/s]
Train Loss: 0.019 | Train Acc: 0.44
Test Loss: 0.017 | Test Acc: 0.46
Best Acc: 0.46

Epoch: 16
Training: 100%|██████████| 391/391 [00:24<00:00, 16.14it/s]
Testing: 100%|██████████| 79/79 [00:02<00:00, 39.15it/s]
Train Loss: 0.018 | Train Acc: 0.45
Test Loss: 0.017 | Test Acc: 0.46
Best Acc: 0.46

Epoch: 17
Training: 100%|██████████| 391/391 [00:24<00:00, 16.20it/s]
Testing: 100%|██████████| 79/79 [00:01<00:00, 42.28it/s]
Train Loss: 0.018 | Train Acc: 0.45
Test Loss: 0.016 | Test Acc: 0.46
Best Acc: 0.46

Epoch: 18
Training: 100%|██████████| 391/391 [00:24<00:00, 16.00it/s]
Testing: 100%|██████████| 79/79 [00:01<00:00, 40.13it/s]
Train Loss: 0.017 | Train Acc: 0.46
Test Loss: 0.017 | Test Acc: 0.46
Best Acc: 0.46

Epoch: 19
Training: 100%|██████████| 391/391 [00:24<00:00, 16.20it/s]
Testing: 100%|██████████| 79/79 [00:01<00:00, 40.42it/s]
Train Loss: 0.017 | Train Acc: 0.46
Test Loss: 0.016 | Test Acc: 0.48
Best Acc: 0.48

Epoch: 20
Training: 100%|██████████| 391/391 [00:24<00:00, 16.05it/s]
Testing: 100%|██████████| 79/79 [00:02<00:00, 38.79it/s]
Train Loss: 0.017 | Train Acc: 0.46
Test Loss: 0.016 | Test Acc: 0.48
Best Acc: 0.48

Epoch: 21
Training: 100%|██████████| 391/391 [00:24<00:00, 16.15it/s]
Testing: 100%|██████████| 79/79 [00:02<00:00, 38.29it/s]
Train Loss: 0.016 | Train Acc: 0.47
Test Loss: 0.015 | Test Acc: 0.48
Best Acc: 0.48

Epoch: 22
Training: 100%|██████████| 391/391 [00:24<00:00, 16.05it/s]
Testing: 100%|██████████| 79/79 [00:02<00:00, 39.05it/s]
Train Loss: 0.016 | Train Acc: 0.47
Test Loss: 0.016 | Test Acc: 0.48
Best Acc: 0.48

Epoch: 23
Training: 100%|██████████| 391/391 [00:24<00:00, 16.21it/s]
Testing: 100%|██████████| 79/79 [00:01<00:00, 42.09it/s]
Train Loss: 0.016 | Train Acc: 0.48
Test Loss: 0.015 | Test Acc: 0.49
Best Acc: 0.49

Epoch: 24
Training: 100%|██████████| 391/391 [00:24<00:00, 16.01it/s]
Testing: 100%|██████████| 79/79 [00:01<00:00, 41.86it/s]
Train Loss: 0.015 | Train Acc: 0.48
Test Loss: 0.015 | Test Acc: 0.49
Best Acc: 0.49

Epoch: 25
Training: 100%|██████████| 391/391 [00:24<00:00, 16.19it/s]
Testing: 100%|██████████| 79/79 [00:01<00:00, 40.37it/s]
Train Loss: 0.015 | Train Acc: 0.48
Test Loss: 0.015 | Test Acc: 0.49
Best Acc: 0.49

Epoch: 26
Training: 100%|██████████| 391/391 [00:24<00:00, 16.02it/s]
Testing: 100%|██████████| 79/79 [00:02<00:00, 38.16it/s]
Train Loss: 0.015 | Train Acc: 0.49
Test Loss: 0.014 | Test Acc: 0.50
Best Acc: 0.50

Epoch: 27
Training: 100%|██████████| 391/391 [00:24<00:00, 16.19it/s]
Testing: 100%|██████████| 79/79 [00:01<00:00, 40.85it/s]
Train Loss: 0.015 | Train Acc: 0.49
Test Loss: 0.014 | Test Acc: 0.51
Best Acc: 0.51

Epoch: 28
Training: 100%|██████████| 391/391 [00:24<00:00, 16.05it/s]
Testing: 100%|██████████| 79/79 [00:01<00:00, 39.85it/s]
Train Loss: 0.014 | Train Acc: 0.49
Test Loss: 0.014 | Test Acc: 0.51
Best Acc: 0.51

Epoch: 29
Training: 100%|██████████| 391/391 [00:24<00:00, 16.17it/s]
Testing: 100%|██████████| 79/79 [00:01<00:00, 43.52it/s]
Train Loss: 0.014 | Train Acc: 0.50
Test Loss: 0.014 | Test Acc: 0.51
Best Acc: 0.51

Epoch: 30
Training: 100%|██████████| 391/391 [00:24<00:00, 16.02it/s]
Testing: 100%|██████████| 79/79 [00:02<00:00, 38.10it/s]
Train Loss: 0.014 | Train Acc: 0.50
Test Loss: 0.014 | Test Acc: 0.50
Best Acc: 0.51

Epoch: 31
Training: 100%|██████████| 391/391 [00:24<00:00, 16.18it/s]
Testing: 100%|██████████| 79/79 [00:01<00:00, 40.21it/s]
Train Loss: 0.014 | Train Acc: 0.50
Test Loss: 0.018 | Test Acc: 0.48
Best Acc: 0.51

Epoch: 32
Training: 100%|██████████| 391/391 [00:24<00:00, 16.19it/s]
Testing: 100%|██████████| 79/79 [00:02<00:00, 36.00it/s]
Train Loss: 0.014 | Train Acc: 0.50
Test Loss: 0.013 | Test Acc: 0.51
Best Acc: 0.51

Epoch: 33
Training: 100%|██████████| 391/391 [00:24<00:00, 16.20it/s]
Testing: 100%|██████████| 79/79 [00:02<00:00, 39.06it/s]
Train Loss: 0.014 | Train Acc: 0.51
Test Loss: 0.013 | Test Acc: 0.52
Best Acc: 0.52

Epoch: 34
Training: 100%|██████████| 391/391 [00:24<00:00, 16.18it/s]
Testing: 100%|██████████| 79/79 [00:01<00:00, 40.75it/s]
Train Loss: 0.013 | Train Acc: 0.51
Test Loss: 0.013 | Test Acc: 0.52
Best Acc: 0.52

Epoch: 35
Training: 100%|██████████| 391/391 [00:24<00:00, 16.01it/s]
Testing: 100%|██████████| 79/79 [00:01<00:00, 40.12it/s]
Train Loss: 0.013 | Train Acc: 0.51
Test Loss: 0.013 | Test Acc: 0.52
Best Acc: 0.52

Epoch: 36
Training: 100%|██████████| 391/391 [00:24<00:00, 16.15it/s]
Testing: 100%|██████████| 79/79 [00:02<00:00, 36.86it/s]
Train Loss: 0.013 | Train Acc: 0.51
Test Loss: 0.013 | Test Acc: 0.52
Best Acc: 0.52

Epoch: 37
Training: 100%|██████████| 391/391 [00:24<00:00, 16.02it/s]
Testing: 100%|██████████| 79/79 [00:02<00:00, 38.64it/s]
Train Loss: 0.013 | Train Acc: 0.51
Test Loss: 0.013 | Test Acc: 0.52
Best Acc: 0.52

Epoch: 38
Training: 100%|██████████| 391/391 [00:24<00:00, 16.20it/s]
Testing: 100%|██████████| 79/79 [00:02<00:00, 37.17it/s]
Train Loss: 0.013 | Train Acc: 0.52
Test Loss: 0.013 | Test Acc: 0.52
Best Acc: 0.52

Epoch: 39
Training: 100%|██████████| 391/391 [00:24<00:00, 16.01it/s]
Testing: 100%|██████████| 79/79 [00:01<00:00, 41.09it/s]
Train Loss: 0.013 | Train Acc: 0.51
Test Loss: 0.013 | Test Acc: 0.53
Best Acc: 0.53

Epoch: 40
Training: 100%|██████████| 391/391 [00:24<00:00, 16.21it/s]
Testing: 100%|██████████| 79/79 [00:01<00:00, 39.92it/s]
Train Loss: 0.013 | Train Acc: 0.52
Test Loss: 0.013 | Test Acc: 0.52
Best Acc: 0.53

Epoch: 41
Training: 100%|██████████| 391/391 [00:24<00:00, 16.01it/s]
Testing: 100%|██████████| 79/79 [00:01<00:00, 42.78it/s]
Train Loss: 0.013 | Train Acc: 0.52
Test Loss: 0.013 | Test Acc: 0.53
Best Acc: 0.53

Epoch: 42
Training: 100%|██████████| 391/391 [00:24<00:00, 16.19it/s]
Testing: 100%|██████████| 79/79 [00:02<00:00, 39.45it/s]
Train Loss: 0.013 | Train Acc: 0.52
Test Loss: 0.013 | Test Acc: 0.53
Best Acc: 0.53

Epoch: 43
Training: 100%|██████████| 391/391 [00:24<00:00, 16.04it/s]
Testing: 100%|██████████| 79/79 [00:01<00:00, 41.65it/s]
Train Loss: 0.013 | Train Acc: 0.52
Test Loss: 0.013 | Test Acc: 0.52
Best Acc: 0.53

Epoch: 44
Training: 100%|██████████| 391/391 [00:24<00:00, 16.18it/s]
Testing: 100%|██████████| 79/79 [00:01<00:00, 39.51it/s]
Train Loss: 0.013 | Train Acc: 0.52
Test Loss: 0.013 | Test Acc: 0.53
Best Acc: 0.53

Epoch: 45
Training: 100%|██████████| 391/391 [00:24<00:00, 16.06it/s]
Testing: 100%|██████████| 79/79 [00:02<00:00, 39.32it/s]
Train Loss: 0.013 | Train Acc: 0.52
Test Loss: 0.013 | Test Acc: 0.53
Best Acc: 0.53

Epoch: 46
Training: 100%|██████████| 391/391 [00:24<00:00, 16.19it/s]
Testing: 100%|██████████| 79/79 [00:02<00:00, 38.71it/s]
Train Loss: 0.013 | Train Acc: 0.52
Test Loss: 0.013 | Test Acc: 0.53
Best Acc: 0.53

Epoch: 47
Training: 100%|██████████| 391/391 [00:24<00:00, 16.03it/s]
Testing: 100%|██████████| 79/79 [00:01<00:00, 42.65it/s]
Train Loss: 0.013 | Train Acc: 0.52
Test Loss: 0.013 | Test Acc: 0.53
Best Acc: 0.53

Epoch: 48
Training: 100%|██████████| 391/391 [00:24<00:00, 16.19it/s]
Testing: 100%|██████████| 79/79 [00:02<00:00, 38.80it/s]
Train Loss: 0.013 | Train Acc: 0.52
Test Loss: 0.013 | Test Acc: 0.53
Best Acc: 0.53

Epoch: 49
Training: 100%|██████████| 391/391 [00:24<00:00, 16.15it/s]
Testing: 100%|██████████| 79/79 [00:02<00:00, 36.42it/s]
Train Loss: 0.013 | Train Acc: 0.52
Test Loss: 0.013 | Test Acc: 0.52
Best Acc: 0.53

Epoch: 50
Training: 100%|██████████| 391/391 [00:24<00:00, 16.19it/s]
Testing: 100%|██████████| 79/79 [00:01<00:00, 41.08it/s]
Train Loss: 0.013 | Train Acc: 0.52
Test Loss: 0.013 | Test Acc: 0.53
Best Acc: 0.53
