Downloading https://www.cs.toronto.edu/~kriz/cifar-10-python.tar.gz to ./data/cifar-10-python.tar.gz
100%|██████████| 170M/170M [00:04<00:00, 37.3MB/s] 
Extracting ./data/cifar-10-python.tar.gz to ./data
Files already downloaded and verified
Num of train 50000
Num of test 10000

Epoch: 1
Training: 100%|██████████| 391/391 [00:25<00:00, 15.43it/s]
Testing: 100%|██████████| 79/79 [00:01<00:00, 40.07it/s]
Train Loss: 1.425 | Train Acc: 0.42
Test Loss: 1.181 | Test Acc: 0.51
Best Acc: 0.51

Epoch: 2
Training: 100%|██████████| 391/391 [00:24<00:00, 16.14it/s]
Testing: 100%|██████████| 79/79 [00:01<00:00, 41.11it/s]
Train Loss: 1.053 | Train Acc: 0.56
Test Loss: 0.987 | Test Acc: 0.60
Best Acc: 0.60

Epoch: 3
Training: 100%|██████████| 391/391 [00:24<00:00, 15.73it/s]
Testing: 100%|██████████| 79/79 [00:02<00:00, 38.74it/s]
Train Loss: 0.869 | Train Acc: 0.63
Test Loss: 0.761 | Test Acc: 0.68
Best Acc: 0.68

Epoch: 4
Training: 100%|██████████| 391/391 [00:24<00:00, 16.14it/s]
Testing: 100%|██████████| 79/79 [00:01<00:00, 41.40it/s]
Train Loss: 0.762 | Train Acc: 0.68
Test Loss: 0.661 | Test Acc: 0.73
Best Acc: 0.73

Epoch: 5
Training: 100%|██████████| 391/391 [00:24<00:00, 16.00it/s]
Testing: 100%|██████████| 79/79 [00:01<00:00, 41.13it/s]
Train Loss: 0.686 | Train Acc: 0.71
Test Loss: 0.607 | Test Acc: 0.75
Best Acc: 0.75

Epoch: 6
Training: 100%|██████████| 391/391 [00:24<00:00, 16.12it/s]
Testing: 100%|██████████| 79/79 [00:01<00:00, 43.58it/s]
Train Loss: 0.623 | Train Acc: 0.74
Test Loss: 0.592 | Test Acc: 0.76
Best Acc: 0.76

Epoch: 7
Training: 100%|██████████| 391/391 [00:24<00:00, 16.00it/s]
Testing: 100%|██████████| 79/79 [00:01<00:00, 42.21it/s]
Train Loss: 0.579 | Train Acc: 0.75
Test Loss: 0.569 | Test Acc: 0.77
Best Acc: 0.77

Epoch: 8
Training: 100%|██████████| 391/391 [00:24<00:00, 16.12it/s]
Testing: 100%|██████████| 79/79 [00:01<00:00, 40.93it/s]
Train Loss: 0.545 | Train Acc: 0.77
Test Loss: 0.531 | Test Acc: 0.77
Best Acc: 0.77

Epoch: 9
Training: 100%|██████████| 391/391 [00:24<00:00, 16.01it/s]
Testing: 100%|██████████| 79/79 [00:01<00:00, 39.95it/s]
Train Loss: 0.508 | Train Acc: 0.78
Test Loss: 0.540 | Test Acc: 0.79
Best Acc: 0.79

Epoch: 10
Training: 100%|██████████| 391/391 [00:24<00:00, 16.18it/s]
Testing: 100%|██████████| 79/79 [00:01<00:00, 40.81it/s]
Train Loss: 0.482 | Train Acc: 0.79
Test Loss: 0.509 | Test Acc: 0.79
Best Acc: 0.79

Epoch: 11
Training: 100%|██████████| 391/391 [00:24<00:00, 15.98it/s]
Testing: 100%|██████████| 79/79 [00:01<00:00, 41.15it/s]
Train Loss: 0.457 | Train Acc: 0.80
Test Loss: 0.502 | Test Acc: 0.80
Best Acc: 0.80

Epoch: 12
Training: 100%|██████████| 391/391 [00:24<00:00, 16.17it/s]
Testing: 100%|██████████| 79/79 [00:01<00:00, 42.95it/s]
Train Loss: 0.436 | Train Acc: 0.81
Test Loss: 0.474 | Test Acc: 0.81
Best Acc: 0.81

Epoch: 13
Training: 100%|██████████| 391/391 [00:24<00:00, 15.97it/s]
Testing: 100%|██████████| 79/79 [00:01<00:00, 43.09it/s]
Train Loss: 0.410 | Train Acc: 0.82
Test Loss: 0.430 | Test Acc: 0.83
Best Acc: 0.83

Epoch: 14
Training: 100%|██████████| 391/391 [00:24<00:00, 16.06it/s]
Testing: 100%|██████████| 79/79 [00:02<00:00, 38.77it/s]
Train Loss: 0.391 | Train Acc: 0.83
Test Loss: 0.452 | Test Acc: 0.82
Best Acc: 0.83

Epoch: 15
Training: 100%|██████████| 391/391 [00:24<00:00, 16.12it/s]
Testing: 100%|██████████| 79/79 [00:02<00:00, 36.11it/s]
Train Loss: 0.380 | Train Acc: 0.83
Test Loss: 0.408 | Test Acc: 0.83
Best Acc: 0.83

Epoch: 16
Training: 100%|██████████| 391/391 [00:24<00:00, 16.11it/s]
Testing: 100%|██████████| 79/79 [00:01<00:00, 41.09it/s]
Train Loss: 0.359 | Train Acc: 0.84
Test Loss: 0.454 | Test Acc: 0.81
Best Acc: 0.83

Epoch: 17
Training: 100%|██████████| 391/391 [00:24<00:00, 16.12it/s]
Testing: 100%|██████████| 79/79 [00:02<00:00, 39.32it/s]
Train Loss: 0.345 | Train Acc: 0.84
Test Loss: 0.428 | Test Acc: 0.82
Best Acc: 0.83

Epoch: 18
Training: 100%|██████████| 391/391 [00:24<00:00, 15.91it/s]
Testing: 100%|██████████| 79/79 [00:01<00:00, 40.98it/s]
Train Loss: 0.327 | Train Acc: 0.85
Test Loss: 0.383 | Test Acc: 0.85
Best Acc: 0.85

Epoch: 19
Training: 100%|██████████| 391/391 [00:24<00:00, 16.11it/s]
Testing: 100%|██████████| 79/79 [00:01<00:00, 42.27it/s]
Train Loss: 0.313 | Train Acc: 0.86
Test Loss: 0.390 | Test Acc: 0.84
Best Acc: 0.85

Epoch: 20
Training: 100%|██████████| 391/391 [00:24<00:00, 16.00it/s]
Testing: 100%|██████████| 79/79 [00:01<00:00, 41.18it/s]
Train Loss: 0.302 | Train Acc: 0.86
Test Loss: 0.405 | Test Acc: 0.84
Best Acc: 0.85

Epoch: 21
Training: 100%|██████████| 391/391 [00:24<00:00, 16.15it/s]
Testing: 100%|██████████| 79/79 [00:01<00:00, 40.23it/s]
Train Loss: 0.292 | Train Acc: 0.87
Test Loss: 0.389 | Test Acc: 0.85
Best Acc: 0.85

Epoch: 22
Training: 100%|██████████| 391/391 [00:24<00:00, 16.01it/s]
Testing: 100%|██████████| 79/79 [00:02<00:00, 39.21it/s]
Train Loss: 0.275 | Train Acc: 0.87
Test Loss: 0.371 | Test Acc: 0.86
Best Acc: 0.86

Epoch: 23
Training: 100%|██████████| 391/391 [00:24<00:00, 16.16it/s]
Testing: 100%|██████████| 79/79 [00:02<00:00, 39.37it/s]
Train Loss: 0.264 | Train Acc: 0.88
Test Loss: 0.409 | Test Acc: 0.84
Best Acc: 0.86

Epoch: 24
Training: 100%|██████████| 391/391 [00:24<00:00, 15.98it/s]
Testing: 100%|██████████| 79/79 [00:01<00:00, 42.48it/s]
Train Loss: 0.253 | Train Acc: 0.88
Test Loss: 0.399 | Test Acc: 0.85
Best Acc: 0.86

Epoch: 25
Training: 100%|██████████| 391/391 [00:24<00:00, 16.14it/s]
Testing: 100%|██████████| 79/79 [00:01<00:00, 42.79it/s]
Train Loss: 0.243 | Train Acc: 0.89
Test Loss: 0.361 | Test Acc: 0.86
Best Acc: 0.86

Epoch: 26
Training: 100%|██████████| 391/391 [00:24<00:00, 15.98it/s]
Testing: 100%|██████████| 79/79 [00:01<00:00, 43.11it/s]
Train Loss: 0.235 | Train Acc: 0.89
Test Loss: 0.395 | Test Acc: 0.85
Best Acc: 0.86

Epoch: 27
Training: 100%|██████████| 391/391 [00:24<00:00, 16.18it/s]
Testing: 100%|██████████| 79/79 [00:01<00:00, 40.50it/s]
Train Loss: 0.220 | Train Acc: 0.90
Test Loss: 0.368 | Test Acc: 0.86
Best Acc: 0.86

Epoch: 28
Training: 100%|██████████| 391/391 [00:24<00:00, 16.02it/s]
Testing: 100%|██████████| 79/79 [00:01<00:00, 43.22it/s]
Train Loss: 0.211 | Train Acc: 0.90
Test Loss: 0.372 | Test Acc: 0.86
Best Acc: 0.86

Epoch: 29
Training: 100%|██████████| 391/391 [00:24<00:00, 16.12it/s]
Testing: 100%|██████████| 79/79 [00:01<00:00, 42.83it/s]
Train Loss: 0.206 | Train Acc: 0.90
Test Loss: 0.363 | Test Acc: 0.86
Best Acc: 0.86

Epoch: 30
Training: 100%|██████████| 391/391 [00:24<00:00, 16.00it/s]
Testing: 100%|██████████| 79/79 [00:01<00:00, 42.51it/s]
Train Loss: 0.197 | Train Acc: 0.91
Test Loss: 0.365 | Test Acc: 0.86
Best Acc: 0.86

Epoch: 31
Training: 100%|██████████| 391/391 [00:24<00:00, 16.13it/s]
Testing: 100%|██████████| 79/79 [00:01<00:00, 42.07it/s]
Train Loss: 0.188 | Train Acc: 0.91
Test Loss: 0.389 | Test Acc: 0.85
Best Acc: 0.86

Epoch: 32
Training: 100%|██████████| 391/391 [00:24<00:00, 16.15it/s]
Testing: 100%|██████████| 79/79 [00:02<00:00, 37.45it/s]
Train Loss: 0.178 | Train Acc: 0.91
Test Loss: 0.351 | Test Acc: 0.87
Best Acc: 0.87

Epoch: 33
Training: 100%|██████████| 391/391 [00:24<00:00, 16.18it/s]
Testing: 100%|██████████| 79/79 [00:01<00:00, 40.93it/s]
Train Loss: 0.172 | Train Acc: 0.92
Test Loss: 0.353 | Test Acc: 0.87
Best Acc: 0.87

Epoch: 34
Training: 100%|██████████| 391/391 [00:24<00:00, 16.13it/s]
Testing: 100%|██████████| 79/79 [00:01<00:00, 40.54it/s]
Train Loss: 0.166 | Train Acc: 0.92
Test Loss: 0.352 | Test Acc: 0.87
Best Acc: 0.87

Epoch: 35
Training: 100%|██████████| 391/391 [00:24<00:00, 16.02it/s]
Testing: 100%|██████████| 79/79 [00:01<00:00, 42.95it/s]
Train Loss: 0.157 | Train Acc: 0.92
Test Loss: 0.354 | Test Acc: 0.87
Best Acc: 0.87

Epoch: 36
Training: 100%|██████████| 391/391 [00:24<00:00, 16.14it/s]
Testing: 100%|██████████| 79/79 [00:01<00:00, 42.49it/s]
Train Loss: 0.151 | Train Acc: 0.93
Test Loss: 0.364 | Test Acc: 0.86
Best Acc: 0.87

Epoch: 37
Training: 100%|██████████| 391/391 [00:24<00:00, 16.01it/s]
Testing: 100%|██████████| 79/79 [00:01<00:00, 40.17it/s]
Train Loss: 0.145 | Train Acc: 0.93
Test Loss: 0.356 | Test Acc: 0.87
Best Acc: 0.87

Epoch: 38
Training: 100%|██████████| 391/391 [00:24<00:00, 16.16it/s]
Testing: 100%|██████████| 79/79 [00:01<00:00, 40.01it/s]
Train Loss: 0.143 | Train Acc: 0.93
Test Loss: 0.361 | Test Acc: 0.87
Best Acc: 0.87

Epoch: 39
Training: 100%|██████████| 391/391 [00:24<00:00, 15.99it/s]
Testing: 100%|██████████| 79/79 [00:01<00:00, 40.49it/s]
Train Loss: 0.139 | Train Acc: 0.93
Test Loss: 0.352 | Test Acc: 0.87
Best Acc: 0.87

Epoch: 40
Training: 100%|██████████| 391/391 [00:24<00:00, 16.17it/s]
Testing: 100%|██████████| 79/79 [00:01<00:00, 40.51it/s]
Train Loss: 0.135 | Train Acc: 0.93
Test Loss: 0.353 | Test Acc: 0.87
Best Acc: 0.87

Epoch: 41
Training: 100%|██████████| 391/391 [00:24<00:00, 15.97it/s]
Testing: 100%|██████████| 79/79 [00:02<00:00, 38.97it/s]
Train Loss: 0.132 | Train Acc: 0.94
Test Loss: 0.353 | Test Acc: 0.87
Best Acc: 0.87

Epoch: 42
Training: 100%|██████████| 391/391 [00:24<00:00, 16.12it/s]
Testing: 100%|██████████| 79/79 [00:01<00:00, 42.71it/s]
Train Loss: 0.127 | Train Acc: 0.94
Test Loss: 0.359 | Test Acc: 0.87
Best Acc: 0.87

Epoch: 43
Training: 100%|██████████| 391/391 [00:24<00:00, 15.95it/s]
Testing: 100%|██████████| 79/79 [00:01<00:00, 43.20it/s]
Train Loss: 0.127 | Train Acc: 0.94
Test Loss: 0.361 | Test Acc: 0.87
Best Acc: 0.87

Epoch: 44
Training: 100%|██████████| 391/391 [00:24<00:00, 16.11it/s]
Testing: 100%|██████████| 79/79 [00:01<00:00, 41.79it/s]
Train Loss: 0.122 | Train Acc: 0.94
Test Loss: 0.356 | Test Acc: 0.87
Best Acc: 0.87

Epoch: 45
Training: 100%|██████████| 391/391 [00:24<00:00, 15.93it/s]
Testing: 100%|██████████| 79/79 [00:01<00:00, 42.48it/s]
Train Loss: 0.122 | Train Acc: 0.94
Test Loss: 0.354 | Test Acc: 0.87
Best Acc: 0.87

Epoch: 46
Training: 100%|██████████| 391/391 [00:24<00:00, 16.14it/s]
Testing: 100%|██████████| 79/79 [00:01<00:00, 40.55it/s]
Train Loss: 0.120 | Train Acc: 0.94
Test Loss: 0.354 | Test Acc: 0.87
Best Acc: 0.87

Epoch: 47
Training: 100%|██████████| 391/391 [00:24<00:00, 15.95it/s]
Testing: 100%|██████████| 79/79 [00:01<00:00, 41.47it/s]
Train Loss: 0.120 | Train Acc: 0.94
Test Loss: 0.356 | Test Acc: 0.87
Best Acc: 0.87

Epoch: 48
Training: 100%|██████████| 391/391 [00:24<00:00, 16.15it/s]
Testing: 100%|██████████| 79/79 [00:01<00:00, 42.56it/s]
Train Loss: 0.118 | Train Acc: 0.94
Test Loss: 0.355 | Test Acc: 0.87
Best Acc: 0.87

Epoch: 49
Training: 100%|██████████| 391/391 [00:24<00:00, 16.09it/s]
Testing: 100%|██████████| 79/79 [00:02<00:00, 37.90it/s]
Train Loss: 0.117 | Train Acc: 0.94
Test Loss: 0.356 | Test Acc: 0.87
Best Acc: 0.87

Epoch: 50
Training: 100%|██████████| 391/391 [00:24<00:00, 16.15it/s]
Testing: 100%|██████████| 79/79 [00:01<00:00, 40.55it/s]
Train Loss: 0.117 | Train Acc: 0.94
Test Loss: 0.356 | Test Acc: 0.87
Best Acc: 0.87
