Downloading https://www.cs.toronto.edu/~kriz/cifar-10-python.tar.gz to ./data/cifar-10-python.tar.gz
100|██████████| 170M/170M [00:04<00:00, 34.6MB/s] 
Extracting ./data/cifar-10-python.tar.gz to ./data
Files already downloaded and verified
Num of train 50000
Num of test 10000

Epoch: 1
Training: 100|██████████| 391/391 [00:25<00:00, 15.41it/s]
Testing: 100|██████████| 79/79 [00:01<00:00, 40.42it/s]
Train Loss: 0.063 | Train Acc: 0.25
Test Loss: 0.044 | Test Acc: 0.32
Best Acc: 0.32

Epoch: 2
Training: 100|██████████| 391/391 [00:24<00:00, 16.18it/s]
Testing: 100|██████████| 79/79 [00:01<00:00, 43.84it/s]
Train Loss: 0.041 | Train Acc: 0.33
Test Loss: 0.035 | Test Acc: 0.36
Best Acc: 0.36

Epoch: 3
Training: 100|██████████| 391/391 [00:24<00:00, 15.74it/s]
Testing: 100|██████████| 79/79 [00:01<00:00, 40.65it/s]
Train Loss: 0.035 | Train Acc: 0.35
Test Loss: 0.030 | Test Acc: 0.38
Best Acc: 0.38

Epoch: 4
Training: 100|██████████| 391/391 [00:24<00:00, 16.16it/s]
Testing: 100|██████████| 79/79 [00:01<00:00, 42.29it/s]
Train Loss: 0.031 | Train Acc: 0.37
Test Loss: 0.027 | Test Acc: 0.40
Best Acc: 0.40

Epoch: 5
Training: 100|██████████| 391/391 [00:24<00:00, 15.99it/s]
Testing: 100|██████████| 79/79 [00:02<00:00, 39.22it/s]
Train Loss: 0.028 | Train Acc: 0.38
Test Loss: 0.026 | Test Acc: 0.40
Best Acc: 0.40

Epoch: 6
Training: 100|██████████| 391/391 [00:24<00:00, 16.06it/s]
Testing: 100|██████████| 79/79 [00:01<00:00, 39.80it/s]
Train Loss: 0.026 | Train Acc: 0.39
Test Loss: 0.024 | Test Acc: 0.40
Best Acc: 0.40

Epoch: 7
Training: 100|██████████| 391/391 [00:24<00:00, 15.90it/s]
Testing: 100|██████████| 79/79 [00:02<00:00, 37.92it/s]
Train Loss: 0.025 | Train Acc: 0.40
Test Loss: 0.023 | Test Acc: 0.42
Best Acc: 0.42

Epoch: 8
Training: 100|██████████| 391/391 [00:24<00:00, 16.04it/s]
Testing: 100|██████████| 79/79 [00:01<00:00, 42.17it/s]
Train Loss: 0.024 | Train Acc: 0.41
Test Loss: 0.021 | Test Acc: 0.42
Best Acc: 0.42

Epoch: 9
Training: 100|██████████| 391/391 [00:24<00:00, 15.95it/s]
Testing: 100|██████████| 79/79 [00:01<00:00, 42.52it/s]
Train Loss: 0.022 | Train Acc: 0.41
Test Loss: 0.022 | Test Acc: 0.42
Best Acc: 0.42

Epoch: 10
Training: 100|██████████| 391/391 [00:24<00:00, 16.10it/s]
Testing: 100|██████████| 79/79 [00:02<00:00, 39.23it/s]
Train Loss: 0.022 | Train Acc: 0.42
Test Loss: 0.022 | Test Acc: 0.42
Best Acc: 0.42

Epoch: 11
Training: 100|██████████| 391/391 [00:24<00:00, 15.96it/s]
Testing: 100|██████████| 79/79 [00:01<00:00, 41.65it/s]
Train Loss: 0.021 | Train Acc: 0.43
Test Loss: 0.021 | Test Acc: 0.44
Best Acc: 0.44

Epoch: 12
Training: 100|██████████| 391/391 [00:24<00:00, 16.15it/s]
Testing: 100|██████████| 79/79 [00:01<00:00, 42.92it/s]
Train Loss: 0.020 | Train Acc: 0.43
Test Loss: 0.020 | Test Acc: 0.45
Best Acc: 0.45

Epoch: 13
Training: 100|██████████| 391/391 [00:24<00:00, 15.98it/s]
Testing: 100|██████████| 79/79 [00:01<00:00, 42.64it/s]
Train Loss: 0.019 | Train Acc: 0.44
Test Loss: 0.021 | Test Acc: 0.44
Best Acc: 0.45

Epoch: 14
Training: 100|██████████| 391/391 [00:24<00:00, 16.15it/s]
Testing: 100|██████████| 79/79 [00:01<00:00, 40.13it/s]
Train Loss: 0.019 | Train Acc: 0.44
Test Loss: 0.019 | Test Acc: 0.45
Best Acc: 0.45

Epoch: 15
Training: 100|██████████| 391/391 [00:24<00:00, 16.14it/s]
Testing: 100|██████████| 79/79 [00:02<00:00, 37.99it/s]
Train Loss: 0.018 | Train Acc: 0.45
Test Loss: 0.018 | Test Acc: 0.47
Best Acc: 0.47

Epoch: 16
Training: 100|██████████| 391/391 [00:24<00:00, 16.08it/s]
Testing: 100|██████████| 79/79 [00:01<00:00, 41.13it/s]
Train Loss: 0.018 | Train Acc: 0.45
Test Loss: 0.017 | Test Acc: 0.48
Best Acc: 0.48

Epoch: 17
Training: 100|██████████| 391/391 [00:24<00:00, 16.12it/s]
Testing: 100|██████████| 79/79 [00:01<00:00, 39.73it/s]
Train Loss: 0.018 | Train Acc: 0.46
Test Loss: 0.018 | Test Acc: 0.46
Best Acc: 0.48

Epoch: 18
Training: 100|██████████| 391/391 [00:24<00:00, 15.94it/s]
Testing: 100|██████████| 79/79 [00:01<00:00, 42.48it/s]
Train Loss: 0.017 | Train Acc: 0.46
Test Loss: 0.017 | Test Acc: 0.48
Best Acc: 0.48

Epoch: 19
Training: 100|██████████| 391/391 [00:24<00:00, 16.10it/s]
Testing: 100|██████████| 79/79 [00:01<00:00, 42.31it/s]
Train Loss: 0.017 | Train Acc: 0.47
Test Loss: 0.016 | Test Acc: 0.49
Best Acc: 0.49

Epoch: 20
Training: 100|██████████| 391/391 [00:24<00:00, 15.91it/s]
Testing: 100|██████████| 79/79 [00:02<00:00, 39.14it/s]
Train Loss: 0.016 | Train Acc: 0.47
Test Loss: 0.018 | Test Acc: 0.48
Best Acc: 0.49

Epoch: 21
Training: 100|██████████| 391/391 [00:24<00:00, 16.08it/s]
Testing: 100|██████████| 79/79 [00:01<00:00, 39.70it/s]
Train Loss: 0.016 | Train Acc: 0.48
Test Loss: 0.016 | Test Acc: 0.49
Best Acc: 0.49

Epoch: 22
Training: 100|██████████| 391/391 [00:24<00:00, 15.96it/s]
Testing: 100|██████████| 79/79 [00:01<00:00, 43.02it/s]
Train Loss: 0.016 | Train Acc: 0.48
Test Loss: 0.015 | Test Acc: 0.51
Best Acc: 0.51

Epoch: 23
Training: 100|██████████| 391/391 [00:24<00:00, 16.11it/s]
Testing: 100|██████████| 79/79 [00:02<00:00, 39.28it/s]
Train Loss: 0.015 | Train Acc: 0.49
Test Loss: 0.015 | Test Acc: 0.51
Best Acc: 0.51

Epoch: 24
Training: 100|██████████| 391/391 [00:24<00:00, 15.97it/s]
Testing: 100|██████████| 79/79 [00:01<00:00, 43.34it/s]
Train Loss: 0.015 | Train Acc: 0.49
Test Loss: 0.015 | Test Acc: 0.52
Best Acc: 0.52

Epoch: 25
Training: 100|██████████| 391/391 [00:24<00:00, 16.17it/s]
Testing: 100|██████████| 79/79 [00:02<00:00, 38.99it/s]
Train Loss: 0.015 | Train Acc: 0.49
Test Loss: 0.015 | Test Acc: 0.51
Best Acc: 0.52

Epoch: 26
Training: 100|██████████| 391/391 [00:24<00:00, 16.00it/s]
Testing: 100|██████████| 79/79 [00:01<00:00, 42.93it/s]
Train Loss: 0.015 | Train Acc: 0.50
Test Loss: 0.015 | Test Acc: 0.50
Best Acc: 0.52

Epoch: 27
Training: 100|██████████| 391/391 [00:24<00:00, 16.16it/s]
Testing: 100|██████████| 79/79 [00:02<00:00, 39.06it/s]
Train Loss: 0.014 | Train Acc: 0.50
Test Loss: 0.014 | Test Acc: 0.52
Best Acc: 0.52

Epoch: 28
Training: 100|██████████| 391/391 [00:24<00:00, 15.98it/s]
Testing: 100|██████████| 79/79 [00:02<00:00, 39.21it/s]
Train Loss: 0.014 | Train Acc: 0.50
Test Loss: 0.014 | Test Acc: 0.52
Best Acc: 0.52

Epoch: 29
Training: 100|██████████| 391/391 [00:24<00:00, 16.11it/s]
Testing: 100|██████████| 79/79 [00:02<00:00, 37.46it/s]
Train Loss: 0.014 | Train Acc: 0.51
Test Loss: 0.014 | Test Acc: 0.53
Best Acc: 0.53

Epoch: 30
Training: 100|██████████| 391/391 [00:24<00:00, 15.99it/s]
Testing: 100|██████████| 79/79 [00:02<00:00, 38.54it/s]
Train Loss: 0.014 | Train Acc: 0.51
Test Loss: 0.015 | Test Acc: 0.51
Best Acc: 0.53

Epoch: 31
Training: 100|██████████| 391/391 [00:24<00:00, 16.12it/s]
Testing: 100|██████████| 79/79 [00:02<00:00, 37.57it/s]
Train Loss: 0.014 | Train Acc: 0.51
Test Loss: 0.013 | Test Acc: 0.53
Best Acc: 0.53

Epoch: 32
Training: 100|██████████| 391/391 [00:24<00:00, 16.14it/s]
Testing: 100|██████████| 79/79 [00:02<00:00, 36.39it/s]
Train Loss: 0.014 | Train Acc: 0.51
Test Loss: 0.014 | Test Acc: 0.53
Best Acc: 0.53

Epoch: 33
Training: 100|██████████| 391/391 [00:24<00:00, 16.14it/s]
Testing: 100|██████████| 79/79 [00:02<00:00, 39.01it/s]
Train Loss: 0.013 | Train Acc: 0.51
Test Loss: 0.013 | Test Acc: 0.53
Best Acc: 0.53

Epoch: 34
Training: 100|██████████| 391/391 [00:24<00:00, 16.09it/s]
Testing: 100|██████████| 79/79 [00:01<00:00, 41.22it/s]
Train Loss: 0.013 | Train Acc: 0.51
Test Loss: 0.014 | Test Acc: 0.53
Best Acc: 0.53

Epoch: 35
Training: 100|██████████| 391/391 [00:24<00:00, 15.96it/s]
Testing: 100|██████████| 79/79 [00:01<00:00, 42.73it/s]
Train Loss: 0.013 | Train Acc: 0.52
Test Loss: 0.013 | Test Acc: 0.54
Best Acc: 0.54

Epoch: 36
Training: 100|██████████| 391/391 [00:24<00:00, 16.12it/s]
Testing: 100|██████████| 79/79 [00:01<00:00, 42.26it/s]
Train Loss: 0.013 | Train Acc: 0.51
Test Loss: 0.013 | Test Acc: 0.53
Best Acc: 0.54

Epoch: 37
Training: 100|██████████| 391/391 [00:24<00:00, 16.02it/s]
Testing: 100|██████████| 79/79 [00:01<00:00, 40.15it/s]
Train Loss: 0.013 | Train Acc: 0.52
Test Loss: 0.013 | Test Acc: 0.54
Best Acc: 0.54

Epoch: 38
Training: 100|██████████| 391/391 [00:24<00:00, 16.15it/s]
Testing: 100|██████████| 79/79 [00:01<00:00, 40.31it/s]
Train Loss: 0.013 | Train Acc: 0.52
Test Loss: 0.013 | Test Acc: 0.54
Best Acc: 0.54

Epoch: 39
Training: 100|██████████| 391/391 [00:24<00:00, 15.98it/s]
Testing: 100|██████████| 79/79 [00:01<00:00, 41.17it/s]
Train Loss: 0.013 | Train Acc: 0.52
Test Loss: 0.013 | Test Acc: 0.54
Best Acc: 0.54

Epoch: 40
Training: 100|██████████| 391/391 [00:24<00:00, 16.16it/s]
Testing: 100|██████████| 79/79 [00:01<00:00, 40.74it/s]
Train Loss: 0.013 | Train Acc: 0.52
Test Loss: 0.013 | Test Acc: 0.55
Best Acc: 0.55

Epoch: 41
Training: 100|██████████| 391/391 [00:24<00:00, 15.97it/s]
Testing: 100|██████████| 79/79 [00:01<00:00, 43.30it/s]
Train Loss: 0.013 | Train Acc: 0.52
Test Loss: 0.013 | Test Acc: 0.54
Best Acc: 0.55

Epoch: 42
Training: 100|██████████| 391/391 [00:24<00:00, 16.16it/s]
Testing: 100|██████████| 79/79 [00:01<00:00, 41.58it/s]
Train Loss: 0.013 | Train Acc: 0.52
Test Loss: 0.013 | Test Acc: 0.54
Best Acc: 0.55

Epoch: 43
Training: 100|██████████| 391/391 [00:24<00:00, 16.02it/s]
Testing: 100|██████████| 79/79 [00:01<00:00, 42.42it/s]
Train Loss: 0.013 | Train Acc: 0.52
Test Loss: 0.013 | Test Acc: 0.54
Best Acc: 0.55

Epoch: 44
Training: 100|██████████| 391/391 [00:24<00:00, 16.14it/s]
Testing: 100|██████████| 79/79 [00:01<00:00, 41.16it/s]
Train Loss: 0.013 | Train Acc: 0.52
Test Loss: 0.013 | Test Acc: 0.54
Best Acc: 0.55

Epoch: 45
Training: 100|██████████| 391/391 [00:24<00:00, 16.00it/s]
Testing: 100|██████████| 79/79 [00:02<00:00, 38.97it/s]
Train Loss: 0.013 | Train Acc: 0.52
Test Loss: 0.013 | Test Acc: 0.54
Best Acc: 0.55

Epoch: 46
Training: 100|██████████| 391/391 [00:24<00:00, 16.17it/s]
Testing: 100|██████████| 79/79 [00:01<00:00, 40.03it/s]
Train Loss: 0.013 | Train Acc: 0.52
Test Loss: 0.013 | Test Acc: 0.55
Best Acc: 0.55

Epoch: 47
Training: 100|██████████| 391/391 [00:24<00:00, 15.99it/s]
Testing: 100|██████████| 79/79 [00:01<00:00, 43.22it/s]
Train Loss: 0.013 | Train Acc: 0.52
Test Loss: 0.013 | Test Acc: 0.54
Best Acc: 0.55

Epoch: 48
Training: 100|██████████| 391/391 [00:24<00:00, 16.15it/s]
Testing: 100|██████████| 79/79 [00:01<00:00, 39.80it/s]
Train Loss: 0.012 | Train Acc: 0.53
Test Loss: 0.012 | Test Acc: 0.55
Best Acc: 0.55

Epoch: 49
Training: 100|██████████| 391/391 [00:24<00:00, 16.15it/s]
Testing: 100|██████████| 79/79 [00:02<00:00, 38.54it/s]
Train Loss: 0.013 | Train Acc: 0.52
Test Loss: 0.013 | Test Acc: 0.54
Best Acc: 0.55

Epoch: 50
Training: 100|██████████| 391/391 [00:24<00:00, 16.15it/s]
Testing: 100|██████████| 79/79 [00:01<00:00, 42.54it/s]
Train Loss: 0.013 | Train Acc: 0.52
Test Loss: 0.013 | Test Acc: 0.55
Best Acc: 0.55
