Downloading https://www.cs.toronto.edu/~kriz/cifar-10-python.tar.gz to ./data/cifar-10-python.tar.gz
100%|██████████| 170M/170M [00:11<00:00, 14.6MB/s] 
Extracting ./data/cifar-10-python.tar.gz to ./data
Files already downloaded and verified
Num of train 50000
Num of test 10000

Epoch: 1
Training: 100%|██████████| 391/391 [00:25<00:00, 15.55it/s]
Testing: 100%|██████████| 79/79 [00:01<00:00, 40.82it/s]
Train Loss: 0.062 | Train Acc: 0.27
Test Loss: 0.050 | Test Acc: 0.31
Best Acc: 0.31

Epoch: 2
Training: 100%|██████████| 391/391 [00:24<00:00, 16.23it/s]
Testing: 100%|██████████| 79/79 [00:01<00:00, 42.93it/s]
Train Loss: 0.040 | Train Acc: 0.35
Test Loss: 0.038 | Test Acc: 0.34
Best Acc: 0.34

Epoch: 3
Training: 100%|██████████| 391/391 [00:24<00:00, 15.80it/s]
Testing: 100%|██████████| 79/79 [00:01<00:00, 40.93it/s]
Train Loss: 0.033 | Train Acc: 0.37
Test Loss: 0.033 | Test Acc: 0.35
Best Acc: 0.35

Epoch: 4
Training: 100%|██████████| 391/391 [00:24<00:00, 16.18it/s]
Testing: 100%|██████████| 79/79 [00:01<00:00, 41.07it/s]
Train Loss: 0.029 | Train Acc: 0.38
Test Loss: 0.030 | Test Acc: 0.38
Best Acc: 0.38

Epoch: 5
Training: 100%|██████████| 391/391 [00:24<00:00, 16.04it/s]
Testing: 100%|██████████| 79/79 [00:02<00:00, 39.27it/s]
Train Loss: 0.027 | Train Acc: 0.40
Test Loss: 0.028 | Test Acc: 0.38
Best Acc: 0.38

Epoch: 6
Training: 100%|██████████| 391/391 [00:24<00:00, 16.15it/s]
Testing: 100%|██████████| 79/79 [00:02<00:00, 37.96it/s]
Train Loss: 0.025 | Train Acc: 0.40
Test Loss: 0.026 | Test Acc: 0.39
Best Acc: 0.39

Epoch: 7
Training: 100%|██████████| 391/391 [00:24<00:00, 16.00it/s]
Testing: 100%|██████████| 79/79 [00:01<00:00, 39.98it/s]
Train Loss: 0.024 | Train Acc: 0.41
Test Loss: 0.024 | Test Acc: 0.39
Best Acc: 0.39

Epoch: 8
Training: 100%|██████████| 391/391 [00:24<00:00, 16.16it/s]
Testing: 100%|██████████| 79/79 [00:01<00:00, 40.87it/s]
Train Loss: 0.023 | Train Acc: 0.42
Test Loss: 0.023 | Test Acc: 0.40
Best Acc: 0.40

Epoch: 9
Training: 100%|██████████| 391/391 [00:24<00:00, 16.03it/s]
Testing: 100%|██████████| 79/79 [00:01<00:00, 40.04it/s]
Train Loss: 0.022 | Train Acc: 0.42
Test Loss: 0.024 | Test Acc: 0.39
Best Acc: 0.40

Epoch: 10
Training: 100%|██████████| 391/391 [00:24<00:00, 16.14it/s]
Testing: 100%|██████████| 79/79 [00:02<00:00, 38.78it/s]
Train Loss: 0.021 | Train Acc: 0.43
Test Loss: 0.022 | Test Acc: 0.41
Best Acc: 0.41

Epoch: 11
Training: 100%|██████████| 391/391 [00:24<00:00, 15.95it/s]
Testing: 100%|██████████| 79/79 [00:01<00:00, 42.46it/s]
Train Loss: 0.020 | Train Acc: 0.43
Test Loss: 0.021 | Test Acc: 0.40
Best Acc: 0.41

Epoch: 12
Training: 100%|██████████| 391/391 [00:24<00:00, 16.19it/s]
Testing: 100%|██████████| 79/79 [00:01<00:00, 41.74it/s]
Train Loss: 0.020 | Train Acc: 0.44
Test Loss: 0.020 | Test Acc: 0.42
Best Acc: 0.42

Epoch: 13
Training: 100%|██████████| 391/391 [00:24<00:00, 16.02it/s]
Testing: 100%|██████████| 79/79 [00:01<00:00, 41.32it/s]
Train Loss: 0.019 | Train Acc: 0.44
Test Loss: 0.020 | Test Acc: 0.42
Best Acc: 0.42

Epoch: 14
Training: 100%|██████████| 391/391 [00:24<00:00, 16.21it/s]
Testing: 100%|██████████| 79/79 [00:01<00:00, 43.34it/s]
Train Loss: 0.018 | Train Acc: 0.44
Test Loss: 0.019 | Test Acc: 0.43
Best Acc: 0.43

Epoch: 15
Training: 100%|██████████| 391/391 [00:24<00:00, 16.20it/s]
Testing: 100%|██████████| 79/79 [00:02<00:00, 37.01it/s]
Train Loss: 0.018 | Train Acc: 0.45
Test Loss: 0.018 | Test Acc: 0.43
Best Acc: 0.43

Epoch: 16
Training: 100%|██████████| 391/391 [00:24<00:00, 16.17it/s]
Testing: 100%|██████████| 79/79 [00:01<00:00, 40.37it/s]
Train Loss: 0.018 | Train Acc: 0.45
Test Loss: 0.019 | Test Acc: 0.42
Best Acc: 0.43

Epoch: 17
Training: 100%|██████████| 391/391 [00:24<00:00, 16.22it/s]
Testing: 100%|██████████| 79/79 [00:01<00:00, 39.73it/s]
Train Loss: 0.017 | Train Acc: 0.45
Test Loss: 0.018 | Test Acc: 0.43
Best Acc: 0.43

Epoch: 18
Training: 100%|██████████| 391/391 [00:24<00:00, 15.98it/s]
Testing: 100%|██████████| 79/79 [00:01<00:00, 42.10it/s]
Train Loss: 0.017 | Train Acc: 0.46
Test Loss: 0.019 | Test Acc: 0.42
Best Acc: 0.43

Epoch: 19
Training: 100%|██████████| 391/391 [00:24<00:00, 16.21it/s]
Testing: 100%|██████████| 79/79 [00:01<00:00, 40.51it/s]
Train Loss: 0.017 | Train Acc: 0.46
Test Loss: 0.017 | Test Acc: 0.44
Best Acc: 0.44

Epoch: 20
Training: 100%|██████████| 391/391 [00:24<00:00, 16.00it/s]
Testing: 100%|██████████| 79/79 [00:01<00:00, 42.74it/s]
Train Loss: 0.016 | Train Acc: 0.46
Test Loss: 0.020 | Test Acc: 0.43
Best Acc: 0.44

Epoch: 21
Training: 100%|██████████| 391/391 [00:24<00:00, 16.17it/s]
Testing: 100%|██████████| 79/79 [00:01<00:00, 40.53it/s]
Train Loss: 0.016 | Train Acc: 0.47
Test Loss: 0.017 | Test Acc: 0.45
Best Acc: 0.45

Epoch: 22
Training: 100%|██████████| 391/391 [00:24<00:00, 16.05it/s]
Testing: 100%|██████████| 79/79 [00:01<00:00, 42.08it/s]
Train Loss: 0.016 | Train Acc: 0.47
Test Loss: 0.018 | Test Acc: 0.44
Best Acc: 0.45

Epoch: 23
Training: 100%|██████████| 391/391 [00:24<00:00, 16.21it/s]
Testing: 100%|██████████| 79/79 [00:01<00:00, 40.42it/s]
Train Loss: 0.015 | Train Acc: 0.47
Test Loss: 0.016 | Test Acc: 0.45
Best Acc: 0.45

Epoch: 24
Training: 100%|██████████| 391/391 [00:24<00:00, 16.02it/s]
Testing: 100%|██████████| 79/79 [00:01<00:00, 40.89it/s]
Train Loss: 0.015 | Train Acc: 0.48
Test Loss: 0.017 | Test Acc: 0.44
Best Acc: 0.45

Epoch: 25
Training: 100%|██████████| 391/391 [00:24<00:00, 16.21it/s]
Testing: 100%|██████████| 79/79 [00:01<00:00, 41.16it/s]
Train Loss: 0.015 | Train Acc: 0.48
Test Loss: 0.016 | Test Acc: 0.45
Best Acc: 0.45

Epoch: 26
Training: 100%|██████████| 391/391 [00:24<00:00, 15.99it/s]
Testing: 100%|██████████| 79/79 [00:01<00:00, 41.12it/s]
Train Loss: 0.015 | Train Acc: 0.48
Test Loss: 0.015 | Test Acc: 0.46
Best Acc: 0.46

Epoch: 27
Training: 100%|██████████| 391/391 [00:24<00:00, 16.20it/s]
Testing: 100%|██████████| 79/79 [00:01<00:00, 41.30it/s]
Train Loss: 0.015 | Train Acc: 0.48
Test Loss: 0.015 | Test Acc: 0.46
Best Acc: 0.46

Epoch: 28
Training: 100%|██████████| 391/391 [00:24<00:00, 16.07it/s]
Testing: 100%|██████████| 79/79 [00:01<00:00, 42.03it/s]
Train Loss: 0.014 | Train Acc: 0.48
Test Loss: 0.015 | Test Acc: 0.46
Best Acc: 0.46

Epoch: 29
Training: 100%|██████████| 391/391 [00:24<00:00, 16.18it/s]
Testing: 100%|██████████| 79/79 [00:01<00:00, 42.05it/s]
Train Loss: 0.014 | Train Acc: 0.49
Test Loss: 0.015 | Test Acc: 0.46
Best Acc: 0.46

Epoch: 30
Training: 100%|██████████| 391/391 [00:24<00:00, 16.06it/s]
Testing: 100%|██████████| 79/79 [00:01<00:00, 39.59it/s]
Train Loss: 0.014 | Train Acc: 0.49
Test Loss: 0.015 | Test Acc: 0.47
Best Acc: 0.47

Epoch: 31
Training: 100%|██████████| 391/391 [00:24<00:00, 16.17it/s]
Testing: 100%|██████████| 79/79 [00:01<00:00, 41.20it/s]
Train Loss: 0.014 | Train Acc: 0.49
Test Loss: 0.015 | Test Acc: 0.46
Best Acc: 0.47

Epoch: 32
Training: 100%|██████████| 391/391 [00:24<00:00, 16.21it/s]
Testing: 100%|██████████| 79/79 [00:02<00:00, 36.99it/s]
Train Loss: 0.014 | Train Acc: 0.49
Test Loss: 0.015 | Test Acc: 0.47
Best Acc: 0.47

Epoch: 33
Training: 100%|██████████| 391/391 [00:24<00:00, 16.22it/s]
Testing: 100%|██████████| 79/79 [00:02<00:00, 39.32it/s]
Train Loss: 0.014 | Train Acc: 0.49
Test Loss: 0.014 | Test Acc: 0.47
Best Acc: 0.47

Epoch: 34
Training: 100%|██████████| 391/391 [00:24<00:00, 16.17it/s]
Testing: 100%|██████████| 79/79 [00:01<00:00, 40.16it/s]
Train Loss: 0.013 | Train Acc: 0.50
Test Loss: 0.014 | Test Acc: 0.47
Best Acc: 0.47

Epoch: 35
Training: 100%|██████████| 391/391 [00:24<00:00, 16.07it/s]
Testing: 100%|██████████| 79/79 [00:01<00:00, 42.10it/s]
Train Loss: 0.013 | Train Acc: 0.49
Test Loss: 0.014 | Test Acc: 0.47
Best Acc: 0.47

Epoch: 36
Training: 100%|██████████| 391/391 [00:24<00:00, 16.18it/s]
Testing: 100%|██████████| 79/79 [00:02<00:00, 39.41it/s]
Train Loss: 0.013 | Train Acc: 0.50
Test Loss: 0.014 | Test Acc: 0.47
Best Acc: 0.47

Epoch: 37
Training: 100%|██████████| 391/391 [00:24<00:00, 16.06it/s]
Testing: 100%|██████████| 79/79 [00:02<00:00, 39.03it/s]
Train Loss: 0.013 | Train Acc: 0.50
Test Loss: 0.014 | Test Acc: 0.47
Best Acc: 0.47

Epoch: 38
Training: 100%|██████████| 391/391 [00:24<00:00, 16.22it/s]
Testing: 100%|██████████| 79/79 [00:01<00:00, 40.90it/s]
Train Loss: 0.013 | Train Acc: 0.50
Test Loss: 0.014 | Test Acc: 0.47
Best Acc: 0.47

Epoch: 39
Training: 100%|██████████| 391/391 [00:24<00:00, 16.04it/s]
Testing: 100%|██████████| 79/79 [00:01<00:00, 43.51it/s]
Train Loss: 0.013 | Train Acc: 0.50
Test Loss: 0.014 | Test Acc: 0.47
Best Acc: 0.47

Epoch: 40
Training: 100%|██████████| 391/391 [00:24<00:00, 16.22it/s]
Testing: 100%|██████████| 79/79 [00:01<00:00, 40.55it/s]
Train Loss: 0.013 | Train Acc: 0.50
Test Loss: 0.014 | Test Acc: 0.47
Best Acc: 0.47

Epoch: 41
Training: 100%|██████████| 391/391 [00:24<00:00, 16.02it/s]
Testing: 100%|██████████| 79/79 [00:01<00:00, 41.69it/s]
Train Loss: 0.013 | Train Acc: 0.50
Test Loss: 0.014 | Test Acc: 0.48
Best Acc: 0.48

Epoch: 42
Training: 100%|██████████| 391/391 [00:24<00:00, 16.22it/s]
Testing: 100%|██████████| 79/79 [00:01<00:00, 43.40it/s]
Train Loss: 0.013 | Train Acc: 0.50
Test Loss: 0.014 | Test Acc: 0.48
Best Acc: 0.48

Epoch: 43
Training: 100%|██████████| 391/391 [00:24<00:00, 16.07it/s]
Testing: 100%|██████████| 79/79 [00:01<00:00, 40.30it/s]
Train Loss: 0.013 | Train Acc: 0.50
Test Loss: 0.014 | Test Acc: 0.48
Best Acc: 0.48

Epoch: 44
Training: 100%|██████████| 391/391 [00:24<00:00, 16.19it/s]
Testing: 100%|██████████| 79/79 [00:01<00:00, 43.14it/s]
Train Loss: 0.013 | Train Acc: 0.50
Test Loss: 0.014 | Test Acc: 0.48
Best Acc: 0.48

Epoch: 45
Training: 100%|██████████| 391/391 [00:24<00:00, 16.07it/s]
Testing: 100%|██████████| 79/79 [00:01<00:00, 40.12it/s]
Train Loss: 0.013 | Train Acc: 0.50
Test Loss: 0.014 | Test Acc: 0.48
Best Acc: 0.48

Epoch: 46
Training: 100%|██████████| 391/391 [00:24<00:00, 16.21it/s]
Testing: 100%|██████████| 79/79 [00:01<00:00, 42.07it/s]
Train Loss: 0.013 | Train Acc: 0.50
Test Loss: 0.014 | Test Acc: 0.48
Best Acc: 0.48

Epoch: 47
Training: 100%|██████████| 391/391 [00:24<00:00, 16.04it/s]
Testing: 100%|██████████| 79/79 [00:01<00:00, 42.39it/s]
Train Loss: 0.013 | Train Acc: 0.50
Test Loss: 0.014 | Test Acc: 0.48
Best Acc: 0.48

Epoch: 48
Training: 100%|██████████| 391/391 [00:24<00:00, 16.18it/s]
Testing: 100%|██████████| 79/79 [00:01<00:00, 39.71it/s]
Train Loss: 0.013 | Train Acc: 0.50
Test Loss: 0.014 | Test Acc: 0.48
Best Acc: 0.48

Epoch: 49
Training: 100%|██████████| 391/391 [00:24<00:00, 16.20it/s]
Testing: 100%|██████████| 79/79 [00:02<00:00, 36.40it/s]
Train Loss: 0.013 | Train Acc: 0.50
Test Loss: 0.014 | Test Acc: 0.48
Best Acc: 0.48

Epoch: 50
Training: 100%|██████████| 391/391 [00:24<00:00, 16.20it/s]
Testing: 100%|██████████| 79/79 [00:01<00:00, 40.44it/s]
Train Loss: 0.013 | Train Acc: 0.51
Test Loss: 0.014 | Test Acc: 0.48
Best Acc: 0.48
