Downloading https://www.cs.toronto.edu/~kriz/cifar-10-python.tar.gz to ./data/cifar-10-python.tar.gz
100%|██████████| 170M/170M [00:03<00:00, 48.7MB/s] 
Extracting ./data/cifar-10-python.tar.gz to ./data
20000 Noisy samples
Class 0, number of noisy  2000
Class 1, number of noisy  2000
Class 2, number of noisy  2000
Class 3, number of noisy  2000
Class 4, number of noisy  2000
Class 5, number of noisy  2000
Class 6, number of noisy  2000
Class 7, number of noisy  2000
Class 8, number of noisy  2000
Class 9, number of noisy  2000
20000
Print noisy label generation statistics:
Noisy class 0, has 4991 samples.
Noisy class 1, has 5026 samples.
Noisy class 2, has 4987 samples.
Noisy class 3, has 5025 samples.
Noisy class 4, has 5045 samples.
Noisy class 5, has 4962 samples.
Noisy class 6, has 4969 samples.
Noisy class 7, has 5050 samples.
Noisy class 8, has 4984 samples.
Noisy class 9, has 4961 samples.
Files already downloaded and verified
Num of train 50000
Num of test 10000

Epoch: 1
Training: 100%|██████████| 391/391 [00:25<00:00, 15.25it/s]
Testing: 100%|██████████| 79/79 [00:01<00:00, 40.78it/s]
Train Loss: 0.901 | Train Acc: 0.19
Test Loss: 0.686 | Test Acc: 0.38
Best Acc: 0.38

Epoch: 2
Training: 100%|██████████| 391/391 [00:24<00:00, 15.98it/s]
Testing: 100%|██████████| 79/79 [00:02<00:00, 38.43it/s]
Train Loss: 0.811 | Train Acc: 0.27
Test Loss: 0.606 | Test Acc: 0.44
Best Acc: 0.44

Epoch: 3
Training: 100%|██████████| 391/391 [00:25<00:00, 15.55it/s]
Testing: 100%|██████████| 79/79 [00:02<00:00, 36.43it/s]
Train Loss: 0.775 | Train Acc: 0.30
Test Loss: 0.570 | Test Acc: 0.47
Best Acc: 0.47

Epoch: 4
Training: 100%|██████████| 391/391 [00:24<00:00, 15.97it/s]
Testing: 100%|██████████| 79/79 [00:01<00:00, 39.98it/s]
Train Loss: 0.751 | Train Acc: 0.32
Test Loss: 0.549 | Test Acc: 0.49
Best Acc: 0.49

Epoch: 5
Training: 100%|██████████| 391/391 [00:24<00:00, 15.79it/s]
Testing: 100%|██████████| 79/79 [00:02<00:00, 36.81it/s]
Train Loss: 0.727 | Train Acc: 0.34
Test Loss: 0.493 | Test Acc: 0.54
Best Acc: 0.54

Epoch: 6
Training: 100%|██████████| 391/391 [00:24<00:00, 15.96it/s]
Testing: 100%|██████████| 79/79 [00:01<00:00, 41.74it/s]
Train Loss: 0.711 | Train Acc: 0.35
Test Loss: 0.452 | Test Acc: 0.58
Best Acc: 0.58

Epoch: 7
Training: 100%|██████████| 391/391 [00:24<00:00, 15.80it/s]
Testing: 100%|██████████| 79/79 [00:01<00:00, 41.06it/s]
Train Loss: 0.692 | Train Acc: 0.37
Test Loss: 0.431 | Test Acc: 0.60
Best Acc: 0.60

Epoch: 8
Training: 100%|██████████| 391/391 [00:24<00:00, 15.94it/s]
Testing: 100%|██████████| 79/79 [00:01<00:00, 41.19it/s]
Train Loss: 0.680 | Train Acc: 0.38
Test Loss: 0.417 | Test Acc: 0.61
Best Acc: 0.61

Epoch: 9
Training: 100%|██████████| 391/391 [00:24<00:00, 15.83it/s]
Testing: 100%|██████████| 79/79 [00:01<00:00, 41.50it/s]
Train Loss: 0.667 | Train Acc: 0.39
Test Loss: 0.390 | Test Acc: 0.63
Best Acc: 0.63

Epoch: 10
Training: 100%|██████████| 391/391 [00:24<00:00, 16.01it/s]
Testing: 100%|██████████| 79/79 [00:02<00:00, 37.38it/s]
Train Loss: 0.657 | Train Acc: 0.40
Test Loss: 0.399 | Test Acc: 0.63
Best Acc: 0.63

Epoch: 11
Training: 100%|██████████| 391/391 [00:24<00:00, 15.78it/s]
Testing: 100%|██████████| 79/79 [00:01<00:00, 41.02it/s]
Train Loss: 0.647 | Train Acc: 0.41
Test Loss: 0.377 | Test Acc: 0.65
Best Acc: 0.65

Epoch: 12
Training: 100%|██████████| 391/391 [00:24<00:00, 16.00it/s]
Testing: 100%|██████████| 79/79 [00:02<00:00, 37.38it/s]
Train Loss: 0.639 | Train Acc: 0.42
Test Loss: 0.377 | Test Acc: 0.64
Best Acc: 0.65

Epoch: 13
Training: 100%|██████████| 391/391 [00:24<00:00, 15.80it/s]
Testing: 100%|██████████| 79/79 [00:01<00:00, 42.54it/s]
Train Loss: 0.634 | Train Acc: 0.42
Test Loss: 0.346 | Test Acc: 0.68
Best Acc: 0.68

Epoch: 14
Training: 100%|██████████| 391/391 [00:24<00:00, 15.98it/s]
Testing: 100%|██████████| 79/79 [00:02<00:00, 38.44it/s]
Train Loss: 0.622 | Train Acc: 0.44
Test Loss: 0.334 | Test Acc: 0.69
Best Acc: 0.69

Epoch: 15
Training: 100%|██████████| 391/391 [00:24<00:00, 15.97it/s]
Testing: 100%|██████████| 79/79 [00:02<00:00, 34.99it/s]
Train Loss: 0.616 | Train Acc: 0.44
Test Loss: 0.326 | Test Acc: 0.69
Best Acc: 0.69

Epoch: 16
Training: 100%|██████████| 391/391 [00:24<00:00, 15.94it/s]
Testing: 100%|██████████| 79/79 [00:02<00:00, 37.18it/s]
Train Loss: 0.610 | Train Acc: 0.45
Test Loss: 0.325 | Test Acc: 0.70
Best Acc: 0.70

Epoch: 17
Training: 100%|██████████| 391/391 [00:24<00:00, 15.96it/s]
Testing: 100%|██████████| 79/79 [00:01<00:00, 40.23it/s]
Train Loss: 0.603 | Train Acc: 0.45
Test Loss: 0.317 | Test Acc: 0.70
Best Acc: 0.70

Epoch: 18
Training: 100%|██████████| 391/391 [00:24<00:00, 15.79it/s]
Testing: 100%|██████████| 79/79 [00:02<00:00, 37.52it/s]
Train Loss: 0.597 | Train Acc: 0.46
Test Loss: 0.303 | Test Acc: 0.72
Best Acc: 0.72

Epoch: 19
Training: 100%|██████████| 391/391 [00:24<00:00, 15.98it/s]
Testing: 100%|██████████| 79/79 [00:02<00:00, 39.33it/s]
Train Loss: 0.593 | Train Acc: 0.46
Test Loss: 0.282 | Test Acc: 0.74
Best Acc: 0.74

Epoch: 20
Training: 100%|██████████| 391/391 [00:24<00:00, 15.82it/s]
Testing: 100%|██████████| 79/79 [00:01<00:00, 40.03it/s]
Train Loss: 0.586 | Train Acc: 0.47
Test Loss: 0.292 | Test Acc: 0.73
Best Acc: 0.74

Epoch: 21
Training: 100%|██████████| 391/391 [00:24<00:00, 15.96it/s]
Testing: 100%|██████████| 79/79 [00:01<00:00, 40.42it/s]
Train Loss: 0.583 | Train Acc: 0.47
Test Loss: 0.279 | Test Acc: 0.74
Best Acc: 0.74

Epoch: 22
Training: 100%|██████████| 391/391 [00:24<00:00, 15.82it/s]
Testing: 100%|██████████| 79/79 [00:01<00:00, 41.88it/s]
Train Loss: 0.577 | Train Acc: 0.48
Test Loss: 0.273 | Test Acc: 0.74
Best Acc: 0.74

Epoch: 23
Training: 100%|██████████| 391/391 [00:24<00:00, 15.99it/s]
Testing: 100%|██████████| 79/79 [00:02<00:00, 37.33it/s]
Train Loss: 0.573 | Train Acc: 0.48
Test Loss: 0.277 | Test Acc: 0.74
Best Acc: 0.74

Epoch: 24
Training: 100%|██████████| 391/391 [00:24<00:00, 15.81it/s]
Testing: 100%|██████████| 79/79 [00:02<00:00, 38.83it/s]
Train Loss: 0.569 | Train Acc: 0.48
Test Loss: 0.261 | Test Acc: 0.75
Best Acc: 0.75

Epoch: 25
Training: 100%|██████████| 391/391 [00:24<00:00, 15.98it/s]
Testing: 100%|██████████| 79/79 [00:01<00:00, 42.14it/s]
Train Loss: 0.565 | Train Acc: 0.49
Test Loss: 0.250 | Test Acc: 0.76
Best Acc: 0.76

Epoch: 26
Training: 100%|██████████| 391/391 [00:24<00:00, 15.80it/s]
Testing: 100%|██████████| 79/79 [00:02<00:00, 37.96it/s]
Train Loss: 0.560 | Train Acc: 0.49
Test Loss: 0.247 | Test Acc: 0.77
Best Acc: 0.77

Epoch: 27
Training: 100%|██████████| 391/391 [00:24<00:00, 15.98it/s]
Testing: 100%|██████████| 79/79 [00:01<00:00, 41.30it/s]
Train Loss: 0.556 | Train Acc: 0.50
Test Loss: 0.241 | Test Acc: 0.77
Best Acc: 0.77

Epoch: 28
Training: 100%|██████████| 391/391 [00:24<00:00, 15.81it/s]
Testing: 100%|██████████| 79/79 [00:01<00:00, 42.38it/s]
Train Loss: 0.554 | Train Acc: 0.50
Test Loss: 0.251 | Test Acc: 0.77
Best Acc: 0.77

Epoch: 29
Training: 100%|██████████| 391/391 [00:24<00:00, 15.95it/s]
Testing: 100%|██████████| 79/79 [00:02<00:00, 38.48it/s]
Train Loss: 0.549 | Train Acc: 0.50
Test Loss: 0.240 | Test Acc: 0.78
Best Acc: 0.78

Epoch: 30
Training: 100%|██████████| 391/391 [00:24<00:00, 15.83it/s]
Testing: 100%|██████████| 79/79 [00:01<00:00, 40.88it/s]
Train Loss: 0.547 | Train Acc: 0.50
Test Loss: 0.232 | Test Acc: 0.78
Best Acc: 0.78

Epoch: 31
Training: 100%|██████████| 391/391 [00:24<00:00, 15.94it/s]
Testing: 100%|██████████| 79/79 [00:01<00:00, 39.75it/s]
Train Loss: 0.543 | Train Acc: 0.51
Test Loss: 0.229 | Test Acc: 0.78
Best Acc: 0.78

Epoch: 32
Training: 100%|██████████| 391/391 [00:24<00:00, 15.99it/s]
Testing: 100%|██████████| 79/79 [00:02<00:00, 34.83it/s]
Train Loss: 0.539 | Train Acc: 0.51
Test Loss: 0.224 | Test Acc: 0.79
Best Acc: 0.79

Epoch: 33
Training: 100%|██████████| 391/391 [00:24<00:00, 15.93it/s]
Testing: 100%|██████████| 79/79 [00:02<00:00, 38.14it/s]
Train Loss: 0.537 | Train Acc: 0.51
Test Loss: 0.226 | Test Acc: 0.79
Best Acc: 0.79

Epoch: 34
Training: 100%|██████████| 391/391 [00:24<00:00, 15.96it/s]
Testing: 100%|██████████| 79/79 [00:01<00:00, 39.59it/s]
Train Loss: 0.536 | Train Acc: 0.52
Test Loss: 0.225 | Test Acc: 0.79
Best Acc: 0.79

Epoch: 35
Training: 100%|██████████| 391/391 [00:24<00:00, 15.83it/s]
Testing: 100%|██████████| 79/79 [00:01<00:00, 40.43it/s]
Train Loss: 0.533 | Train Acc: 0.52
Test Loss: 0.221 | Test Acc: 0.79
Best Acc: 0.79

Epoch: 36
Training: 100%|██████████| 391/391 [00:24<00:00, 15.96it/s]
Testing: 100%|██████████| 79/79 [00:02<00:00, 39.00it/s]
Train Loss: 0.530 | Train Acc: 0.52
Test Loss: 0.218 | Test Acc: 0.80
Best Acc: 0.80

Epoch: 37
Training: 100%|██████████| 391/391 [00:24<00:00, 15.86it/s]
Testing: 100%|██████████| 79/79 [00:02<00:00, 37.42it/s]
Train Loss: 0.528 | Train Acc: 0.52
Test Loss: 0.220 | Test Acc: 0.80
Best Acc: 0.80

Epoch: 38
Training: 100%|██████████| 391/391 [00:24<00:00, 15.99it/s]
Testing: 100%|██████████| 79/79 [00:01<00:00, 41.79it/s]
Train Loss: 0.526 | Train Acc: 0.53
Test Loss: 0.215 | Test Acc: 0.80
Best Acc: 0.80

Epoch: 39
Training: 100%|██████████| 391/391 [00:24<00:00, 15.79it/s]
Testing: 100%|██████████| 79/79 [00:02<00:00, 36.71it/s]
Train Loss: 0.526 | Train Acc: 0.53
Test Loss: 0.210 | Test Acc: 0.81
Best Acc: 0.81

Epoch: 40
Training: 100%|██████████| 391/391 [00:24<00:00, 15.92it/s]
Testing: 100%|██████████| 79/79 [00:02<00:00, 37.57it/s]
Train Loss: 0.523 | Train Acc: 0.53
Test Loss: 0.211 | Test Acc: 0.80
Best Acc: 0.81

Epoch: 41
Training: 100%|██████████| 391/391 [00:24<00:00, 15.77it/s]
Testing: 100%|██████████| 79/79 [00:01<00:00, 40.98it/s]
Train Loss: 0.520 | Train Acc: 0.53
Test Loss: 0.208 | Test Acc: 0.81
Best Acc: 0.81

Epoch: 42
Training: 100%|██████████| 391/391 [00:24<00:00, 15.95it/s]
Testing: 100%|██████████| 79/79 [00:02<00:00, 36.33it/s]
Train Loss: 0.520 | Train Acc: 0.53
Test Loss: 0.209 | Test Acc: 0.81
Best Acc: 0.81

Epoch: 43
Training: 100%|██████████| 391/391 [00:24<00:00, 15.82it/s]
Testing: 100%|██████████| 79/79 [00:02<00:00, 38.99it/s]
Train Loss: 0.518 | Train Acc: 0.53
Test Loss: 0.208 | Test Acc: 0.81
Best Acc: 0.81

Epoch: 44
Training: 100%|██████████| 391/391 [00:24<00:00, 15.93it/s]
Testing: 100%|██████████| 79/79 [00:01<00:00, 41.20it/s]
Train Loss: 0.517 | Train Acc: 0.53
Test Loss: 0.208 | Test Acc: 0.81
Best Acc: 0.81

Epoch: 45
Training: 100%|██████████| 391/391 [00:24<00:00, 15.81it/s]
Testing: 100%|██████████| 79/79 [00:01<00:00, 39.85it/s]
Train Loss: 0.515 | Train Acc: 0.54
Test Loss: 0.206 | Test Acc: 0.81
Best Acc: 0.81

Epoch: 46
Training: 100%|██████████| 391/391 [00:24<00:00, 16.03it/s]
Testing: 100%|██████████| 79/79 [00:01<00:00, 40.00it/s]
Train Loss: 0.515 | Train Acc: 0.54
Test Loss: 0.207 | Test Acc: 0.81
Best Acc: 0.81

Epoch: 47
Training: 100%|██████████| 391/391 [00:24<00:00, 15.82it/s]
Testing: 100%|██████████| 79/79 [00:01<00:00, 42.27it/s]
Train Loss: 0.515 | Train Acc: 0.54
Test Loss: 0.206 | Test Acc: 0.81
Best Acc: 0.81

Epoch: 48
Training: 100%|██████████| 391/391 [00:24<00:00, 16.01it/s]
Testing: 100%|██████████| 79/79 [00:02<00:00, 38.51it/s]
Train Loss: 0.513 | Train Acc: 0.54
Test Loss: 0.206 | Test Acc: 0.81
Best Acc: 0.81

Epoch: 49
Training: 100%|██████████| 391/391 [00:24<00:00, 15.96it/s]
Testing: 100%|██████████| 79/79 [00:02<00:00, 35.38it/s]
Train Loss: 0.514 | Train Acc: 0.54
Test Loss: 0.207 | Test Acc: 0.81
Best Acc: 0.81

Epoch: 50
Training: 100%|██████████| 391/391 [00:24<00:00, 16.01it/s]
Testing: 100%|██████████| 79/79 [00:01<00:00, 40.67it/s]
Train Loss: 0.514 | Train Acc: 0.54
Test Loss: 0.206 | Test Acc: 0.81
Best Acc: 0.81
