Downloading https://www.cs.toronto.edu/~kriz/cifar-10-python.tar.gz to ./data/cifar-10-python.tar.gz
100%|██████████| 170M/170M [00:04<00:00, 42.1MB/s] 
Extracting ./data/cifar-10-python.tar.gz to ./data
10000 Noisy samples
Class 0, number of noisy  1000
Class 1, number of noisy  1000
Class 2, number of noisy  1000
Class 3, number of noisy  1000
Class 4, number of noisy  1000
Class 5, number of noisy  1000
Class 6, number of noisy  1000
Class 7, number of noisy  1000
Class 8, number of noisy  1000
Class 9, number of noisy  1000
10000
Print noisy label generation statistics:
Noisy class 0, has 4982 samples.
Noisy class 1, has 5002 samples.
Noisy class 2, has 5010 samples.
Noisy class 3, has 5046 samples.
Noisy class 4, has 4996 samples.
Noisy class 5, has 5030 samples.
Noisy class 6, has 4937 samples.
Noisy class 7, has 5019 samples.
Noisy class 8, has 4993 samples.
Noisy class 9, has 4985 samples.
Files already downloaded and verified
Num of train 50000
Num of test 10000

Epoch: 1
Training: 100%|██████████| 391/391 [00:25<00:00, 15.41it/s]
Testing: 100%|██████████| 79/79 [00:01<00:00, 40.77it/s]
Train Loss: 1.828 | Train Acc: 0.32%
Test Loss: 1.370 | Test Acc: 0.44%
Best Acc: 0.44

Epoch: 2
Training: 100%|██████████| 391/391 [00:24<00:00, 16.18it/s]
Testing: 100%|██████████| 79/79 [00:01<00:00, 41.05it/s]
Train Loss: 1.614 | Train Acc: 0.42%
Test Loss: 1.131 | Test Acc: 0.56%
Best Acc: 0.56

Epoch: 3
Training: 100%|██████████| 391/391 [00:24<00:00, 15.76it/s]
Testing: 100%|██████████| 79/79 [00:01<00:00, 43.30it/s]
Train Loss: 1.495 | Train Acc: 0.48%
Test Loss: 1.068 | Test Acc: 0.60%
Best Acc: 0.60

Epoch: 4
Training: 100%|██████████| 391/391 [00:24<00:00, 16.13it/s]
Testing: 100%|██████████| 79/79 [00:01<00:00, 40.85it/s]
Train Loss: 1.424 | Train Acc: 0.52%
Test Loss: 0.964 | Test Acc: 0.65%
Best Acc: 0.65

Epoch: 5
Training: 100%|██████████| 391/391 [00:24<00:00, 15.98it/s]
Testing: 100%|██████████| 79/79 [00:01<00:00, 42.38it/s]
Train Loss: 1.371 | Train Acc: 0.55%
Test Loss: 0.921 | Test Acc: 0.68%
Best Acc: 0.68

Epoch: 6
Training: 100%|██████████| 391/391 [00:24<00:00, 16.10it/s]
Testing: 100%|██████████| 79/79 [00:01<00:00, 41.95it/s]
Train Loss: 1.321 | Train Acc: 0.57%
Test Loss: 0.875 | Test Acc: 0.69%
Best Acc: 0.69

Epoch: 7
Training: 100%|██████████| 391/391 [00:24<00:00, 15.90it/s]
Testing: 100%|██████████| 79/79 [00:02<00:00, 38.49it/s]
Train Loss: 1.286 | Train Acc: 0.58%
Test Loss: 0.912 | Test Acc: 0.67%
Best Acc: 0.69

Epoch: 8
Training: 100%|██████████| 391/391 [00:24<00:00, 16.08it/s]
Testing: 100%|██████████| 79/79 [00:01<00:00, 41.36it/s]
Train Loss: 1.255 | Train Acc: 0.60%
Test Loss: 0.772 | Test Acc: 0.74%
Best Acc: 0.74

Epoch: 9
Training: 100%|██████████| 391/391 [00:24<00:00, 15.88it/s]
Testing: 100%|██████████| 79/79 [00:02<00:00, 38.42it/s]
Train Loss: 1.216 | Train Acc: 0.62%
Test Loss: 0.775 | Test Acc: 0.75%
Best Acc: 0.75

Epoch: 10
Training: 100%|██████████| 391/391 [00:24<00:00, 15.95it/s]
Testing: 100%|██████████| 79/79 [00:01<00:00, 39.90it/s]
Train Loss: 1.193 | Train Acc: 0.63%
Test Loss: 0.705 | Test Acc: 0.77%
Best Acc: 0.77

Epoch: 11
Training: 100%|██████████| 391/391 [00:24<00:00, 15.77it/s]
Testing: 100%|██████████| 79/79 [00:01<00:00, 42.35it/s]
Train Loss: 1.174 | Train Acc: 0.63%
Test Loss: 0.689 | Test Acc: 0.76%
Best Acc: 0.77

Epoch: 12
Training: 100%|██████████| 391/391 [00:24<00:00, 15.96it/s]
Testing: 100%|██████████| 79/79 [00:01<00:00, 39.82it/s]
Train Loss: 1.154 | Train Acc: 0.64%
Test Loss: 0.692 | Test Acc: 0.79%
Best Acc: 0.79

Epoch: 13
Training: 100%|██████████| 391/391 [00:24<00:00, 15.75it/s]
Testing: 100%|██████████| 79/79 [00:02<00:00, 38.76it/s]
Train Loss: 1.134 | Train Acc: 0.65%
Test Loss: 0.721 | Test Acc: 0.78%
Best Acc: 0.79

Epoch: 14
Training: 100%|██████████| 391/391 [00:24<00:00, 15.92it/s]
Testing: 100%|██████████| 79/79 [00:02<00:00, 37.13it/s]
Train Loss: 1.116 | Train Acc: 0.66%
Test Loss: 0.688 | Test Acc: 0.79%
Best Acc: 0.79

Epoch: 15
Training: 100%|██████████| 391/391 [00:24<00:00, 15.95it/s]
Testing: 100%|██████████| 79/79 [00:02<00:00, 36.48it/s]
Train Loss: 1.097 | Train Acc: 0.66%
Test Loss: 0.659 | Test Acc: 0.79%
Best Acc: 0.79

Epoch: 16
Training: 100%|██████████| 391/391 [00:24<00:00, 15.91it/s]
Testing: 100%|██████████| 79/79 [00:01<00:00, 41.01it/s]
Train Loss: 1.079 | Train Acc: 0.67%
Test Loss: 0.655 | Test Acc: 0.79%
Best Acc: 0.79

Epoch: 17
Training: 100%|██████████| 391/391 [00:24<00:00, 15.96it/s]
Testing: 100%|██████████| 79/79 [00:01<00:00, 41.90it/s]
Train Loss: 1.065 | Train Acc: 0.68%
Test Loss: 0.643 | Test Acc: 0.81%
Best Acc: 0.81

Epoch: 18
Training: 100%|██████████| 391/391 [00:24<00:00, 15.99it/s]
Testing: 100%|██████████| 79/79 [00:01<00:00, 43.25it/s]
Train Loss: 1.047 | Train Acc: 0.68%
Test Loss: 0.671 | Test Acc: 0.79%
Best Acc: 0.81

Epoch: 19
Training: 100%|██████████| 391/391 [00:24<00:00, 16.15it/s]
Testing: 100%|██████████| 79/79 [00:01<00:00, 42.95it/s]
Train Loss: 1.031 | Train Acc: 0.69%
Test Loss: 0.627 | Test Acc: 0.81%
Best Acc: 0.81

Epoch: 20
Training: 100%|██████████| 391/391 [00:24<00:00, 15.89it/s]
Testing: 100%|██████████| 79/79 [00:01<00:00, 42.49it/s]
Train Loss: 1.013 | Train Acc: 0.69%
Test Loss: 0.647 | Test Acc: 0.80%
Best Acc: 0.81

Epoch: 21
Training: 100%|██████████| 391/391 [00:24<00:00, 15.98it/s]
Testing: 100%|██████████| 79/79 [00:01<00:00, 42.07it/s]
Train Loss: 1.001 | Train Acc: 0.69%
Test Loss: 0.667 | Test Acc: 0.80%
Best Acc: 0.81

Epoch: 22
Training: 100%|██████████| 391/391 [00:24<00:00, 15.96it/s]
Testing: 100%|██████████| 79/79 [00:01<00:00, 40.58it/s]
Train Loss: 0.983 | Train Acc: 0.70%
Test Loss: 0.609 | Test Acc: 0.81%
Best Acc: 0.81

Epoch: 23
Training: 100%|██████████| 391/391 [00:24<00:00, 16.14it/s]
Testing: 100%|██████████| 79/79 [00:02<00:00, 38.59it/s]
Train Loss: 0.969 | Train Acc: 0.70%
Test Loss: 0.604 | Test Acc: 0.81%
Best Acc: 0.81

Epoch: 24
Training: 100%|██████████| 391/391 [00:24<00:00, 15.97it/s]
Testing: 100%|██████████| 79/79 [00:01<00:00, 42.84it/s]
Train Loss: 0.948 | Train Acc: 0.71%
Test Loss: 0.644 | Test Acc: 0.80%
Best Acc: 0.81

Epoch: 25
Training: 100%|██████████| 391/391 [00:24<00:00, 16.16it/s]
Testing: 100%|██████████| 79/79 [00:01<00:00, 43.06it/s]
Train Loss: 0.932 | Train Acc: 0.71%
Test Loss: 0.566 | Test Acc: 0.82%
Best Acc: 0.82

Epoch: 26
Training: 100%|██████████| 391/391 [00:24<00:00, 15.98it/s]
Testing: 100%|██████████| 79/79 [00:01<00:00, 43.15it/s]
Train Loss: 0.921 | Train Acc: 0.71%
Test Loss: 0.604 | Test Acc: 0.82%
Best Acc: 0.82

Epoch: 27
Training: 100%|██████████| 391/391 [00:24<00:00, 16.17it/s]
Testing: 100%|██████████| 79/79 [00:01<00:00, 41.67it/s]
Train Loss: 0.896 | Train Acc: 0.72%
Test Loss: 0.619 | Test Acc: 0.81%
Best Acc: 0.82

Epoch: 28
Training: 100%|██████████| 391/391 [00:24<00:00, 16.01it/s]
Testing: 100%|██████████| 79/79 [00:01<00:00, 39.59it/s]
Train Loss: 0.883 | Train Acc: 0.72%
Test Loss: 0.580 | Test Acc: 0.82%
Best Acc: 0.82

Epoch: 29
Training: 100%|██████████| 391/391 [00:24<00:00, 16.08it/s]
Testing: 100%|██████████| 79/79 [00:01<00:00, 42.67it/s]
Train Loss: 0.859 | Train Acc: 0.73%
Test Loss: 0.613 | Test Acc: 0.80%
Best Acc: 0.82

Epoch: 30
Training: 100%|██████████| 391/391 [00:24<00:00, 15.95it/s]
Testing: 100%|██████████| 79/79 [00:01<00:00, 39.63it/s]
Train Loss: 0.842 | Train Acc: 0.73%
Test Loss: 0.606 | Test Acc: 0.80%
Best Acc: 0.82

Epoch: 31
Training: 100%|██████████| 391/391 [00:24<00:00, 16.10it/s]
Testing: 100%|██████████| 79/79 [00:01<00:00, 42.10it/s]
Train Loss: 0.826 | Train Acc: 0.74%
Test Loss: 0.575 | Test Acc: 0.81%
Best Acc: 0.82

Epoch: 32
Training: 100%|██████████| 391/391 [00:24<00:00, 16.15it/s]
Testing: 100%|██████████| 79/79 [00:02<00:00, 37.91it/s]
Train Loss: 0.803 | Train Acc: 0.74%
Test Loss: 0.591 | Test Acc: 0.81%
Best Acc: 0.82

Epoch: 33
Training: 100%|██████████| 391/391 [00:24<00:00, 16.16it/s]
Testing: 100%|██████████| 79/79 [00:02<00:00, 39.40it/s]
Train Loss: 0.783 | Train Acc: 0.74%
Test Loss: 0.644 | Test Acc: 0.79%
Best Acc: 0.82

Epoch: 34
Training: 100%|██████████| 391/391 [00:24<00:00, 16.13it/s]
Testing: 100%|██████████| 79/79 [00:01<00:00, 41.90it/s]
Train Loss: 0.766 | Train Acc: 0.75%
Test Loss: 0.650 | Test Acc: 0.79%
Best Acc: 0.82

Epoch: 35
Training: 100%|██████████| 391/391 [00:24<00:00, 16.01it/s]
Testing: 100%|██████████| 79/79 [00:01<00:00, 43.29it/s]
Train Loss: 0.738 | Train Acc: 0.75%
Test Loss: 0.598 | Test Acc: 0.80%
Best Acc: 0.82

Epoch: 36
Training: 100%|██████████| 391/391 [00:24<00:00, 16.07it/s]
Testing: 100%|██████████| 79/79 [00:01<00:00, 42.46it/s]
Train Loss: 0.716 | Train Acc: 0.76%
Test Loss: 0.572 | Test Acc: 0.81%
Best Acc: 0.82

Epoch: 37
Training: 100%|██████████| 391/391 [00:24<00:00, 15.98it/s]
Testing: 100%|██████████| 79/79 [00:01<00:00, 42.37it/s]
Train Loss: 0.701 | Train Acc: 0.76%
Test Loss: 0.605 | Test Acc: 0.80%
Best Acc: 0.82

Epoch: 38
Training: 100%|██████████| 391/391 [00:24<00:00, 16.17it/s]
Testing: 100%|██████████| 79/79 [00:01<00:00, 43.21it/s]
Train Loss: 0.678 | Train Acc: 0.77%
Test Loss: 0.600 | Test Acc: 0.80%
Best Acc: 0.82

Epoch: 39
Training: 100%|██████████| 391/391 [00:24<00:00, 15.98it/s]
Testing: 100%|██████████| 79/79 [00:01<00:00, 41.76it/s]
Train Loss: 0.658 | Train Acc: 0.77%
Test Loss: 0.615 | Test Acc: 0.80%
Best Acc: 0.82

Epoch: 40
Training: 100%|██████████| 391/391 [00:24<00:00, 16.15it/s]
Testing: 100%|██████████| 79/79 [00:02<00:00, 38.02it/s]
Train Loss: 0.639 | Train Acc: 0.78%
Test Loss: 0.597 | Test Acc: 0.79%
Best Acc: 0.82

Epoch: 41
Training: 100%|██████████| 391/391 [00:24<00:00, 15.78it/s]
Testing: 100%|██████████| 79/79 [00:01<00:00, 41.96it/s]
Train Loss: 0.618 | Train Acc: 0.78%
Test Loss: 0.614 | Test Acc: 0.79%
Best Acc: 0.82

Epoch: 42
Training: 100%|██████████| 391/391 [00:24<00:00, 15.94it/s]
Testing: 100%|██████████| 79/79 [00:01<00:00, 40.72it/s]
Train Loss: 0.605 | Train Acc: 0.79%
Test Loss: 0.598 | Test Acc: 0.80%
Best Acc: 0.82

Epoch: 43
Training: 100%|██████████| 391/391 [00:24<00:00, 15.80it/s]
Testing: 100%|██████████| 79/79 [00:02<00:00, 37.96it/s]
Train Loss: 0.589 | Train Acc: 0.79%
Test Loss: 0.605 | Test Acc: 0.79%
Best Acc: 0.82

Epoch: 44
Training: 100%|██████████| 391/391 [00:24<00:00, 15.92it/s]
Testing: 100%|██████████| 79/79 [00:02<00:00, 38.00it/s]
Train Loss: 0.579 | Train Acc: 0.80%
Test Loss: 0.600 | Test Acc: 0.80%
Best Acc: 0.82

Epoch: 45
Training: 100%|██████████| 391/391 [00:24<00:00, 15.79it/s]
Testing: 100%|██████████| 79/79 [00:01<00:00, 39.64it/s]
Train Loss: 0.567 | Train Acc: 0.80%
Test Loss: 0.619 | Test Acc: 0.79%
Best Acc: 0.82

Epoch: 46
Training: 100%|██████████| 391/391 [00:24<00:00, 15.95it/s]
Testing: 100%|██████████| 79/79 [00:02<00:00, 37.81it/s]
Train Loss: 0.559 | Train Acc: 0.80%
Test Loss: 0.613 | Test Acc: 0.79%
Best Acc: 0.82

Epoch: 47
Training: 100%|██████████| 391/391 [00:24<00:00, 15.75it/s]
Testing: 100%|██████████| 79/79 [00:01<00:00, 40.89it/s]
Train Loss: 0.547 | Train Acc: 0.81%
Test Loss: 0.611 | Test Acc: 0.79%
Best Acc: 0.82

Epoch: 48
Training: 100%|██████████| 391/391 [00:24<00:00, 15.95it/s]
Testing: 100%|██████████| 79/79 [00:02<00:00, 39.42it/s]
Train Loss: 0.544 | Train Acc: 0.81%
Test Loss: 0.606 | Test Acc: 0.79%
Best Acc: 0.82

Epoch: 49
Training: 100%|██████████| 391/391 [00:24<00:00, 16.02it/s]
Testing: 100%|██████████| 79/79 [00:02<00:00, 34.56it/s]
Train Loss: 0.537 | Train Acc: 0.81%
Test Loss: 0.609 | Test Acc: 0.79%
Best Acc: 0.82

Epoch: 50
Training: 100%|██████████| 391/391 [00:24<00:00, 16.07it/s]
Testing: 100%|██████████| 79/79 [00:01<00:00, 42.44it/s]
Train Loss: 0.538 | Train Acc: 0.81%
Test Loss: 0.608 | Test Acc: 0.80%
Best Acc: 0.82
