training: 100%|██████████| 704/704 [10:41<00:00,  1.10it/s, loss=2.0063, acc=0.38]
evaluating: 100%|██████████| 79/79 [00:19<00:00,  4.12it/s, loss=1.6850, acc=0.42]
epoch: 1/8
train loss: 2.0063 | train acc: 0.38
val loss: 1.6850 | val acc: 0.42
--------------------------------------------------
training: 100%|██████████| 704/704 [10:33<00:00,  1.11it/s, loss=1.4533, acc=0.47]
evaluating: 100%|██████████| 79/79 [00:18<00:00,  4.17it/s, loss=1.4415, acc=0.47]
epoch: 2/8
train loss: 1.4533 | train acc: 0.47
val loss: 1.4415 | val acc: 0.47
--------------------------------------------------
training: 100%|██████████| 704/704 [10:33<00:00,  1.11it/s, loss=1.3199, acc=0.52]
evaluating: 100%|██████████| 79/79 [00:19<00:00,  4.14it/s, loss=1.3124, acc=0.53]
epoch: 3/8
train loss: 1.3199 | train acc: 0.52
val loss: 1.3124 | val acc: 0.53
--------------------------------------------------
training: 100%|██████████| 704/704 [10:30<00:00,  1.12it/s, loss=1.2171, acc=0.56]
evaluating: 100%|██████████| 79/79 [00:18<00:00,  4.24it/s, loss=1.2279, acc=0.56]
epoch: 4/8
train loss: 1.2171 | train acc: 0.56
val loss: 1.2279 | val acc: 0.56
--------------------------------------------------
training: 100%|██████████| 704/704 [10:17<00:00,  1.14it/s, loss=1.1102, acc=0.60]
evaluating: 100%|██████████| 79/79 [00:18<00:00,  4.26it/s, loss=1.1888, acc=0.58]
epoch: 5/8
train loss: 1.1102 | train acc: 0.60
val loss: 1.1888 | val acc: 0.58
--------------------------------------------------
training: 100%|██████████| 704/704 [10:17<00:00,  1.14it/s, loss=0.9819, acc=0.65]
evaluating: 100%|██████████| 79/79 [00:18<00:00,  4.25it/s, loss=1.0924, acc=0.61]
epoch: 6/8
train loss: 0.9819 | train acc: 0.65
val loss: 1.0924 | val acc: 0.61
--------------------------------------------------
training: 100%|██████████| 704/704 [10:17<00:00,  1.14it/s, loss=0.8219, acc=0.71]
evaluating: 100%|██████████| 79/79 [00:18<00:00,  4.25it/s, loss=1.0730, acc=0.63]
epoch: 7/8
train loss: 0.8219 | train acc: 0.71
val loss: 1.0730 | val acc: 0.63
--------------------------------------------------
training: 100%|██████████| 704/704 [10:17<00:00,  1.14it/s, loss=0.6658, acc=0.77]
evaluating: 100%|██████████| 79/79 [00:18<00:00,  4.26it/s, loss=1.0480, acc=0.64]
epoch: 8/8
train loss: 0.6658 | train acc: 0.77
val loss: 1.0480 | val acc: 0.64
--------------------------------------------------
<ipython-input-2-c4aa61b39724>:167: FutureWarning: You are using `torch.load` with `weights_only=False` (the current default value), which uses the default pickle module implicitly. It is possible to construct malicious pickle data which will execute arbitrary code during unpickling (See https://github.com/pytorch/pytorch/blob/main/SECURITY.md#untrusted-models for more details). In a future release, the default value for `weights_only` will be flipped to `True`. This limits the functions that could be executed during unpickling. Arbitrary objects will no longer be allowed to be loaded via this mode unless they are explicitly allowlisted by the user via `torch.serialization.add_safe_globals`. We recommend you start setting `weights_only=True` for any use case where you don't have full control of the loaded file. Please open an issue on GitHub for any issues related to this experimental feature.
  model.load_state_dict(torch.load('best_model.pth'))
evaluating: 100%|██████████| 157/157 [00:37<00:00,  4.23it/s, loss=1.0738, acc=0.64]
test loss: 1.0738 | test acc: 0.64
